[10/09/2022 13:28:49 INFO]: 
_________________________________________________

[10/09/2022 13:28:49 INFO]: train_model.py main() running.
[10/09/2022 13:28:49 INFO]: problem:
  hyp:
    alpha: 0
    clip: 1
    epochs: 150
    lr: 0.001
    lr_decay: step
    lr_factor: 0.1
    lr_schedule:
    - 60
    - 100
    lr_throttle: false
    optimizer: adam
    save_period: -1
    test_batch_size: 500
    test_mode: default
    train_batch_size: 100
    train_mode: progressive
    val_period: 20
    warmup_period: 10
  model:
    model: dt_net_recall_1d
    model_path: null
    width: 400
    max_iters: 30
    test_iterations:
      low: 30
      high: 40
  name: prefix_sums
  test_data: 512
  train_data: 32
train_log: train_log
name: prefix_sums_ablation
run_id: peeling-Betzaida

Files already downloaded and verified
Loading data with 32 bits.
Files already downloaded and verified
Loading data with 512 bits.
[10/09/2022 13:28:53 INFO]: This dt_net_recall_1d has 3.124 million parameters.
[10/09/2022 13:28:53 INFO]: Training will start at epoch 0.
[10/09/2022 13:28:53 INFO]: ==> Starting training for 150 epochs...
[10/09/2022 13:29:16 INFO]: Training loss at epoch 0: 0.692597821354866
[10/09/2022 13:29:16 INFO]: Training accuracy at epoch 0: 0.0125
[10/09/2022 13:29:16 INFO]: Val accuracy at epoch 0: 0.0
[10/09/2022 13:29:16 INFO]: Saving model to: model_best.pth
[10/09/2022 13:29:38 INFO]: Training loss at epoch 1: 0.6739255256950856
[10/09/2022 13:29:38 INFO]: Training accuracy at epoch 1: 0.0125
[10/09/2022 13:29:38 INFO]: Val accuracy at epoch 1: 0.0
[10/09/2022 13:29:38 INFO]: Saving model to: model_.pth
[10/09/2022 13:30:01 INFO]: Training loss at epoch 2: 0.5685982719063759
[10/09/2022 13:30:01 INFO]: Training accuracy at epoch 2: 0.075
[10/09/2022 13:30:01 INFO]: Val accuracy at epoch 2: 0.15000000596046448
[10/09/2022 13:30:01 INFO]: Saving model to: model_best.pth
[10/09/2022 13:30:24 INFO]: Training loss at epoch 3: 0.4100700989591132
[10/09/2022 13:30:24 INFO]: Training accuracy at epoch 3: 44.8625
[10/09/2022 13:30:24 INFO]: Val accuracy at epoch 3: 100.0
[10/09/2022 13:30:24 INFO]: Saving model to: model_best.pth
[10/09/2022 13:30:47 INFO]: Training loss at epoch 4: 0.00018306488104826712
[10/09/2022 13:30:47 INFO]: Training accuracy at epoch 4: 99.9875
[10/09/2022 13:30:47 INFO]: Val accuracy at epoch 4: 100.0
[10/09/2022 13:30:47 INFO]: Saving model to: model_.pth
[10/09/2022 13:31:10 INFO]: Training loss at epoch 5: 3.4576893449411726e-05
[10/09/2022 13:31:10 INFO]: Training accuracy at epoch 5: 100.0
[10/09/2022 13:31:10 INFO]: Val accuracy at epoch 5: 100.0
[10/09/2022 13:31:10 INFO]: Saving model to: model_.pth
[10/09/2022 13:31:33 INFO]: Training loss at epoch 6: 2.1194779162669874e-05
[10/09/2022 13:31:33 INFO]: Training accuracy at epoch 6: 100.0
[10/09/2022 13:31:33 INFO]: Val accuracy at epoch 6: 100.0
[10/09/2022 13:31:33 INFO]: Saving model to: model_.pth
[10/09/2022 13:31:56 INFO]: Training loss at epoch 7: 0.22863077835669401
[10/09/2022 13:31:56 INFO]: Training accuracy at epoch 7: 94.575
[10/09/2022 13:31:56 INFO]: Val accuracy at epoch 7: 100.0
[10/09/2022 13:31:56 INFO]: Saving model to: model_.pth
[10/09/2022 13:32:18 INFO]: Training loss at epoch 8: 0.028882864280240027
[10/09/2022 13:32:18 INFO]: Training accuracy at epoch 8: 99.2625
[10/09/2022 13:32:18 INFO]: Val accuracy at epoch 8: 100.0
[10/09/2022 13:32:18 INFO]: Saving model to: model_.pth
[10/09/2022 13:32:41 INFO]: Training loss at epoch 9: 0.0012337394146925361
[10/09/2022 13:32:41 INFO]: Training accuracy at epoch 9: 99.975
[10/09/2022 13:32:41 INFO]: Val accuracy at epoch 9: 100.0
[10/09/2022 13:32:41 INFO]: Saving model to: model_.pth
[10/09/2022 13:33:07 INFO]: Training loss at epoch 10: 6.945056161384855e-05
[10/09/2022 13:33:07 INFO]: Training accuracy at epoch 10: 100.0
[10/09/2022 13:33:07 INFO]: Val accuracy at epoch 10: 100.0
[10/09/2022 13:33:07 INFO]: Saving model to: model_.pth
[10/09/2022 13:33:29 INFO]: Training loss at epoch 11: 0.09446708078429537
[10/09/2022 13:33:29 INFO]: Training accuracy at epoch 11: 96.0375
[10/09/2022 13:33:29 INFO]: Val accuracy at epoch 11: 100.0
[10/09/2022 13:33:30 INFO]: Saving model to: model_.pth
[10/09/2022 13:33:52 INFO]: Training loss at epoch 12: 0.0038901282805454684
[10/09/2022 13:33:52 INFO]: Training accuracy at epoch 12: 99.8625
[10/09/2022 13:33:52 INFO]: Val accuracy at epoch 12: 100.0
[10/09/2022 13:33:52 INFO]: Saving model to: model_.pth
[10/09/2022 13:34:14 INFO]: Training loss at epoch 13: 0.00015361180558102206
[10/09/2022 13:34:14 INFO]: Training accuracy at epoch 13: 99.9875
[10/09/2022 13:34:14 INFO]: Val accuracy at epoch 13: 100.0
[10/09/2022 13:34:14 INFO]: Saving model to: model_.pth
[10/09/2022 13:34:40 INFO]: Training loss at epoch 14: 0.0001124032361076388
[10/09/2022 13:34:40 INFO]: Training accuracy at epoch 14: 100.0
[10/09/2022 13:34:40 INFO]: Val accuracy at epoch 14: 100.0
[10/09/2022 13:34:40 INFO]: Saving model to: model_.pth
[10/09/2022 13:35:02 INFO]: Training loss at epoch 15: 0.12626016659951347
[10/09/2022 13:35:02 INFO]: Training accuracy at epoch 15: 98.1
[10/09/2022 13:35:02 INFO]: Val accuracy at epoch 15: 100.0
[10/09/2022 13:35:02 INFO]: Saving model to: model_.pth
[10/09/2022 13:35:25 INFO]: Training loss at epoch 16: 0.00011567766185862637
[10/09/2022 13:35:25 INFO]: Training accuracy at epoch 16: 99.9625
[10/09/2022 13:35:25 INFO]: Val accuracy at epoch 16: 100.0
[10/09/2022 13:35:25 INFO]: Saving model to: model_.pth
[10/09/2022 13:35:47 INFO]: Training loss at epoch 17: 8.094211975731013e-05
[10/09/2022 13:35:47 INFO]: Training accuracy at epoch 17: 100.0
[10/09/2022 13:35:47 INFO]: Val accuracy at epoch 17: 100.0
[10/09/2022 13:35:47 INFO]: Saving model to: model_.pth
[10/09/2022 13:36:10 INFO]: Training loss at epoch 18: 5.6728417462181824e-05
[10/09/2022 13:36:10 INFO]: Training accuracy at epoch 18: 100.0
[10/09/2022 13:36:10 INFO]: Val accuracy at epoch 18: 100.0
[10/09/2022 13:36:10 INFO]: Saving model to: model_.pth
[10/09/2022 13:36:35 INFO]: Training loss at epoch 19: 0.04030491838548187
[10/09/2022 13:36:35 INFO]: Training accuracy at epoch 19: 96.0625
[10/09/2022 13:36:35 INFO]: Val accuracy at epoch 19: 100.0
[10/09/2022 13:39:05 INFO]: Training accuracy: {30: 100.0, 31: 100.0, 32: 100.0, 33: 100.0, 34: 100.0, 35: 100.0, 36: 100.0, 37: 100.0, 38: 100.0, 39: 100.0, 40: 100.0}
[10/09/2022 13:39:05 INFO]: Val accuracy: {30: 100.0, 31: 100.0, 32: 100.0, 33: 100.0, 34: 100.0, 35: 100.0, 36: 100.0, 37: 100.0, 38: 100.0, 39: 100.0, 40: 100.0}
[10/09/2022 13:39:05 INFO]: Test accuracy (hard data): {30: 0.0, 31: 0.0, 32: 0.0, 33: 0.0, 34: 0.0, 35: 0.0, 36: 0.0, 37: 0.0, 38: 0.0, 39: 0.0, 40: 0.0}
[10/09/2022 13:39:05 INFO]: Saving model to: model_.pth
[10/09/2022 13:39:27 INFO]: Training loss at epoch 20: 3.9888845003588357e-05
[10/09/2022 13:39:27 INFO]: Training accuracy at epoch 20: 100.0
[10/09/2022 13:39:27 INFO]: Val accuracy at epoch 20: 100.0
[10/09/2022 13:39:27 INFO]: Saving model to: model_.pth
[10/09/2022 13:39:50 INFO]: Training loss at epoch 21: 5.247196786513086e-05
[10/09/2022 13:39:50 INFO]: Training accuracy at epoch 21: 100.0
[10/09/2022 13:39:50 INFO]: Val accuracy at epoch 21: 100.0
[10/09/2022 13:39:50 INFO]: Saving model to: model_.pth
[10/09/2022 13:40:12 INFO]: Training loss at epoch 22: 0.012934865040324438
[10/09/2022 13:40:12 INFO]: Training accuracy at epoch 22: 99.3875
[10/09/2022 13:40:12 INFO]: Val accuracy at epoch 22: 100.0
[10/09/2022 13:40:12 INFO]: Saving model to: model_.pth
[10/09/2022 13:40:35 INFO]: Training loss at epoch 23: 9.179985654554912e-05
[10/09/2022 13:40:35 INFO]: Training accuracy at epoch 23: 100.0
[10/09/2022 13:40:35 INFO]: Val accuracy at epoch 23: 100.0
[10/09/2022 13:40:35 INFO]: Saving model to: model_.pth
[10/09/2022 13:40:57 INFO]: Training loss at epoch 24: 5.8086941589863275e-05
[10/09/2022 13:40:57 INFO]: Training accuracy at epoch 24: 100.0
[10/09/2022 13:40:57 INFO]: Val accuracy at epoch 24: 100.0
[10/09/2022 13:40:57 INFO]: Saving model to: model_.pth
[10/09/2022 13:41:20 INFO]: Training loss at epoch 25: 0.10820044430529378
[10/09/2022 13:41:20 INFO]: Training accuracy at epoch 25: 94.9125
[10/09/2022 13:41:20 INFO]: Val accuracy at epoch 25: 99.8499984741211
[10/09/2022 13:41:20 INFO]: Saving model to: model_.pth
[10/09/2022 13:41:42 INFO]: Training loss at epoch 26: 0.008502726963433816
[10/09/2022 13:41:42 INFO]: Training accuracy at epoch 26: 99.625
[10/09/2022 13:41:42 INFO]: Val accuracy at epoch 26: 100.0
[10/09/2022 13:41:42 INFO]: Saving model to: model_.pth
[10/09/2022 13:42:04 INFO]: Training loss at epoch 27: 8.595265639996797e-05
[10/09/2022 13:42:04 INFO]: Training accuracy at epoch 27: 99.9875
[10/09/2022 13:42:04 INFO]: Val accuracy at epoch 27: 100.0
[10/09/2022 13:42:04 INFO]: Saving model to: model_.pth
[10/09/2022 13:42:26 INFO]: Training loss at epoch 28: 3.547890208324134e-05
[10/09/2022 13:42:26 INFO]: Training accuracy at epoch 28: 100.0
[10/09/2022 13:42:26 INFO]: Val accuracy at epoch 28: 100.0
[10/09/2022 13:42:26 INFO]: Saving model to: model_.pth
[10/09/2022 13:42:49 INFO]: Training loss at epoch 29: 1.717755426682288e-05
[10/09/2022 13:42:49 INFO]: Training accuracy at epoch 29: 100.0
[10/09/2022 13:42:49 INFO]: Val accuracy at epoch 29: 100.0
[10/09/2022 13:42:49 INFO]: Saving model to: model_.pth
[10/09/2022 13:43:14 INFO]: Training loss at epoch 30: 0.0004109970260344653
[10/09/2022 13:43:14 INFO]: Training accuracy at epoch 30: 99.975
[10/09/2022 13:43:14 INFO]: Val accuracy at epoch 30: 100.0
[10/09/2022 13:43:14 INFO]: Saving model to: model_.pth
[10/09/2022 13:43:37 INFO]: Training loss at epoch 31: 4.041051502099435e-05
[10/09/2022 13:43:37 INFO]: Training accuracy at epoch 31: 100.0
[10/09/2022 13:43:37 INFO]: Val accuracy at epoch 31: 100.0
[10/09/2022 13:43:37 INFO]: Saving model to: model_.pth
[10/09/2022 13:43:59 INFO]: Training loss at epoch 32: 1.9485228085613927e-05
[10/09/2022 13:43:59 INFO]: Training accuracy at epoch 32: 100.0
[10/09/2022 13:43:59 INFO]: Val accuracy at epoch 32: 100.0
[10/09/2022 13:43:59 INFO]: Saving model to: model_.pth
[10/09/2022 13:44:21 INFO]: Training loss at epoch 33: 6.114024551493458e-05
[10/09/2022 13:44:21 INFO]: Training accuracy at epoch 33: 100.0
[10/09/2022 13:44:21 INFO]: Val accuracy at epoch 33: 100.0
[10/09/2022 13:44:21 INFO]: Saving model to: model_.pth
[10/09/2022 13:44:46 INFO]: Training loss at epoch 34: 2.2025878581644066e-05
[10/09/2022 13:44:46 INFO]: Training accuracy at epoch 34: 100.0
[10/09/2022 13:44:46 INFO]: Val accuracy at epoch 34: 100.0
[10/09/2022 13:44:46 INFO]: Saving model to: model_.pth
[10/09/2022 13:45:08 INFO]: Training loss at epoch 35: 0.08543964157098571
[10/09/2022 13:45:08 INFO]: Training accuracy at epoch 35: 98.6375
[10/09/2022 13:45:08 INFO]: Val accuracy at epoch 35: 100.0
[10/09/2022 13:45:08 INFO]: Saving model to: model_.pth
[10/09/2022 13:45:30 INFO]: Training loss at epoch 36: 9.368588115421516e-06
[10/09/2022 13:45:30 INFO]: Training accuracy at epoch 36: 100.0
[10/09/2022 13:45:30 INFO]: Val accuracy at epoch 36: 100.0
[10/09/2022 13:45:30 INFO]: Saving model to: model_.pth
[10/09/2022 13:45:53 INFO]: Training loss at epoch 37: 2.048555786586803e-05
[10/09/2022 13:45:53 INFO]: Training accuracy at epoch 37: 100.0
[10/09/2022 13:45:53 INFO]: Val accuracy at epoch 37: 100.0
[10/09/2022 13:45:53 INFO]: Saving model to: model_.pth
[10/09/2022 13:46:22 INFO]: Training loss at epoch 38: 1.518917453040558e-05
[10/09/2022 13:46:22 INFO]: Training accuracy at epoch 38: 100.0
[10/09/2022 13:46:22 INFO]: Val accuracy at epoch 38: 100.0
[10/09/2022 13:46:22 INFO]: Saving model to: model_.pth
[10/09/2022 13:46:45 INFO]: Training loss at epoch 39: 1.2481978887990409e-05
[10/09/2022 13:46:45 INFO]: Training accuracy at epoch 39: 100.0
[10/09/2022 13:46:45 INFO]: Val accuracy at epoch 39: 100.0
[10/09/2022 13:49:15 INFO]: Training accuracy: {30: 100.0, 31: 100.0, 32: 100.0, 33: 100.0, 34: 100.0, 35: 100.0, 36: 100.0, 37: 100.0, 38: 100.0, 39: 100.0, 40: 100.0}
[10/09/2022 13:49:15 INFO]: Val accuracy: {30: 100.0, 31: 100.0, 32: 100.0, 33: 100.0, 34: 100.0, 35: 100.0, 36: 100.0, 37: 100.0, 38: 100.0, 39: 100.0, 40: 100.0}
[10/09/2022 13:49:15 INFO]: Test accuracy (hard data): {30: 0.0, 31: 0.0, 32: 0.0, 33: 0.0, 34: 0.0, 35: 0.0, 36: 0.0, 37: 0.0, 38: 0.0, 39: 0.0, 40: 0.0}
[10/09/2022 13:49:15 INFO]: Saving model to: model_.pth
[10/09/2022 13:49:37 INFO]: Training loss at epoch 40: 1.4485301419963208
[10/09/2022 13:49:37 INFO]: Training accuracy at epoch 40: 97.625
[10/09/2022 13:49:37 INFO]: Val accuracy at epoch 40: 98.5999984741211
[10/09/2022 13:49:37 INFO]: Saving model to: model_.pth
[10/09/2022 13:50:00 INFO]: Training loss at epoch 41: 0.002824029034150044
[10/09/2022 13:50:00 INFO]: Training accuracy at epoch 41: 99.75
[10/09/2022 13:50:00 INFO]: Val accuracy at epoch 41: 100.0
[10/09/2022 13:50:00 INFO]: Saving model to: model_.pth
[10/09/2022 13:50:22 INFO]: Training loss at epoch 42: 2.6503169556235663e-05
[10/09/2022 13:50:22 INFO]: Training accuracy at epoch 42: 100.0
[10/09/2022 13:50:22 INFO]: Val accuracy at epoch 42: 100.0
[10/09/2022 13:50:22 INFO]: Saving model to: model_.pth
[10/09/2022 13:50:45 INFO]: Training loss at epoch 43: 1.6921908695621823e-05
[10/09/2022 13:50:45 INFO]: Training accuracy at epoch 43: 100.0
[10/09/2022 13:50:45 INFO]: Val accuracy at epoch 43: 100.0
[10/09/2022 13:50:45 INFO]: Saving model to: model_.pth
[10/09/2022 13:51:07 INFO]: Training loss at epoch 44: 0.005261972473317655
[10/09/2022 13:51:07 INFO]: Training accuracy at epoch 44: 99.4
[10/09/2022 13:51:07 INFO]: Val accuracy at epoch 44: 100.0
[10/09/2022 13:51:07 INFO]: Saving model to: model_.pth
[10/09/2022 13:51:29 INFO]: Training loss at epoch 45: 5.740512588090496e-05
[10/09/2022 13:51:29 INFO]: Training accuracy at epoch 45: 100.0
[10/09/2022 13:51:29 INFO]: Val accuracy at epoch 45: 100.0
[10/09/2022 13:51:29 INFO]: Saving model to: model_.pth
[10/09/2022 13:51:53 INFO]: Training loss at epoch 46: 3.832437066648708e-05
[10/09/2022 13:51:53 INFO]: Training accuracy at epoch 46: 100.0
[10/09/2022 13:51:53 INFO]: Val accuracy at epoch 46: 100.0
[10/09/2022 13:51:53 INFO]: Saving model to: model_.pth
[10/09/2022 13:52:15 INFO]: Training loss at epoch 47: 4.413532923308594e-05
[10/09/2022 13:52:15 INFO]: Training accuracy at epoch 47: 100.0
[10/09/2022 13:52:15 INFO]: Val accuracy at epoch 47: 100.0
[10/09/2022 13:52:15 INFO]: Saving model to: model_.pth
[10/09/2022 13:52:37 INFO]: Training loss at epoch 48: 1.5759610732857254e-05
[10/09/2022 13:52:37 INFO]: Training accuracy at epoch 48: 100.0
[10/09/2022 13:52:37 INFO]: Val accuracy at epoch 48: 100.0
[10/09/2022 13:52:37 INFO]: Saving model to: model_.pth
[10/09/2022 13:53:00 INFO]: Training loss at epoch 49: 1.671960831117758e-05
[10/09/2022 13:53:00 INFO]: Training accuracy at epoch 49: 100.0
[10/09/2022 13:53:00 INFO]: Val accuracy at epoch 49: 100.0
[10/09/2022 13:53:00 INFO]: Saving model to: model_.pth
[10/09/2022 13:53:22 INFO]: Training loss at epoch 50: 0.05390505049217609
[10/09/2022 13:53:22 INFO]: Training accuracy at epoch 50: 98.6375
[10/09/2022 13:53:22 INFO]: Val accuracy at epoch 50: 100.0
[10/09/2022 13:53:22 INFO]: Saving model to: model_.pth
[10/09/2022 13:53:44 INFO]: Training loss at epoch 51: 2.9769196817142075e-05
[10/09/2022 13:53:44 INFO]: Training accuracy at epoch 51: 100.0
[10/09/2022 13:53:44 INFO]: Val accuracy at epoch 51: 100.0
[10/09/2022 13:53:44 INFO]: Saving model to: model_.pth
[10/09/2022 13:54:07 INFO]: Training loss at epoch 52: 2.3931629630169483e-05
[10/09/2022 13:54:07 INFO]: Training accuracy at epoch 52: 100.0
[10/09/2022 13:54:07 INFO]: Val accuracy at epoch 52: 100.0
[10/09/2022 13:54:07 INFO]: Saving model to: model_.pth
[10/09/2022 13:54:29 INFO]: Training loss at epoch 53: 2.0265126397589484e-05
[10/09/2022 13:54:29 INFO]: Training accuracy at epoch 53: 100.0
[10/09/2022 13:54:29 INFO]: Val accuracy at epoch 53: 100.0
[10/09/2022 13:54:29 INFO]: Saving model to: model_.pth
[10/09/2022 13:54:56 INFO]: Training loss at epoch 54: 1.9585167882496536e-05
[10/09/2022 13:54:56 INFO]: Training accuracy at epoch 54: 100.0
[10/09/2022 13:54:56 INFO]: Val accuracy at epoch 54: 100.0
[10/09/2022 13:54:56 INFO]: Saving model to: model_.pth
[10/09/2022 13:55:18 INFO]: Training loss at epoch 55: 0.03033030769904599
[10/09/2022 13:55:18 INFO]: Training accuracy at epoch 55: 98.675
[10/09/2022 13:55:18 INFO]: Val accuracy at epoch 55: 100.0
[10/09/2022 13:55:18 INFO]: Saving model to: model_.pth
[10/09/2022 13:55:41 INFO]: Training loss at epoch 56: 2.2520531024383673e-05
[10/09/2022 13:55:41 INFO]: Training accuracy at epoch 56: 100.0
[10/09/2022 13:55:41 INFO]: Val accuracy at epoch 56: 100.0
[10/09/2022 13:55:41 INFO]: Saving model to: model_.pth
[10/09/2022 13:56:04 INFO]: Training loss at epoch 57: 0.0001762910131787976
[10/09/2022 13:56:04 INFO]: Training accuracy at epoch 57: 99.9875
[10/09/2022 13:56:04 INFO]: Val accuracy at epoch 57: 100.0
[10/09/2022 13:56:04 INFO]: Saving model to: model_.pth
[10/09/2022 13:56:27 INFO]: Training loss at epoch 58: 3.008446667536191e-05
[10/09/2022 13:56:27 INFO]: Training accuracy at epoch 58: 100.0
[10/09/2022 13:56:27 INFO]: Val accuracy at epoch 58: 100.0
[10/09/2022 13:56:27 INFO]: Saving model to: model_.pth
[10/09/2022 13:56:50 INFO]: Training loss at epoch 59: 0.002294575473507621
[10/09/2022 13:56:50 INFO]: Training accuracy at epoch 59: 98.9
[10/09/2022 13:56:50 INFO]: Val accuracy at epoch 59: 99.94999694824219
[10/09/2022 13:59:19 INFO]: Training accuracy: {30: 99.9124984741211, 31: 99.9749984741211, 32: 100.0, 33: 100.0, 34: 100.0, 35: 100.0, 36: 100.0, 37: 100.0, 38: 100.0, 39: 100.0, 40: 100.0}
[10/09/2022 13:59:19 INFO]: Val accuracy: {30: 99.94999694824219, 31: 100.0, 32: 100.0, 33: 100.0, 34: 100.0, 35: 100.0, 36: 100.0, 37: 100.0, 38: 100.0, 39: 100.0, 40: 100.0}
[10/09/2022 13:59:19 INFO]: Test accuracy (hard data): {30: 0.0, 31: 0.0, 32: 0.0, 33: 0.0, 34: 0.0, 35: 0.0, 36: 0.0, 37: 0.0, 38: 0.0, 39: 0.0, 40: 0.0}
[10/09/2022 13:59:19 INFO]: Saving model to: model_.pth
[10/09/2022 13:59:42 INFO]: Training loss at epoch 60: 0.0003523488885093684
[10/09/2022 13:59:42 INFO]: Training accuracy at epoch 60: 99.9875
[10/09/2022 13:59:42 INFO]: Val accuracy at epoch 60: 100.0
[10/09/2022 13:59:42 INFO]: Saving model to: model_.pth
[10/09/2022 14:00:04 INFO]: Training loss at epoch 61: 3.6109359484726156e-05
[10/09/2022 14:00:04 INFO]: Training accuracy at epoch 61: 100.0
[10/09/2022 14:00:04 INFO]: Val accuracy at epoch 61: 100.0
[10/09/2022 14:00:04 INFO]: Saving model to: model_.pth
[10/09/2022 14:00:31 INFO]: Training loss at epoch 62: 2.3128578027353798e-05
[10/09/2022 14:00:31 INFO]: Training accuracy at epoch 62: 100.0
[10/09/2022 14:00:31 INFO]: Val accuracy at epoch 62: 100.0
[10/09/2022 14:00:31 INFO]: Saving model to: model_.pth
[10/09/2022 14:00:53 INFO]: Training loss at epoch 63: 1.6529128947695428e-05
[10/09/2022 14:00:53 INFO]: Training accuracy at epoch 63: 100.0
[10/09/2022 14:00:53 INFO]: Val accuracy at epoch 63: 100.0
[10/09/2022 14:00:53 INFO]: Saving model to: model_.pth
[10/09/2022 14:01:15 INFO]: Training loss at epoch 64: 1.2406329403802374e-05
[10/09/2022 14:01:15 INFO]: Training accuracy at epoch 64: 100.0
[10/09/2022 14:01:15 INFO]: Val accuracy at epoch 64: 100.0
[10/09/2022 14:01:15 INFO]: Saving model to: model_.pth
[10/09/2022 14:01:38 INFO]: Training loss at epoch 65: 9.760044463291706e-06
[10/09/2022 14:01:38 INFO]: Training accuracy at epoch 65: 100.0
[10/09/2022 14:01:38 INFO]: Val accuracy at epoch 65: 100.0
[10/09/2022 14:01:38 INFO]: Saving model to: model_.pth
[10/09/2022 14:02:07 INFO]: Training loss at epoch 66: 7.680831669176768e-06
[10/09/2022 14:02:07 INFO]: Training accuracy at epoch 66: 100.0
[10/09/2022 14:02:07 INFO]: Val accuracy at epoch 66: 100.0
[10/09/2022 14:02:07 INFO]: Saving model to: model_.pth
[10/09/2022 14:02:29 INFO]: Training loss at epoch 67: 6.778398648066286e-06
[10/09/2022 14:02:29 INFO]: Training accuracy at epoch 67: 100.0
[10/09/2022 14:02:29 INFO]: Val accuracy at epoch 67: 100.0
[10/09/2022 14:02:29 INFO]: Saving model to: model_.pth
[10/09/2022 14:02:51 INFO]: Training loss at epoch 68: 6.108839221496964e-06
[10/09/2022 14:02:51 INFO]: Training accuracy at epoch 68: 100.0
[10/09/2022 14:02:51 INFO]: Val accuracy at epoch 68: 100.0
[10/09/2022 14:02:51 INFO]: Saving model to: model_.pth
[10/09/2022 14:03:14 INFO]: Training loss at epoch 69: 8.1530657496387e-06
[10/09/2022 14:03:14 INFO]: Training accuracy at epoch 69: 100.0
[10/09/2022 14:03:14 INFO]: Val accuracy at epoch 69: 100.0
[10/09/2022 14:03:14 INFO]: Saving model to: model_.pth
[10/09/2022 14:03:39 INFO]: Training loss at epoch 70: 6.528309529585385e-06
[10/09/2022 14:03:39 INFO]: Training accuracy at epoch 70: 100.0
[10/09/2022 14:03:39 INFO]: Val accuracy at epoch 70: 100.0
[10/09/2022 14:03:39 INFO]: Saving model to: model_.pth
[10/09/2022 14:04:03 INFO]: Training loss at epoch 71: 7.74871403450561e-06
[10/09/2022 14:04:03 INFO]: Training accuracy at epoch 71: 100.0
[10/09/2022 14:04:03 INFO]: Val accuracy at epoch 71: 100.0
[10/09/2022 14:04:03 INFO]: Saving model to: model_.pth
[10/09/2022 14:04:26 INFO]: Training loss at epoch 72: 1.0203598696989502e-05
[10/09/2022 14:04:26 INFO]: Training accuracy at epoch 72: 100.0
[10/09/2022 14:04:26 INFO]: Val accuracy at epoch 72: 100.0
[10/09/2022 14:04:26 INFO]: Saving model to: model_.pth
[10/09/2022 14:04:48 INFO]: Training loss at epoch 73: 0.0003541089027976341
[10/09/2022 14:04:48 INFO]: Training accuracy at epoch 73: 99.975
[10/09/2022 14:04:48 INFO]: Val accuracy at epoch 73: 100.0
[10/09/2022 14:04:48 INFO]: Saving model to: model_.pth
[10/09/2022 14:05:11 INFO]: Training loss at epoch 74: 1.2217122559832205e-05
[10/09/2022 14:05:11 INFO]: Training accuracy at epoch 74: 100.0
[10/09/2022 14:05:11 INFO]: Val accuracy at epoch 74: 100.0
[10/09/2022 14:05:11 INFO]: Saving model to: model_.pth
[10/09/2022 14:05:33 INFO]: Training loss at epoch 75: 8.173508223308091e-06
[10/09/2022 14:05:33 INFO]: Training accuracy at epoch 75: 100.0
[10/09/2022 14:05:33 INFO]: Val accuracy at epoch 75: 100.0
[10/09/2022 14:05:33 INFO]: Saving model to: model_.pth
[10/09/2022 14:05:56 INFO]: Training loss at epoch 76: 8.3573413405702e-06
[10/09/2022 14:05:56 INFO]: Training accuracy at epoch 76: 100.0
[10/09/2022 14:05:56 INFO]: Val accuracy at epoch 76: 100.0
[10/09/2022 14:05:56 INFO]: Saving model to: model_.pth
[10/09/2022 14:06:18 INFO]: Training loss at epoch 77: 9.883141711952703e-06
[10/09/2022 14:06:18 INFO]: Training accuracy at epoch 77: 100.0
[10/09/2022 14:06:18 INFO]: Val accuracy at epoch 77: 100.0
[10/09/2022 14:06:18 INFO]: Saving model to: model_.pth
[10/09/2022 14:06:41 INFO]: Training loss at epoch 78: 1.0966233901399391e-05
[10/09/2022 14:06:41 INFO]: Training accuracy at epoch 78: 100.0
[10/09/2022 14:06:41 INFO]: Val accuracy at epoch 78: 100.0
[10/09/2022 14:06:41 INFO]: Saving model to: model_.pth
[10/09/2022 14:07:04 INFO]: Training loss at epoch 79: 1.1436432112077455e-05
[10/09/2022 14:07:04 INFO]: Training accuracy at epoch 79: 100.0
[10/09/2022 14:07:04 INFO]: Val accuracy at epoch 79: 100.0
[10/09/2022 14:09:34 INFO]: Training accuracy: {30: 100.0, 31: 100.0, 32: 100.0, 33: 100.0, 34: 100.0, 35: 99.92500305175781, 36: 97.4749984741211, 37: 89.05000305175781, 38: 74.36250305175781, 39: 57.76250076293945, 40: 42.537498474121094}
[10/09/2022 14:09:34 INFO]: Val accuracy: {30: 100.0, 31: 100.0, 32: 100.0, 33: 100.0, 34: 100.0, 35: 99.94999694824219, 36: 97.4000015258789, 37: 88.30000305175781, 38: 74.6500015258789, 39: 58.349998474121094, 40: 43.0}
[10/09/2022 14:09:34 INFO]: Test accuracy (hard data): {30: 0.0, 31: 0.0, 32: 0.0, 33: 0.0, 34: 0.0, 35: 0.0, 36: 0.0, 37: 0.0, 38: 0.0, 39: 0.0, 40: 0.0}
[10/09/2022 14:09:34 INFO]: Saving model to: model_.pth
[10/09/2022 14:09:57 INFO]: Training loss at epoch 80: 1.1706196130489843e-05
[10/09/2022 14:09:57 INFO]: Training accuracy at epoch 80: 100.0
[10/09/2022 14:09:57 INFO]: Val accuracy at epoch 80: 100.0
[10/09/2022 14:09:57 INFO]: Saving model to: model_.pth
[10/09/2022 14:10:21 INFO]: Training loss at epoch 81: 1.2509527704196443e-05
[10/09/2022 14:10:21 INFO]: Training accuracy at epoch 81: 100.0
[10/09/2022 14:10:21 INFO]: Val accuracy at epoch 81: 100.0
[10/09/2022 14:10:21 INFO]: Saving model to: model_.pth
[10/09/2022 14:10:43 INFO]: Training loss at epoch 82: 9.902078778623035e-06
[10/09/2022 14:10:43 INFO]: Training accuracy at epoch 82: 100.0
[10/09/2022 14:10:43 INFO]: Val accuracy at epoch 82: 100.0
[10/09/2022 14:10:43 INFO]: Saving model to: model_.pth
[10/09/2022 14:11:05 INFO]: Training loss at epoch 83: 1.074403353982234e-05
[10/09/2022 14:11:05 INFO]: Training accuracy at epoch 83: 100.0
[10/09/2022 14:11:05 INFO]: Val accuracy at epoch 83: 100.0
[10/09/2022 14:11:05 INFO]: Saving model to: model_.pth
[10/09/2022 14:11:28 INFO]: Training loss at epoch 84: 9.345544987127141e-06
[10/09/2022 14:11:28 INFO]: Training accuracy at epoch 84: 100.0
[10/09/2022 14:11:28 INFO]: Val accuracy at epoch 84: 100.0
[10/09/2022 14:11:28 INFO]: Saving model to: model_.pth
[10/09/2022 14:11:50 INFO]: Training loss at epoch 85: 7.994806628630613e-06
[10/09/2022 14:11:50 INFO]: Training accuracy at epoch 85: 100.0
[10/09/2022 14:11:50 INFO]: Val accuracy at epoch 85: 100.0
[10/09/2022 14:11:50 INFO]: Saving model to: model_.pth
[10/09/2022 14:12:13 INFO]: Training loss at epoch 86: 8.28184192300796e-06
[10/09/2022 14:12:13 INFO]: Training accuracy at epoch 86: 100.0
[10/09/2022 14:12:13 INFO]: Val accuracy at epoch 86: 100.0
[10/09/2022 14:12:13 INFO]: Saving model to: model_.pth
[10/09/2022 14:12:35 INFO]: Training loss at epoch 87: 7.103005265207684e-06
[10/09/2022 14:12:35 INFO]: Training accuracy at epoch 87: 100.0
[10/09/2022 14:12:35 INFO]: Val accuracy at epoch 87: 100.0
[10/09/2022 14:12:35 INFO]: Saving model to: model_.pth
[10/09/2022 14:12:57 INFO]: Training loss at epoch 88: 0.04436069055574876
[10/09/2022 14:12:57 INFO]: Training accuracy at epoch 88: 96.9375
[10/09/2022 14:12:57 INFO]: Val accuracy at epoch 88: 100.0
[10/09/2022 14:12:57 INFO]: Saving model to: model_.pth
[10/09/2022 14:13:23 INFO]: Training loss at epoch 89: 8.483963893013424e-06
[10/09/2022 14:13:23 INFO]: Training accuracy at epoch 89: 100.0
[10/09/2022 14:13:23 INFO]: Val accuracy at epoch 89: 100.0
[10/09/2022 14:13:23 INFO]: Saving model to: model_.pth
[10/09/2022 14:13:45 INFO]: Training loss at epoch 90: 6.473993497024821e-06
[10/09/2022 14:13:45 INFO]: Training accuracy at epoch 90: 100.0
[10/09/2022 14:13:45 INFO]: Val accuracy at epoch 90: 100.0
[10/09/2022 14:13:45 INFO]: Saving model to: model_.pth
[10/09/2022 14:14:07 INFO]: Training loss at epoch 91: 4.003911681138561e-06
[10/09/2022 14:14:07 INFO]: Training accuracy at epoch 91: 100.0
[10/09/2022 14:14:07 INFO]: Val accuracy at epoch 91: 100.0
[10/09/2022 14:14:07 INFO]: Saving model to: model_.pth
[10/09/2022 14:14:30 INFO]: Training loss at epoch 92: 4.494442461577819e-06
[10/09/2022 14:14:30 INFO]: Training accuracy at epoch 92: 100.0
[10/09/2022 14:14:30 INFO]: Val accuracy at epoch 92: 100.0
[10/09/2022 14:14:30 INFO]: Saving model to: model_.pth
[10/09/2022 14:14:56 INFO]: Training loss at epoch 93: 2.8166538882601345e-06
[10/09/2022 14:14:56 INFO]: Training accuracy at epoch 93: 100.0
[10/09/2022 14:14:56 INFO]: Val accuracy at epoch 93: 100.0
[10/09/2022 14:14:56 INFO]: Saving model to: model_.pth
[10/09/2022 14:15:19 INFO]: Training loss at epoch 94: 3.718610554415136e-06
[10/09/2022 14:15:19 INFO]: Training accuracy at epoch 94: 100.0
[10/09/2022 14:15:19 INFO]: Val accuracy at epoch 94: 100.0
[10/09/2022 14:15:19 INFO]: Saving model to: model_.pth
[10/09/2022 14:15:41 INFO]: Training loss at epoch 95: 3.2505402117521952e-06
[10/09/2022 14:15:41 INFO]: Training accuracy at epoch 95: 100.0
[10/09/2022 14:15:41 INFO]: Val accuracy at epoch 95: 100.0
[10/09/2022 14:15:41 INFO]: Saving model to: model_.pth
[10/09/2022 14:16:04 INFO]: Training loss at epoch 96: 3.5387044817980496e-06
[10/09/2022 14:16:04 INFO]: Training accuracy at epoch 96: 100.0
[10/09/2022 14:16:04 INFO]: Val accuracy at epoch 96: 100.0
[10/09/2022 14:16:04 INFO]: Saving model to: model_.pth
[10/09/2022 14:16:26 INFO]: Training loss at epoch 97: 0.013076269519595484
[10/09/2022 14:16:26 INFO]: Training accuracy at epoch 97: 98.5125
[10/09/2022 14:16:26 INFO]: Val accuracy at epoch 97: 100.0
[10/09/2022 14:16:26 INFO]: Saving model to: model_.pth
[10/09/2022 14:16:49 INFO]: Training loss at epoch 98: 5.079317423906104e-06
[10/09/2022 14:16:49 INFO]: Training accuracy at epoch 98: 100.0
[10/09/2022 14:16:49 INFO]: Val accuracy at epoch 98: 100.0
[10/09/2022 14:16:49 INFO]: Saving model to: model_.pth
[10/09/2022 14:17:11 INFO]: Training loss at epoch 99: 3.4994636095575515e-06
[10/09/2022 14:17:11 INFO]: Training accuracy at epoch 99: 100.0
[10/09/2022 14:17:11 INFO]: Val accuracy at epoch 99: 100.0
[10/09/2022 14:19:40 INFO]: Training accuracy: {30: 100.0, 31: 100.0, 32: 99.67500305175781, 33: 98.125, 34: 96.13749694824219, 35: 93.0250015258789, 36: 89.0250015258789, 37: 84.82499694824219, 38: 80.6875, 39: 76.80000305175781, 40: 73.3375015258789}
[10/09/2022 14:19:40 INFO]: Val accuracy: {30: 100.0, 31: 100.0, 32: 99.9000015258789, 33: 98.55000305175781, 34: 96.30000305175781, 35: 92.80000305175781, 36: 88.44999694824219, 37: 84.9000015258789, 38: 80.55000305175781, 39: 76.80000305175781, 40: 73.30000305175781}
[10/09/2022 14:19:40 INFO]: Test accuracy (hard data): {30: 0.0, 31: 0.0, 32: 0.0, 33: 0.0, 34: 0.0, 35: 0.0, 36: 0.0, 37: 0.0, 38: 0.0, 39: 0.0, 40: 0.0}
[10/09/2022 14:19:40 INFO]: Saving model to: model_.pth
[10/09/2022 14:20:03 INFO]: Training loss at epoch 100: 2.9266830210872287e-06
[10/09/2022 14:20:03 INFO]: Training accuracy at epoch 100: 100.0
[10/09/2022 14:20:03 INFO]: Val accuracy at epoch 100: 100.0
[10/09/2022 14:20:03 INFO]: Saving model to: model_.pth
[10/09/2022 14:20:30 INFO]: Training loss at epoch 101: 2.935328427611239e-06
[10/09/2022 14:20:30 INFO]: Training accuracy at epoch 101: 100.0
[10/09/2022 14:20:30 INFO]: Val accuracy at epoch 101: 100.0
[10/09/2022 14:20:30 INFO]: Saving model to: model_.pth
[10/09/2022 14:20:52 INFO]: Training loss at epoch 102: 2.942051170862214e-06
[10/09/2022 14:20:52 INFO]: Training accuracy at epoch 102: 100.0
[10/09/2022 14:20:52 INFO]: Val accuracy at epoch 102: 100.0
[10/09/2022 14:20:52 INFO]: Saving model to: model_.pth
[10/09/2022 14:21:14 INFO]: Training loss at epoch 103: 2.9187456775048305e-06
[10/09/2022 14:21:14 INFO]: Training accuracy at epoch 103: 100.0
[10/09/2022 14:21:14 INFO]: Val accuracy at epoch 103: 100.0
[10/09/2022 14:21:14 INFO]: Saving model to: model_.pth
[10/09/2022 14:21:36 INFO]: Training loss at epoch 104: 2.9154855937463254e-06
[10/09/2022 14:21:36 INFO]: Training accuracy at epoch 104: 100.0
[10/09/2022 14:21:36 INFO]: Val accuracy at epoch 104: 100.0
[10/09/2022 14:21:36 INFO]: Saving model to: model_.pth
[10/09/2022 14:22:02 INFO]: Training loss at epoch 105: 2.8659082914828105e-06
[10/09/2022 14:22:02 INFO]: Training accuracy at epoch 105: 100.0
[10/09/2022 14:22:02 INFO]: Val accuracy at epoch 105: 100.0
[10/09/2022 14:22:02 INFO]: Saving model to: model_.pth
[10/09/2022 14:22:25 INFO]: Training loss at epoch 106: 2.84082111789985e-06
[10/09/2022 14:22:25 INFO]: Training accuracy at epoch 106: 100.0
[10/09/2022 14:22:25 INFO]: Val accuracy at epoch 106: 100.0
[10/09/2022 14:22:25 INFO]: Saving model to: model_.pth
[10/09/2022 14:22:47 INFO]: Training loss at epoch 107: 2.8296455170107038e-06
[10/09/2022 14:22:47 INFO]: Training accuracy at epoch 107: 100.0
[10/09/2022 14:22:47 INFO]: Val accuracy at epoch 107: 100.0
[10/09/2022 14:22:47 INFO]: Saving model to: model_.pth
[10/09/2022 14:23:10 INFO]: Training loss at epoch 108: 2.81874410745786e-06
[10/09/2022 14:23:10 INFO]: Training accuracy at epoch 108: 100.0
[10/09/2022 14:23:10 INFO]: Val accuracy at epoch 108: 100.0
[10/09/2022 14:23:10 INFO]: Saving model to: model_.pth
[10/09/2022 14:23:33 INFO]: Training loss at epoch 109: 2.768957948262596e-06
[10/09/2022 14:23:33 INFO]: Training accuracy at epoch 109: 100.0
[10/09/2022 14:23:33 INFO]: Val accuracy at epoch 109: 100.0
[10/09/2022 14:23:33 INFO]: Saving model to: model_.pth
[10/09/2022 14:23:56 INFO]: Training loss at epoch 110: 2.7605641847117114e-06
[10/09/2022 14:23:56 INFO]: Training accuracy at epoch 110: 100.0
[10/09/2022 14:23:56 INFO]: Val accuracy at epoch 110: 100.0
[10/09/2022 14:23:56 INFO]: Saving model to: model_.pth
[10/09/2022 14:24:18 INFO]: Training loss at epoch 111: 2.7395326810619736e-06
[10/09/2022 14:24:18 INFO]: Training accuracy at epoch 111: 100.0
[10/09/2022 14:24:18 INFO]: Val accuracy at epoch 111: 100.0
[10/09/2022 14:24:18 INFO]: Saving model to: model_.pth
[10/09/2022 14:24:40 INFO]: Training loss at epoch 112: 2.702290306899613e-06
[10/09/2022 14:24:40 INFO]: Training accuracy at epoch 112: 100.0
[10/09/2022 14:24:40 INFO]: Val accuracy at epoch 112: 100.0
[10/09/2022 14:24:40 INFO]: Saving model to: model_.pth
[10/09/2022 14:25:03 INFO]: Training loss at epoch 113: 2.684237267658318e-06
[10/09/2022 14:25:03 INFO]: Training accuracy at epoch 113: 100.0
[10/09/2022 14:25:03 INFO]: Val accuracy at epoch 113: 100.0
[10/09/2022 14:25:03 INFO]: Saving model to: model_.pth
[10/09/2022 14:25:25 INFO]: Training loss at epoch 114: 2.669651638598225e-06
[10/09/2022 14:25:25 INFO]: Training accuracy at epoch 114: 100.0
[10/09/2022 14:25:25 INFO]: Val accuracy at epoch 114: 100.0
[10/09/2022 14:25:25 INFO]: Saving model to: model_.pth
[10/09/2022 14:25:48 INFO]: Training loss at epoch 115: 2.641993376073515e-06
[10/09/2022 14:25:48 INFO]: Training accuracy at epoch 115: 100.0
[10/09/2022 14:25:48 INFO]: Val accuracy at epoch 115: 100.0
[10/09/2022 14:25:48 INFO]: Saving model to: model_.pth
[10/09/2022 14:26:10 INFO]: Training loss at epoch 116: 2.6137051364116814e-06
[10/09/2022 14:26:10 INFO]: Training accuracy at epoch 116: 100.0
[10/09/2022 14:26:10 INFO]: Val accuracy at epoch 116: 100.0
[10/09/2022 14:26:10 INFO]: Saving model to: model_.pth
[10/09/2022 14:26:33 INFO]: Training loss at epoch 117: 2.6146652800207447e-06
[10/09/2022 14:26:33 INFO]: Training accuracy at epoch 117: 100.0
[10/09/2022 14:26:33 INFO]: Val accuracy at epoch 117: 100.0
[10/09/2022 14:26:33 INFO]: Saving model to: model_.pth
[10/09/2022 14:27:01 INFO]: Training loss at epoch 118: 2.6194340520646618e-06
[10/09/2022 14:27:01 INFO]: Training accuracy at epoch 118: 100.0
[10/09/2022 14:27:01 INFO]: Val accuracy at epoch 118: 100.0
[10/09/2022 14:27:01 INFO]: Saving model to: model_.pth
[10/09/2022 14:27:23 INFO]: Training loss at epoch 119: 2.5995445540161198e-06
[10/09/2022 14:27:23 INFO]: Training accuracy at epoch 119: 100.0
[10/09/2022 14:27:23 INFO]: Val accuracy at epoch 119: 100.0
[10/09/2022 14:29:53 INFO]: Training accuracy: {30: 100.0, 31: 100.0, 32: 99.875, 33: 98.0625, 34: 92.80000305175781, 35: 84.7125015258789, 36: 77.92500305175781, 37: 71.4625015258789, 38: 65.3499984741211, 39: 59.712501525878906, 40: 55.662498474121094}
[10/09/2022 14:29:53 INFO]: Val accuracy: {30: 100.0, 31: 100.0, 32: 99.94999694824219, 33: 98.3499984741211, 34: 93.44999694824219, 35: 84.80000305175781, 36: 76.8499984741211, 37: 71.05000305175781, 38: 64.75, 39: 59.400001525878906, 40: 55.75}
[10/09/2022 14:29:53 INFO]: Test accuracy (hard data): {30: 0.0, 31: 0.0, 32: 0.0, 33: 0.0, 34: 0.0, 35: 0.0, 36: 0.0, 37: 0.0, 38: 0.0, 39: 0.0, 40: 0.0}
[10/09/2022 14:29:53 INFO]: Saving model to: model_.pth
[10/09/2022 14:30:15 INFO]: Training loss at epoch 120: 2.585581563607775e-06
[10/09/2022 14:30:15 INFO]: Training accuracy at epoch 120: 100.0
[10/09/2022 14:30:15 INFO]: Val accuracy at epoch 120: 100.0
[10/09/2022 14:30:15 INFO]: Saving model to: model_.pth
[10/09/2022 14:30:37 INFO]: Training loss at epoch 121: 2.5751874005663923e-06
[10/09/2022 14:30:37 INFO]: Training accuracy at epoch 121: 100.0
[10/09/2022 14:30:37 INFO]: Val accuracy at epoch 121: 100.0
[10/09/2022 14:30:37 INFO]: Saving model to: model_.pth
[10/09/2022 14:31:00 INFO]: Training loss at epoch 122: 2.524496863998138e-06
[10/09/2022 14:31:00 INFO]: Training accuracy at epoch 122: 100.0
[10/09/2022 14:31:00 INFO]: Val accuracy at epoch 122: 100.0
[10/09/2022 14:31:00 INFO]: Saving model to: model_.pth
[10/09/2022 14:31:22 INFO]: Training loss at epoch 123: 2.548843544047941e-06
[10/09/2022 14:31:22 INFO]: Training accuracy at epoch 123: 100.0
[10/09/2022 14:31:22 INFO]: Val accuracy at epoch 123: 100.0
[10/09/2022 14:31:22 INFO]: Saving model to: model_.pth
[10/09/2022 14:31:44 INFO]: Training loss at epoch 124: 2.5289798557537324e-06
[10/09/2022 14:31:44 INFO]: Training accuracy at epoch 124: 100.0
[10/09/2022 14:31:44 INFO]: Val accuracy at epoch 124: 100.0
[10/09/2022 14:31:44 INFO]: Saving model to: model_.pth
[10/09/2022 14:32:10 INFO]: Training loss at epoch 125: 2.541603387840041e-06
[10/09/2022 14:32:10 INFO]: Training accuracy at epoch 125: 100.0
[10/09/2022 14:32:10 INFO]: Val accuracy at epoch 125: 100.0
[10/09/2022 14:32:10 INFO]: Saving model to: model_.pth
[10/09/2022 14:32:32 INFO]: Training loss at epoch 126: 2.558295125254517e-06
[10/09/2022 14:32:32 INFO]: Training accuracy at epoch 126: 100.0
[10/09/2022 14:32:32 INFO]: Val accuracy at epoch 126: 100.0
[10/09/2022 14:32:32 INFO]: Saving model to: model_.pth
[10/09/2022 14:32:55 INFO]: Training loss at epoch 127: 2.664885506931114e-06
[10/09/2022 14:32:55 INFO]: Training accuracy at epoch 127: 100.0
[10/09/2022 14:32:55 INFO]: Val accuracy at epoch 127: 100.0
[10/09/2022 14:32:55 INFO]: Saving model to: model_.pth
[10/09/2022 14:33:17 INFO]: Training loss at epoch 128: 2.642247838480216e-06
[10/09/2022 14:33:17 INFO]: Training accuracy at epoch 128: 100.0
[10/09/2022 14:33:17 INFO]: Val accuracy at epoch 128: 100.0
[10/09/2022 14:33:17 INFO]: Saving model to: model_.pth
[10/09/2022 14:33:46 INFO]: Training loss at epoch 129: 2.6349001956305075e-06
[10/09/2022 14:33:46 INFO]: Training accuracy at epoch 129: 100.0
[10/09/2022 14:33:46 INFO]: Val accuracy at epoch 129: 100.0
[10/09/2022 14:33:46 INFO]: Saving model to: model_.pth
[10/09/2022 14:34:09 INFO]: Training loss at epoch 130: 2.686145478492108e-06
[10/09/2022 14:34:09 INFO]: Training accuracy at epoch 130: 100.0
[10/09/2022 14:34:09 INFO]: Val accuracy at epoch 130: 100.0
[10/09/2022 14:34:09 INFO]: Saving model to: model_.pth
[10/09/2022 14:34:31 INFO]: Training loss at epoch 131: 2.700165006785937e-06
[10/09/2022 14:34:31 INFO]: Training accuracy at epoch 131: 100.0
[10/09/2022 14:34:31 INFO]: Val accuracy at epoch 131: 100.0
[10/09/2022 14:34:31 INFO]: Saving model to: model_.pth
[10/09/2022 14:34:54 INFO]: Training loss at epoch 132: 2.735801199094112e-06
[10/09/2022 14:34:54 INFO]: Training accuracy at epoch 132: 100.0
[10/09/2022 14:34:54 INFO]: Val accuracy at epoch 132: 100.0
[10/09/2022 14:34:54 INFO]: Saving model to: model_.pth
[10/09/2022 14:35:16 INFO]: Training loss at epoch 133: 2.7441532566285787e-06
[10/09/2022 14:35:16 INFO]: Training accuracy at epoch 133: 100.0
[10/09/2022 14:35:16 INFO]: Val accuracy at epoch 133: 100.0
[10/09/2022 14:35:16 INFO]: Saving model to: model_.pth
[10/09/2022 14:35:45 INFO]: Training loss at epoch 134: 2.884566860927862e-06
[10/09/2022 14:35:45 INFO]: Training accuracy at epoch 134: 100.0
[10/09/2022 14:35:45 INFO]: Val accuracy at epoch 134: 100.0
[10/09/2022 14:35:45 INFO]: Saving model to: model_.pth
[10/09/2022 14:36:07 INFO]: Training loss at epoch 135: 2.9818284474458777e-06
[10/09/2022 14:36:07 INFO]: Training accuracy at epoch 135: 100.0
[10/09/2022 14:36:07 INFO]: Val accuracy at epoch 135: 100.0
[10/09/2022 14:36:07 INFO]: Saving model to: model_.pth
[10/09/2022 14:36:30 INFO]: Training loss at epoch 136: 3.0964730854066148e-06
[10/09/2022 14:36:30 INFO]: Training accuracy at epoch 136: 100.0
[10/09/2022 14:36:30 INFO]: Val accuracy at epoch 136: 100.0
[10/09/2022 14:36:30 INFO]: Saving model to: model_.pth
[10/09/2022 14:36:52 INFO]: Training loss at epoch 137: 3.128204971858395e-06
[10/09/2022 14:36:52 INFO]: Training accuracy at epoch 137: 100.0
[10/09/2022 14:36:52 INFO]: Val accuracy at epoch 137: 100.0
[10/09/2022 14:36:52 INFO]: Saving model to: model_.pth
[10/09/2022 14:37:16 INFO]: Training loss at epoch 138: 3.1845993760271087e-06
[10/09/2022 14:37:16 INFO]: Training accuracy at epoch 138: 100.0
[10/09/2022 14:37:16 INFO]: Val accuracy at epoch 138: 100.0
[10/09/2022 14:37:16 INFO]: Saving model to: model_.pth
[10/09/2022 14:37:39 INFO]: Training loss at epoch 139: 3.3599801327000024e-06
[10/09/2022 14:37:39 INFO]: Training accuracy at epoch 139: 100.0
[10/09/2022 14:37:39 INFO]: Val accuracy at epoch 139: 100.0
[10/09/2022 14:40:09 INFO]: Training accuracy: {30: 100.0, 31: 100.0, 32: 100.0, 33: 99.9124984741211, 34: 97.4375, 35: 89.8125, 36: 75.7874984741211, 37: 58.837501525878906, 38: 42.650001525878906, 39: 30.149999618530273, 40: 21.537500381469727}
[10/09/2022 14:40:09 INFO]: Val accuracy: {30: 100.0, 31: 100.0, 32: 100.0, 33: 99.8499984741211, 34: 97.4000015258789, 35: 90.05000305175781, 36: 75.1500015258789, 37: 58.150001525878906, 38: 42.70000076293945, 39: 29.399999618530273, 40: 22.100000381469727}
[10/09/2022 14:40:09 INFO]: Test accuracy (hard data): {30: 0.0, 31: 0.0, 32: 0.0, 33: 0.0, 34: 0.0, 35: 0.0, 36: 0.0, 37: 0.0, 38: 0.0, 39: 0.0, 40: 0.0}
[10/09/2022 14:40:09 INFO]: Saving model to: model_.pth
[10/09/2022 14:40:31 INFO]: Training loss at epoch 140: 3.5241669849028767e-06
[10/09/2022 14:40:31 INFO]: Training accuracy at epoch 140: 100.0
[10/09/2022 14:40:31 INFO]: Val accuracy at epoch 140: 100.0
[10/09/2022 14:40:31 INFO]: Saving model to: model_.pth
[10/09/2022 14:40:54 INFO]: Training loss at epoch 141: 3.7673518505698666e-06
[10/09/2022 14:40:54 INFO]: Training accuracy at epoch 141: 100.0
[10/09/2022 14:40:54 INFO]: Val accuracy at epoch 141: 100.0
[10/09/2022 14:40:54 INFO]: Saving model to: model_.pth
[10/09/2022 14:41:17 INFO]: Training loss at epoch 142: 4.101956542967855e-06
[10/09/2022 14:41:17 INFO]: Training accuracy at epoch 142: 100.0
[10/09/2022 14:41:17 INFO]: Val accuracy at epoch 142: 100.0
[10/09/2022 14:41:17 INFO]: Saving model to: model_.pth
[10/09/2022 14:41:39 INFO]: Training loss at epoch 143: 0.0003018646560974503
[10/09/2022 14:41:39 INFO]: Training accuracy at epoch 143: 99.875
[10/09/2022 14:41:39 INFO]: Val accuracy at epoch 143: 100.0
[10/09/2022 14:41:39 INFO]: Saving model to: model_.pth
[10/09/2022 14:42:02 INFO]: Training loss at epoch 144: 9.199257470982048e-06
[10/09/2022 14:42:02 INFO]: Training accuracy at epoch 144: 100.0
[10/09/2022 14:42:02 INFO]: Val accuracy at epoch 144: 100.0
[10/09/2022 14:42:02 INFO]: Saving model to: model_.pth
[10/09/2022 14:42:24 INFO]: Training loss at epoch 145: 4.897651160717942e-06
[10/09/2022 14:42:24 INFO]: Training accuracy at epoch 145: 100.0
[10/09/2022 14:42:24 INFO]: Val accuracy at epoch 145: 100.0
[10/09/2022 14:42:24 INFO]: Saving model to: model_.pth
[10/09/2022 14:42:46 INFO]: Training loss at epoch 146: 3.6701229277014137e-06
[10/09/2022 14:42:46 INFO]: Training accuracy at epoch 146: 100.0
[10/09/2022 14:42:46 INFO]: Val accuracy at epoch 146: 100.0
[10/09/2022 14:42:46 INFO]: Saving model to: model_.pth
[10/09/2022 14:43:09 INFO]: Training loss at epoch 147: 3.089870727990274e-06
[10/09/2022 14:43:09 INFO]: Training accuracy at epoch 147: 100.0
[10/09/2022 14:43:09 INFO]: Val accuracy at epoch 147: 100.0
[10/09/2022 14:43:09 INFO]: Saving model to: model_.pth
[10/09/2022 14:43:31 INFO]: Training loss at epoch 148: 2.8350663100695784e-06
[10/09/2022 14:43:31 INFO]: Training accuracy at epoch 148: 100.0
[10/09/2022 14:43:31 INFO]: Val accuracy at epoch 148: 100.0
[10/09/2022 14:43:31 INFO]: Saving model to: model_.pth
[10/09/2022 14:43:53 INFO]: Training loss at epoch 149: 2.7845208762755645e-06
[10/09/2022 14:43:53 INFO]: Training accuracy at epoch 149: 100.0
[10/09/2022 14:43:53 INFO]: Val accuracy at epoch 149: 100.0
[10/09/2022 14:46:23 INFO]: Training accuracy: {30: 100.0, 31: 100.0, 32: 100.0, 33: 99.9375, 34: 98.8499984741211, 35: 94.73750305175781, 36: 87.05000305175781, 37: 75.8499984741211, 38: 61.76250076293945, 39: 45.98749923706055, 40: 34.98749923706055}
[10/09/2022 14:46:23 INFO]: Val accuracy: {30: 100.0, 31: 100.0, 32: 100.0, 33: 99.94999694824219, 34: 98.8499984741211, 35: 94.5999984741211, 36: 86.3499984741211, 37: 74.44999694824219, 38: 61.79999923706055, 39: 46.900001525878906, 40: 36.29999923706055}
[10/09/2022 14:46:23 INFO]: Test accuracy (hard data): {30: 0.0, 31: 0.0, 32: 0.0, 33: 0.0, 34: 0.0, 35: 0.0, 36: 0.0, 37: 0.0, 38: 0.0, 39: 0.0, 40: 0.0}
[10/09/2022 14:46:23 INFO]: Saving model to: model_.pth
[10/09/2022 14:46:23 INFO]: OrderedDict([('max_iters', 30), ('run_id', 'peeling-Betzaida'), ('test_acc', {30: 0.0, 31: 0.0, 32: 0.0, 33: 0.0, 34: 0.0, 35: 0.0, 36: 0.0, 37: 0.0, 38: 0.0, 39: 0.0, 40: 0.0}), ('test_data', 512), ('test_iters', [30, 31, 32, 33, 34, 35, 36, 37, 38, 39, 40]), ('test_mode', 'default'), ('train_data', 32), ('train_acc', {30: 100.0, 31: 100.0, 32: 100.0, 33: 99.9375, 34: 98.8499984741211, 35: 94.73750305175781, 36: 87.05000305175781, 37: 75.8499984741211, 38: 61.76250076293945, 39: 45.98749923706055, 40: 34.98749923706055}), ('val_acc', {30: 100.0, 31: 100.0, 32: 100.0, 33: 99.94999694824219, 34: 98.8499984741211, 35: 94.5999984741211, 36: 86.3499984741211, 37: 74.44999694824219, 38: 61.79999923706055, 39: 46.900001525878906, 40: 36.29999923706055})])
