[10/10/2022 15:57:06 INFO]: 
_________________________________________________

[10/10/2022 15:57:06 INFO]: train_model.py main() running.
[10/10/2022 15:57:06 INFO]: problem:
  hyp:
    alpha: 1.0
    clip: null
    epochs: 50
    lr: 0.001
    lr_decay: step
    lr_factor: 0.1
    lr_schedule:
    - 100
    lr_throttle: true
    optimizer: adam
    save_period: -1
    test_batch_size: 25
    test_mode: default
    train_batch_size: 50
    train_mode: progressive
    val_period: 20
    warmup_period: 10
  model:
    model: dt_net_2d
    model_path: null
    width: 128
    max_iters: 30
    test_iterations:
      low: 30
      high: 40
  name: mazes
  test_data: 33
  train_data: 9
train_log: train_log
name: mazes_ablation
run_id: distinct-Cornesha

Files already downloaded and verified
Loading mazes of size 9 x 9.
Files already downloaded and verified
Loading mazes of size 33 x 33.
[10/10/2022 15:57:11 INFO]: This dt_net_2d has 0.633 million parameters.
[10/10/2022 15:57:11 INFO]: Training will start at epoch 0.
[10/10/2022 15:57:11 INFO]: ==> Starting training for 50 epochs...
[10/10/2022 15:59:56 INFO]: Training loss at epoch 0: 0.694445892572403
[10/10/2022 15:59:56 INFO]: Training accuracy at epoch 0: 0.0
[10/10/2022 15:59:56 INFO]: Val accuracy at epoch 0: 0.0
[10/10/2022 15:59:56 INFO]: Saving model to: model_best.pth
[10/10/2022 16:02:41 INFO]: Training loss at epoch 1: 0.6814185439795256
[10/10/2022 16:02:41 INFO]: Training accuracy at epoch 1: 0.0
[10/10/2022 16:02:41 INFO]: Val accuracy at epoch 1: 0.0
[10/10/2022 16:02:41 INFO]: Saving model to: model_.pth
[10/10/2022 16:05:28 INFO]: Training loss at epoch 2: 0.6421735721081495
[10/10/2022 16:05:28 INFO]: Training accuracy at epoch 2: 0.0
[10/10/2022 16:05:28 INFO]: Val accuracy at epoch 2: 0.0
[10/10/2022 16:05:28 INFO]: Saving model to: model_.pth
[10/10/2022 16:08:12 INFO]: Training loss at epoch 3: 0.575278222039342
[10/10/2022 16:08:12 INFO]: Training accuracy at epoch 3: 0.0
[10/10/2022 16:08:12 INFO]: Val accuracy at epoch 3: 0.0
[10/10/2022 16:08:12 INFO]: Saving model to: model_.pth
[10/10/2022 16:10:58 INFO]: Training loss at epoch 4: 0.5303274071216584
[10/10/2022 16:10:58 INFO]: Training accuracy at epoch 4: 0.0025
[10/10/2022 16:10:58 INFO]: Val accuracy at epoch 4: 0.0
[10/10/2022 16:10:58 INFO]: Saving model to: model_.pth
[10/10/2022 16:13:43 INFO]: Training loss at epoch 5: 0.49698118843138217
[10/10/2022 16:13:43 INFO]: Training accuracy at epoch 5: 0.0
[10/10/2022 16:13:43 INFO]: Val accuracy at epoch 5: 0.0
[10/10/2022 16:13:43 INFO]: Saving model to: model_.pth
[10/10/2022 16:16:28 INFO]: Training loss at epoch 6: 0.5583781253919006
[10/10/2022 16:16:28 INFO]: Training accuracy at epoch 6: 0.0025
[10/10/2022 16:16:28 INFO]: Val accuracy at epoch 6: 0.0
[10/10/2022 16:16:28 INFO]: Saving model to: model_.pth
[10/10/2022 16:19:13 INFO]: Training loss at epoch 7: 0.6931417311728001
[10/10/2022 16:19:13 INFO]: Training accuracy at epoch 7: 0.0
[10/10/2022 16:19:13 INFO]: Val accuracy at epoch 7: 0.0
[10/10/2022 16:19:13 INFO]: Saving model to: model_.pth
[10/10/2022 16:21:58 INFO]: Training loss at epoch 8: 0.6931392938643693
[10/10/2022 16:21:58 INFO]: Training accuracy at epoch 8: 0.0
[10/10/2022 16:21:58 INFO]: Val accuracy at epoch 8: 0.0
[10/10/2022 16:21:58 INFO]: Saving model to: model_.pth
[10/10/2022 16:24:43 INFO]: Training loss at epoch 9: 0.6931471235305071
[10/10/2022 16:24:43 INFO]: Training accuracy at epoch 9: 0.0
[10/10/2022 16:24:43 INFO]: Val accuracy at epoch 9: 0.0
[10/10/2022 16:24:43 INFO]: Saving model to: model_.pth
[10/10/2022 16:27:27 INFO]: Training loss at epoch 10: 0.693147123977542
[10/10/2022 16:27:27 INFO]: Training accuracy at epoch 10: 0.0
[10/10/2022 16:27:27 INFO]: Val accuracy at epoch 10: 0.0
[10/10/2022 16:27:27 INFO]: Saving model to: model_.pth
[10/10/2022 16:30:12 INFO]: Training loss at epoch 11: 0.6931471229344607
[10/10/2022 16:30:12 INFO]: Training accuracy at epoch 11: 0.0
[10/10/2022 16:30:12 INFO]: Val accuracy at epoch 11: 0.0
[10/10/2022 16:30:12 INFO]: Saving model to: model_.pth
[10/10/2022 16:32:55 INFO]: Training loss at epoch 12: 0.6931471228599548
[10/10/2022 16:32:55 INFO]: Training accuracy at epoch 12: 0.0
[10/10/2022 16:32:55 INFO]: Val accuracy at epoch 12: 0.0
[10/10/2022 16:32:55 INFO]: Saving model to: model_.pth
[10/10/2022 16:35:39 INFO]: Training loss at epoch 13: 0.6931471228599548
[10/10/2022 16:35:39 INFO]: Training accuracy at epoch 13: 0.0
[10/10/2022 16:35:39 INFO]: Val accuracy at epoch 13: 0.0
[10/10/2022 16:35:39 INFO]: Saving model to: model_.pth
[10/10/2022 16:38:23 INFO]: Training loss at epoch 14: 0.6931471228599548
[10/10/2022 16:38:23 INFO]: Training accuracy at epoch 14: 0.0
[10/10/2022 16:38:23 INFO]: Val accuracy at epoch 14: 0.0
[10/10/2022 16:38:23 INFO]: Saving model to: model_.pth
[10/10/2022 16:41:08 INFO]: Training loss at epoch 15: 0.6931471228599548
[10/10/2022 16:41:08 INFO]: Training accuracy at epoch 15: 0.0
[10/10/2022 16:41:08 INFO]: Val accuracy at epoch 15: 0.0
[10/10/2022 16:41:08 INFO]: Saving model to: model_.pth
[10/10/2022 16:43:54 INFO]: Training loss at epoch 16: 0.6931471228599548
[10/10/2022 16:43:54 INFO]: Training accuracy at epoch 16: 0.0
[10/10/2022 16:43:54 INFO]: Val accuracy at epoch 16: 0.0
[10/10/2022 16:43:54 INFO]: Saving model to: model_.pth
[10/10/2022 16:46:38 INFO]: Training loss at epoch 17: 0.6931471228599548
[10/10/2022 16:46:38 INFO]: Training accuracy at epoch 17: 0.0
[10/10/2022 16:46:38 INFO]: Val accuracy at epoch 17: 0.0
[10/10/2022 16:46:38 INFO]: Saving model to: model_.pth
[10/10/2022 16:49:22 INFO]: Training loss at epoch 18: 0.6931471228599548
[10/10/2022 16:49:22 INFO]: Training accuracy at epoch 18: 0.0
[10/10/2022 16:49:22 INFO]: Val accuracy at epoch 18: 0.0
[10/10/2022 16:49:22 INFO]: Saving model to: model_.pth
[10/10/2022 16:52:08 INFO]: Training loss at epoch 19: 0.6931232181936502
[10/10/2022 16:52:08 INFO]: Training accuracy at epoch 19: 0.0
[10/10/2022 16:52:08 INFO]: Val accuracy at epoch 19: 0.0
[10/10/2022 16:57:23 INFO]: Training accuracy: {30: 0.0, 31: 0.0, 32: 0.0, 33: 0.0, 34: 0.0, 35: 0.0, 36: 0.0, 37: 0.0, 38: 0.0, 39: 0.0, 40: 0.0}
[10/10/2022 16:57:23 INFO]: Val accuracy: {30: 0.0, 31: 0.0, 32: 0.0, 33: 0.0, 34: 0.0, 35: 0.0, 36: 0.0, 37: 0.0, 38: 0.0, 39: 0.0, 40: 0.0}
[10/10/2022 16:57:23 INFO]: Test accuracy (hard data): {30: 0.0, 31: 0.0, 32: 0.0, 33: 0.0, 34: 0.0, 35: 0.0, 36: 0.0, 37: 0.0, 38: 0.0, 39: 0.0, 40: 0.0}
[10/10/2022 16:57:23 INFO]: Saving model to: model_.pth
[10/10/2022 17:00:06 INFO]: Training loss at epoch 20: 0.6616480077058077
[10/10/2022 17:00:06 INFO]: Training accuracy at epoch 20: 0.0
[10/10/2022 17:00:06 INFO]: Val accuracy at epoch 20: 0.0
[10/10/2022 17:00:06 INFO]: Saving model to: model_.pth
[10/10/2022 17:02:51 INFO]: Training loss at epoch 21: 0.5607725623250007
[10/10/2022 17:02:51 INFO]: Training accuracy at epoch 21: 0.0
[10/10/2022 17:02:51 INFO]: Val accuracy at epoch 21: 0.0
[10/10/2022 17:02:51 INFO]: Saving model to: model_.pth
[10/10/2022 17:05:33 INFO]: Training loss at epoch 22: 0.5202670843526721
[10/10/2022 17:05:33 INFO]: Training accuracy at epoch 22: 0.005
[10/10/2022 17:05:33 INFO]: Val accuracy at epoch 22: 0.029999999329447746
[10/10/2022 17:05:33 INFO]: Saving model to: model_best.pth
[10/10/2022 17:08:18 INFO]: Training loss at epoch 23: 0.46729899793863294
[10/10/2022 17:08:18 INFO]: Training accuracy at epoch 23: 0.005
[10/10/2022 17:08:18 INFO]: Val accuracy at epoch 23: 0.0
[10/10/2022 17:08:18 INFO]: Saving model to: model_.pth
[10/10/2022 17:11:01 INFO]: Training loss at epoch 24: 0.3977904442884028
[10/10/2022 17:11:01 INFO]: Training accuracy at epoch 24: 0.15
[10/10/2022 17:11:01 INFO]: Val accuracy at epoch 24: 0.019999999552965164
[10/10/2022 17:11:01 INFO]: Saving model to: model_.pth
[10/10/2022 17:13:47 INFO]: Training loss at epoch 25: 0.29767886554822326
[10/10/2022 17:13:47 INFO]: Training accuracy at epoch 25: 14.4625
[10/10/2022 17:13:47 INFO]: Val accuracy at epoch 25: 40.2599983215332
[10/10/2022 17:13:47 INFO]: Saving model to: model_best.pth
[10/10/2022 17:16:32 INFO]: Training loss at epoch 26: 0.16890646712796298
[10/10/2022 17:16:32 INFO]: Training accuracy at epoch 26: 60.07
[10/10/2022 17:16:32 INFO]: Val accuracy at epoch 26: 83.44999694824219
[10/10/2022 17:16:32 INFO]: Saving model to: model_best.pth
[10/10/2022 17:19:16 INFO]: Training loss at epoch 27: 0.12217852790836332
[10/10/2022 17:19:16 INFO]: Training accuracy at epoch 27: 73.8475
[10/10/2022 17:19:16 INFO]: Val accuracy at epoch 27: 68.5999984741211
[10/10/2022 17:19:16 INFO]: Saving model to: model_.pth
[10/10/2022 17:22:02 INFO]: Training loss at epoch 28: 0.0989932593442063
[10/10/2022 17:22:02 INFO]: Training accuracy at epoch 28: 81.2575
[10/10/2022 17:22:02 INFO]: Val accuracy at epoch 28: 90.2300033569336
[10/10/2022 17:22:02 INFO]: Saving model to: model_best.pth
[10/10/2022 17:24:46 INFO]: Training loss at epoch 29: 0.2238659324022774
[10/10/2022 17:24:46 INFO]: Training accuracy at epoch 29: 57.125
[10/10/2022 17:24:46 INFO]: Val accuracy at epoch 29: 93.08999633789062
[10/10/2022 17:24:46 INFO]: Saving model to: model_best.pth
[10/10/2022 17:27:32 INFO]: Training loss at epoch 30: 0.04954663558463608
[10/10/2022 17:27:32 INFO]: Training accuracy at epoch 30: 92.645
[10/10/2022 17:27:32 INFO]: Val accuracy at epoch 30: 96.61000061035156
[10/10/2022 17:27:32 INFO]: Saving model to: model_best.pth
[10/10/2022 17:30:17 INFO]: Training loss at epoch 31: 0.04433057560041448
[10/10/2022 17:30:17 INFO]: Training accuracy at epoch 31: 92.3425
[10/10/2022 17:30:17 INFO]: Val accuracy at epoch 31: 92.55999755859375
[10/10/2022 17:30:17 INFO]: Saving model to: model_.pth
[10/10/2022 17:33:02 INFO]: Training loss at epoch 32: 0.10676169292086116
[10/10/2022 17:33:02 INFO]: Training accuracy at epoch 32: 80.215
[10/10/2022 17:33:02 INFO]: Val accuracy at epoch 32: 93.5999984741211
[10/10/2022 17:33:02 INFO]: Saving model to: model_.pth
[10/10/2022 17:35:46 INFO]: Training loss at epoch 33: 0.03577177612748073
[10/10/2022 17:35:46 INFO]: Training accuracy at epoch 33: 96.285
[10/10/2022 17:35:46 INFO]: Val accuracy at epoch 33: 96.48999786376953
[10/10/2022 17:35:46 INFO]: Saving model to: model_.pth
[10/10/2022 17:38:30 INFO]: Training loss at epoch 34: 0.06458380182631174
[10/10/2022 17:38:30 INFO]: Training accuracy at epoch 34: 89.5875
[10/10/2022 17:38:30 INFO]: Val accuracy at epoch 34: 97.31999969482422
[10/10/2022 17:38:30 INFO]: Saving model to: model_best.pth
[10/10/2022 17:41:15 INFO]: Training loss at epoch 35: 0.08385974543398447
[10/10/2022 17:41:15 INFO]: Training accuracy at epoch 35: 86.0
[10/10/2022 17:41:15 INFO]: Val accuracy at epoch 35: 89.16000366210938
[10/10/2022 17:41:15 INFO]: Saving model to: model_.pth
[10/10/2022 17:43:58 INFO]: Training loss at epoch 36: 0.05129874736170223
[10/10/2022 17:43:58 INFO]: Training accuracy at epoch 36: 94.44
[10/10/2022 17:43:58 INFO]: Val accuracy at epoch 36: 87.38999938964844
[10/10/2022 17:43:58 INFO]: Saving model to: model_.pth
[10/10/2022 17:46:46 INFO]: Training loss at epoch 37: 0.022630987239816703
[10/10/2022 17:46:46 INFO]: Training accuracy at epoch 37: 97.615
[10/10/2022 17:46:46 INFO]: Val accuracy at epoch 37: 99.83999633789062
[10/10/2022 17:46:46 INFO]: Saving model to: model_best.pth
[10/10/2022 17:49:31 INFO]: Training loss at epoch 38: 0.02449910418005523
[10/10/2022 17:49:31 INFO]: Training accuracy at epoch 38: 98.2525
[10/10/2022 17:49:31 INFO]: Val accuracy at epoch 38: 99.05999755859375
[10/10/2022 17:49:31 INFO]: Saving model to: model_.pth
[10/10/2022 17:52:15 INFO]: Training loss at epoch 39: 0.03268349447946022
[10/10/2022 17:52:15 INFO]: Training accuracy at epoch 39: 97.595
[10/10/2022 17:52:15 INFO]: Val accuracy at epoch 39: 95.27999877929688
[10/10/2022 17:57:28 INFO]: Training accuracy: {30: 95.01249694824219, 31: 95.02749633789062, 32: 95.05500030517578, 33: 94.96499633789062, 34: 94.79499816894531, 35: 94.56749725341797, 36: 94.2074966430664, 37: 93.8550033569336, 38: 93.44999694824219, 39: 93.04750061035156, 40: 92.50250244140625}
[10/10/2022 17:57:28 INFO]: Val accuracy: {30: 95.27999877929688, 31: 95.29000091552734, 32: 95.1500015258789, 33: 95.12999725341797, 34: 94.9800033569336, 35: 94.86000061035156, 36: 94.73999786376953, 37: 94.37000274658203, 38: 94.0999984741211, 39: 93.77999877929688, 40: 93.31999969482422}
[10/10/2022 17:57:28 INFO]: Test accuracy (hard data): {30: 0.009999999776482582, 31: 0.009999999776482582, 32: 0.009999999776482582, 33: 0.009999999776482582, 34: 0.009999999776482582, 35: 0.03999999910593033, 36: 0.019999999552965164, 37: 0.05999999865889549, 38: 0.07999999821186066, 39: 0.03999999910593033, 40: 0.029999999329447746}
[10/10/2022 17:57:28 INFO]: Saving model to: model_.pth
[10/10/2022 18:00:13 INFO]: Training loss at epoch 40: 0.030538412995335874
[10/10/2022 18:00:13 INFO]: Training accuracy at epoch 40: 97.7875
[10/10/2022 18:00:13 INFO]: Val accuracy at epoch 40: 91.18000030517578
[10/10/2022 18:00:13 INFO]: Saving model to: model_.pth
[10/10/2022 18:02:59 INFO]: Training loss at epoch 41: 0.08266819278693002
[10/10/2022 18:02:59 INFO]: Training accuracy at epoch 41: 85.245
[10/10/2022 18:02:59 INFO]: Val accuracy at epoch 41: 95.13999938964844
[10/10/2022 18:02:59 INFO]: Saving model to: model_.pth
[10/10/2022 18:05:46 INFO]: Training loss at epoch 42: 0.025012181158606383
[10/10/2022 18:05:46 INFO]: Training accuracy at epoch 42: 96.735
[10/10/2022 18:05:46 INFO]: Val accuracy at epoch 42: 98.97000122070312
[10/10/2022 18:05:46 INFO]: Saving model to: model_.pth
[10/10/2022 18:08:30 INFO]: Training loss at epoch 43: 0.02882894941848349
[10/10/2022 18:08:30 INFO]: Training accuracy at epoch 43: 96.495
[10/10/2022 18:08:30 INFO]: Val accuracy at epoch 43: 99.5999984741211
[10/10/2022 18:08:30 INFO]: Saving model to: model_.pth
[10/10/2022 18:11:14 INFO]: Training loss at epoch 44: 0.02464292690262411
[10/10/2022 18:11:14 INFO]: Training accuracy at epoch 44: 97.2725
[10/10/2022 18:11:14 INFO]: Val accuracy at epoch 44: 99.18000030517578
[10/10/2022 18:11:14 INFO]: Saving model to: model_.pth
[10/10/2022 18:13:58 INFO]: Training loss at epoch 45: 0.041782732354938616
[10/10/2022 18:13:58 INFO]: Training accuracy at epoch 45: 94.46
[10/10/2022 18:13:58 INFO]: Val accuracy at epoch 45: 99.4000015258789
[10/10/2022 18:13:58 INFO]: Saving model to: model_.pth
[10/10/2022 18:16:43 INFO]: Training loss at epoch 46: 0.030473761651530786
[10/10/2022 18:16:43 INFO]: Training accuracy at epoch 46: 95.4975
[10/10/2022 18:16:43 INFO]: Val accuracy at epoch 46: 98.91999816894531
[10/10/2022 18:16:43 INFO]: Saving model to: model_.pth
[10/10/2022 18:19:29 INFO]: Training loss at epoch 47: 0.0127068599494676
[10/10/2022 18:19:29 INFO]: Training accuracy at epoch 47: 99.22
[10/10/2022 18:19:29 INFO]: Val accuracy at epoch 47: 98.41999816894531
[10/10/2022 18:19:29 INFO]: Saving model to: model_.pth
[10/10/2022 18:22:14 INFO]: Training loss at epoch 48: 0.017033607209838594
[10/10/2022 18:22:14 INFO]: Training accuracy at epoch 48: 97.6675
[10/10/2022 18:22:14 INFO]: Val accuracy at epoch 48: 99.5999984741211
[10/10/2022 18:22:14 INFO]: Saving model to: model_.pth
[10/10/2022 18:24:58 INFO]: Training loss at epoch 49: 0.014482754376901141
[10/10/2022 18:24:58 INFO]: Training accuracy at epoch 49: 98.9175
[10/10/2022 18:24:58 INFO]: Val accuracy at epoch 49: 99.80000305175781
[10/10/2022 18:30:14 INFO]: Training accuracy: {30: 99.82250213623047, 31: 99.7750015258789, 32: 99.6675033569336, 33: 99.47750091552734, 34: 99.30249786376953, 35: 99.11000061035156, 36: 98.80750274658203, 37: 98.44249725341797, 38: 97.9625015258789, 39: 97.45249938964844, 40: 96.80500030517578}
[10/10/2022 18:30:14 INFO]: Val accuracy: {30: 99.80000305175781, 31: 99.75, 32: 99.66999816894531, 33: 99.56999969482422, 34: 99.41999816894531, 35: 99.25, 36: 98.97000122070312, 37: 98.55999755859375, 38: 98.11000061035156, 39: 97.5199966430664, 40: 96.83000183105469}
[10/10/2022 18:30:14 INFO]: Test accuracy (hard data): {30: 0.5899999737739563, 31: 0.699999988079071, 32: 0.8700000047683716, 33: 1.0, 34: 1.149999976158142, 35: 1.2999999523162842, 36: 1.4900000095367432, 37: 1.590000033378601, 38: 1.6399999856948853, 39: 1.7200000286102295, 40: 1.7400000095367432}
[10/10/2022 18:30:14 INFO]: Saving model to: model_.pth
[10/10/2022 18:30:14 INFO]: OrderedDict([('max_iters', 30), ('run_id', 'distinct-Cornesha'), ('test_acc', {30: 0.5899999737739563, 31: 0.699999988079071, 32: 0.8700000047683716, 33: 1.0, 34: 1.149999976158142, 35: 1.2999999523162842, 36: 1.4900000095367432, 37: 1.590000033378601, 38: 1.6399999856948853, 39: 1.7200000286102295, 40: 1.7400000095367432}), ('test_data', 33), ('test_iters', [30, 31, 32, 33, 34, 35, 36, 37, 38, 39, 40]), ('test_mode', 'default'), ('train_data', 9), ('train_acc', {30: 99.82250213623047, 31: 99.7750015258789, 32: 99.6675033569336, 33: 99.47750091552734, 34: 99.30249786376953, 35: 99.11000061035156, 36: 98.80750274658203, 37: 98.44249725341797, 38: 97.9625015258789, 39: 97.45249938964844, 40: 96.80500030517578}), ('val_acc', {30: 99.80000305175781, 31: 99.75, 32: 99.66999816894531, 33: 99.56999969482422, 34: 99.41999816894531, 35: 99.25, 36: 98.97000122070312, 37: 98.55999755859375, 38: 98.11000061035156, 39: 97.5199966430664, 40: 96.83000183105469})])
