[10/09/2022 11:58:48 INFO]: 
_________________________________________________

[10/09/2022 11:58:48 INFO]: train_model.py main() running.
[10/09/2022 11:58:48 INFO]: problem:
  hyp:
    alpha: 1
    clip: 1
    epochs: 150
    lr: 0.001
    lr_decay: step
    lr_factor: 0.1
    lr_schedule:
    - 60
    - 100
    lr_throttle: false
    optimizer: adam
    save_period: -1
    test_batch_size: 500
    test_mode: default
    train_batch_size: 100
    train_mode: progressive
    val_period: 20
    warmup_period: 10
  model:
    model: feedforward_net_recall_1d
    model_path: null
    width: 400
    max_iters: 30
    test_iterations:
      low: 30
      high: 30
  name: prefix_sums
  test_data: 512
  train_data: 32
train_log: train_log
name: prefix_sums_ablation
run_id: embowed-Aliza

Files already downloaded and verified
Loading data with 32 bits.
Files already downloaded and verified
Loading data with 512 bits.
[10/09/2022 11:58:53 INFO]: This feedforward_net_recall_1d has 58.804 million parameters.
[10/09/2022 11:58:53 INFO]: Training will start at epoch 0.
[10/09/2022 11:58:53 INFO]: ==> Starting training for 150 epochs...
[10/09/2022 11:59:11 INFO]: Training loss at epoch 0: 0.692729739099741
[10/09/2022 11:59:11 INFO]: Training accuracy at epoch 0: 0.0
[10/09/2022 11:59:11 INFO]: Val accuracy at epoch 0: 0.0
[10/09/2022 11:59:11 INFO]: Saving model to: model_best.pth
[10/09/2022 11:59:42 INFO]: Training loss at epoch 1: 0.6844267562031746
[10/09/2022 11:59:42 INFO]: Training accuracy at epoch 1: 0.0
[10/09/2022 11:59:42 INFO]: Val accuracy at epoch 1: 0.0
[10/09/2022 11:59:42 INFO]: Saving model to: model_.pth
[10/09/2022 12:00:11 INFO]: Training loss at epoch 2: 0.6729469530284404
[10/09/2022 12:00:11 INFO]: Training accuracy at epoch 2: 0.0375
[10/09/2022 12:00:11 INFO]: Val accuracy at epoch 2: 0.0
[10/09/2022 12:00:11 INFO]: Saving model to: model_.pth
[10/09/2022 12:00:39 INFO]: Training loss at epoch 3: 0.6902850113809109
[10/09/2022 12:00:39 INFO]: Training accuracy at epoch 3: 0.625
[10/09/2022 12:00:39 INFO]: Val accuracy at epoch 3: 0.8999999761581421
[10/09/2022 12:00:39 INFO]: Saving model to: model_best.pth
[10/09/2022 12:01:11 INFO]: Training loss at epoch 4: 0.5227429836988449
[10/09/2022 12:01:11 INFO]: Training accuracy at epoch 4: 18.925
[10/09/2022 12:01:11 INFO]: Val accuracy at epoch 4: 66.69999694824219
[10/09/2022 12:01:11 INFO]: Saving model to: model_best.pth
[10/09/2022 12:01:43 INFO]: Training loss at epoch 5: 0.21294738173819497
[10/09/2022 12:01:43 INFO]: Training accuracy at epoch 5: 83.7125
[10/09/2022 12:01:43 INFO]: Val accuracy at epoch 5: 100.0
[10/09/2022 12:01:43 INFO]: Saving model to: model_best.pth
[10/09/2022 12:02:09 INFO]: Training loss at epoch 6: 0.21844304086553165
[10/09/2022 12:02:09 INFO]: Training accuracy at epoch 6: 89.3
[10/09/2022 12:02:09 INFO]: Val accuracy at epoch 6: 98.69999694824219
[10/09/2022 12:02:09 INFO]: Saving model to: model_.pth
[10/09/2022 12:02:40 INFO]: Training loss at epoch 7: 0.09459772569937286
[10/09/2022 12:02:40 INFO]: Training accuracy at epoch 7: 93.175
[10/09/2022 12:02:40 INFO]: Val accuracy at epoch 7: 4.0
[10/09/2022 12:02:40 INFO]: Saving model to: model_.pth
[10/09/2022 12:03:07 INFO]: Training loss at epoch 8: 0.20588433040175005
[10/09/2022 12:03:07 INFO]: Training accuracy at epoch 8: 89.325
[10/09/2022 12:03:07 INFO]: Val accuracy at epoch 8: 100.0
[10/09/2022 12:03:07 INFO]: Saving model to: model_.pth
[10/09/2022 12:03:35 INFO]: Training loss at epoch 9: 0.8459606361168881
[10/09/2022 12:03:35 INFO]: Training accuracy at epoch 9: 20.675
[10/09/2022 12:03:35 INFO]: Val accuracy at epoch 9: 0.75
[10/09/2022 12:03:35 INFO]: Saving model to: model_.pth
[10/09/2022 12:04:03 INFO]: Training loss at epoch 10: 0.5040917374135461
[10/09/2022 12:04:03 INFO]: Training accuracy at epoch 10: 13.1375
[10/09/2022 12:04:03 INFO]: Val accuracy at epoch 10: 0.0
[10/09/2022 12:04:03 INFO]: Saving model to: model_.pth
[10/09/2022 12:04:35 INFO]: Training loss at epoch 11: 11.145105100935325
[10/09/2022 12:04:35 INFO]: Training accuracy at epoch 11: 4.5875
[10/09/2022 12:04:35 INFO]: Val accuracy at epoch 11: 0.0
[10/09/2022 12:04:35 INFO]: Saving model to: model_.pth
[10/09/2022 12:05:07 INFO]: Training loss at epoch 12: 10.676010490069165
[10/09/2022 12:05:07 INFO]: Training accuracy at epoch 12: 1.875
[10/09/2022 12:05:07 INFO]: Val accuracy at epoch 12: 0.10000000149011612
[10/09/2022 12:05:07 INFO]: Saving model to: model_.pth
[10/09/2022 12:05:36 INFO]: Training loss at epoch 13: 0.2438649194953541
[10/09/2022 12:05:36 INFO]: Training accuracy at epoch 13: 64.725
[10/09/2022 12:05:36 INFO]: Val accuracy at epoch 13: 100.0
[10/09/2022 12:05:36 INFO]: Saving model to: model_.pth
[10/09/2022 12:06:10 INFO]: Training loss at epoch 14: 0.2408793631986555
[10/09/2022 12:06:10 INFO]: Training accuracy at epoch 14: 78.7625
[10/09/2022 12:06:10 INFO]: Val accuracy at epoch 14: 98.05000305175781
[10/09/2022 12:06:10 INFO]: Saving model to: model_.pth
[10/09/2022 12:06:39 INFO]: Training loss at epoch 15: 0.3659278802329936
[10/09/2022 12:06:39 INFO]: Training accuracy at epoch 15: 38.5125
[10/09/2022 12:06:39 INFO]: Val accuracy at epoch 15: 99.8499984741211
[10/09/2022 12:06:39 INFO]: Saving model to: model_.pth
[10/09/2022 12:07:09 INFO]: Training loss at epoch 16: 9.737314832137054
[10/09/2022 12:07:09 INFO]: Training accuracy at epoch 16: 42.3875
[10/09/2022 12:07:09 INFO]: Val accuracy at epoch 16: 100.0
[10/09/2022 12:07:09 INFO]: Saving model to: model_.pth
[10/09/2022 12:07:38 INFO]: Training loss at epoch 17: 0.1418500937359795
[10/09/2022 12:07:38 INFO]: Training accuracy at epoch 17: 95.3375
[10/09/2022 12:07:38 INFO]: Val accuracy at epoch 17: 100.0
[10/09/2022 12:07:38 INFO]: Saving model to: model_.pth
[10/09/2022 12:08:09 INFO]: Training loss at epoch 18: 0.07847370135834879
[10/09/2022 12:08:09 INFO]: Training accuracy at epoch 18: 99.9125
[10/09/2022 12:08:09 INFO]: Val accuracy at epoch 18: 100.0
[10/09/2022 12:08:09 INFO]: Saving model to: model_.pth
[10/09/2022 12:08:38 INFO]: Training loss at epoch 19: 0.09483211157954656
[10/09/2022 12:08:38 INFO]: Training accuracy at epoch 19: 99.9625
[10/09/2022 12:08:38 INFO]: Val accuracy at epoch 19: 100.0
[10/09/2022 12:10:29 INFO]: Training accuracy: {30: 100.0}
[10/09/2022 12:10:29 INFO]: Val accuracy: {30: 100.0}
[10/09/2022 12:10:29 INFO]: Test accuracy (hard data): {30: 0.0}
[10/09/2022 12:10:29 INFO]: Saving model to: model_.pth
[10/09/2022 12:11:04 INFO]: Training loss at epoch 20: 0.22173918426583442
[10/09/2022 12:11:04 INFO]: Training accuracy at epoch 20: 91.0625
[10/09/2022 12:11:04 INFO]: Val accuracy at epoch 20: 100.0
[10/09/2022 12:11:04 INFO]: Saving model to: model_.pth
[10/09/2022 12:11:35 INFO]: Training loss at epoch 21: 62.167295334853335
[10/09/2022 12:11:35 INFO]: Training accuracy at epoch 21: 61.0125
[10/09/2022 12:11:35 INFO]: Val accuracy at epoch 21: 0.25
[10/09/2022 12:11:35 INFO]: Saving model to: model_.pth
[10/09/2022 12:12:01 INFO]: Training loss at epoch 22: 0.305940759140617
[10/09/2022 12:12:01 INFO]: Training accuracy at epoch 22: 54.5125
[10/09/2022 12:12:01 INFO]: Val accuracy at epoch 22: 41.04999923706055
[10/09/2022 12:12:01 INFO]: Saving model to: model_.pth
[10/09/2022 12:12:30 INFO]: Training loss at epoch 23: 0.1571749768231939
[10/09/2022 12:12:30 INFO]: Training accuracy at epoch 23: 89.925
[10/09/2022 12:12:30 INFO]: Val accuracy at epoch 23: 100.0
[10/09/2022 12:12:30 INFO]: Saving model to: model_.pth
[10/09/2022 12:12:59 INFO]: Training loss at epoch 24: 0.09487009469964676
[10/09/2022 12:12:59 INFO]: Training accuracy at epoch 24: 99.9125
[10/09/2022 12:12:59 INFO]: Val accuracy at epoch 24: 100.0
[10/09/2022 12:12:59 INFO]: Saving model to: model_.pth
[10/09/2022 12:13:30 INFO]: Training loss at epoch 25: 0.09556820949985649
[10/09/2022 12:13:30 INFO]: Training accuracy at epoch 25: 99.9625
[10/09/2022 12:13:30 INFO]: Val accuracy at epoch 25: 100.0
[10/09/2022 12:13:30 INFO]: Saving model to: model_.pth
[10/09/2022 12:14:00 INFO]: Training loss at epoch 26: 0.07409539746672208
[10/09/2022 12:14:00 INFO]: Training accuracy at epoch 26: 100.0
[10/09/2022 12:14:00 INFO]: Val accuracy at epoch 26: 100.0
[10/09/2022 12:14:00 INFO]: Saving model to: model_.pth
[10/09/2022 12:14:28 INFO]: Training loss at epoch 27: 0.03960868751305924
[10/09/2022 12:14:28 INFO]: Training accuracy at epoch 27: 99.95
[10/09/2022 12:14:28 INFO]: Val accuracy at epoch 27: 100.0
[10/09/2022 12:14:28 INFO]: Saving model to: model_.pth
[10/09/2022 12:14:58 INFO]: Training loss at epoch 28: 0.2829959010020275
[10/09/2022 12:14:58 INFO]: Training accuracy at epoch 28: 69.55
[10/09/2022 12:14:58 INFO]: Val accuracy at epoch 28: 39.900001525878906
[10/09/2022 12:14:58 INFO]: Saving model to: model_.pth
[10/09/2022 12:15:23 INFO]: Training loss at epoch 29: 0.11913397915906146
[10/09/2022 12:15:23 INFO]: Training accuracy at epoch 29: 95.1
[10/09/2022 12:15:23 INFO]: Val accuracy at epoch 29: 93.8499984741211
[10/09/2022 12:15:23 INFO]: Saving model to: model_.pth
[10/09/2022 12:15:56 INFO]: Training loss at epoch 30: 0.15037686989960547
[10/09/2022 12:15:56 INFO]: Training accuracy at epoch 30: 93.9625
[10/09/2022 12:15:56 INFO]: Val accuracy at epoch 30: 100.0
[10/09/2022 12:15:56 INFO]: Saving model to: model_.pth
[10/09/2022 12:16:28 INFO]: Training loss at epoch 31: 0.06977902015219115
[10/09/2022 12:16:28 INFO]: Training accuracy at epoch 31: 100.0
[10/09/2022 12:16:28 INFO]: Val accuracy at epoch 31: 100.0
[10/09/2022 12:16:28 INFO]: Saving model to: model_.pth
[10/09/2022 12:17:01 INFO]: Training loss at epoch 32: 0.17907922494405284
[10/09/2022 12:17:01 INFO]: Training accuracy at epoch 32: 97.9
[10/09/2022 12:17:01 INFO]: Val accuracy at epoch 32: 96.30000305175781
[10/09/2022 12:17:01 INFO]: Saving model to: model_.pth
[10/09/2022 12:17:28 INFO]: Training loss at epoch 33: 1.8844768721814034
[10/09/2022 12:17:28 INFO]: Training accuracy at epoch 33: 9.725
[10/09/2022 12:17:28 INFO]: Val accuracy at epoch 33: 0.0
[10/09/2022 12:17:28 INFO]: Saving model to: model_.pth
[10/09/2022 12:17:58 INFO]: Training loss at epoch 34: 5.60741791735702
[10/09/2022 12:17:58 INFO]: Training accuracy at epoch 34: 58.0125
[10/09/2022 12:17:58 INFO]: Val accuracy at epoch 34: 100.0
[10/09/2022 12:17:58 INFO]: Saving model to: model_.pth
[10/09/2022 12:18:27 INFO]: Training loss at epoch 35: 0.08086876451329772
[10/09/2022 12:18:27 INFO]: Training accuracy at epoch 35: 99.725
[10/09/2022 12:18:27 INFO]: Val accuracy at epoch 35: 100.0
[10/09/2022 12:18:27 INFO]: Saving model to: model_.pth
[10/09/2022 12:18:56 INFO]: Training loss at epoch 36: 0.08204481837777991
[10/09/2022 12:18:56 INFO]: Training accuracy at epoch 36: 100.0
[10/09/2022 12:18:56 INFO]: Val accuracy at epoch 36: 100.0
[10/09/2022 12:18:56 INFO]: Saving model to: model_.pth
[10/09/2022 12:19:24 INFO]: Training loss at epoch 37: 0.0482413278926483
[10/09/2022 12:19:24 INFO]: Training accuracy at epoch 37: 100.0
[10/09/2022 12:19:24 INFO]: Val accuracy at epoch 37: 100.0
[10/09/2022 12:19:24 INFO]: Saving model to: model_.pth
[10/09/2022 12:19:54 INFO]: Training loss at epoch 38: 0.08118226826040882
[10/09/2022 12:19:54 INFO]: Training accuracy at epoch 38: 99.875
[10/09/2022 12:19:54 INFO]: Val accuracy at epoch 38: 100.0
[10/09/2022 12:19:54 INFO]: Saving model to: model_.pth
[10/09/2022 12:20:22 INFO]: Training loss at epoch 39: 0.07436619785619883
[10/09/2022 12:20:22 INFO]: Training accuracy at epoch 39: 100.0
[10/09/2022 12:20:22 INFO]: Val accuracy at epoch 39: 100.0
[10/09/2022 12:22:13 INFO]: Training accuracy: {30: 100.0}
[10/09/2022 12:22:13 INFO]: Val accuracy: {30: 100.0}
[10/09/2022 12:22:13 INFO]: Test accuracy (hard data): {30: 0.0}
[10/09/2022 12:22:13 INFO]: Saving model to: model_.pth
[10/09/2022 12:22:42 INFO]: Training loss at epoch 40: 0.4190559332340603
[10/09/2022 12:22:42 INFO]: Training accuracy at epoch 40: 52.275
[10/09/2022 12:22:42 INFO]: Val accuracy at epoch 40: 0.8500000238418579
[10/09/2022 12:22:42 INFO]: Saving model to: model_.pth
[10/09/2022 12:23:10 INFO]: Training loss at epoch 41: 0.7007242971103551
[10/09/2022 12:23:10 INFO]: Training accuracy at epoch 41: 25.65
[10/09/2022 12:23:10 INFO]: Val accuracy at epoch 41: 99.44999694824219
[10/09/2022 12:23:10 INFO]: Saving model to: model_.pth
[10/09/2022 12:23:37 INFO]: Training loss at epoch 42: 0.08065919684067921
[10/09/2022 12:23:37 INFO]: Training accuracy at epoch 42: 95.1
[10/09/2022 12:23:37 INFO]: Val accuracy at epoch 42: 100.0
[10/09/2022 12:23:37 INFO]: Saving model to: model_.pth
[10/09/2022 12:24:09 INFO]: Training loss at epoch 43: 0.13643112567151264
[10/09/2022 12:24:09 INFO]: Training accuracy at epoch 43: 73.9375
[10/09/2022 12:24:09 INFO]: Val accuracy at epoch 43: 99.94999694824219
[10/09/2022 12:24:09 INFO]: Saving model to: model_.pth
[10/09/2022 12:24:37 INFO]: Training loss at epoch 44: 0.08199309164956219
[10/09/2022 12:24:37 INFO]: Training accuracy at epoch 44: 99.9875
[10/09/2022 12:24:37 INFO]: Val accuracy at epoch 44: 100.0
[10/09/2022 12:24:37 INFO]: Saving model to: model_.pth
[10/09/2022 12:25:07 INFO]: Training loss at epoch 45: 0.050884436538609634
[10/09/2022 12:25:07 INFO]: Training accuracy at epoch 45: 100.0
[10/09/2022 12:25:07 INFO]: Val accuracy at epoch 45: 100.0
[10/09/2022 12:25:07 INFO]: Saving model to: model_.pth
[10/09/2022 12:25:38 INFO]: Training loss at epoch 46: 0.07304882420593728
[10/09/2022 12:25:38 INFO]: Training accuracy at epoch 46: 100.0
[10/09/2022 12:25:38 INFO]: Val accuracy at epoch 46: 100.0
[10/09/2022 12:25:38 INFO]: Saving model to: model_.pth
[10/09/2022 12:26:10 INFO]: Training loss at epoch 47: 0.08241859518126375
[10/09/2022 12:26:10 INFO]: Training accuracy at epoch 47: 100.0
[10/09/2022 12:26:10 INFO]: Val accuracy at epoch 47: 100.0
[10/09/2022 12:26:10 INFO]: Saving model to: model_.pth
[10/09/2022 12:26:43 INFO]: Training loss at epoch 48: 0.052717720921131674
[10/09/2022 12:26:43 INFO]: Training accuracy at epoch 48: 100.0
[10/09/2022 12:26:43 INFO]: Val accuracy at epoch 48: 100.0
[10/09/2022 12:26:43 INFO]: Saving model to: model_.pth
[10/09/2022 12:27:12 INFO]: Training loss at epoch 49: 0.07706283947901227
[10/09/2022 12:27:12 INFO]: Training accuracy at epoch 49: 99.9875
[10/09/2022 12:27:12 INFO]: Val accuracy at epoch 49: 100.0
[10/09/2022 12:27:12 INFO]: Saving model to: model_.pth
[10/09/2022 12:27:42 INFO]: Training loss at epoch 50: 0.059741199347686805
[10/09/2022 12:27:42 INFO]: Training accuracy at epoch 50: 99.4375
[10/09/2022 12:27:42 INFO]: Val accuracy at epoch 50: 100.0
[10/09/2022 12:27:42 INFO]: Saving model to: model_.pth
[10/09/2022 12:28:10 INFO]: Training loss at epoch 51: 0.027755391519773555
[10/09/2022 12:28:10 INFO]: Training accuracy at epoch 51: 100.0
[10/09/2022 12:28:10 INFO]: Val accuracy at epoch 51: 100.0
[10/09/2022 12:28:10 INFO]: Saving model to: model_.pth
[10/09/2022 12:28:40 INFO]: Training loss at epoch 52: 0.30686142212971745
[10/09/2022 12:28:40 INFO]: Training accuracy at epoch 52: 67.4375
[10/09/2022 12:28:40 INFO]: Val accuracy at epoch 52: 99.94999694824219
[10/09/2022 12:28:40 INFO]: Saving model to: model_.pth
[10/09/2022 12:29:09 INFO]: Training loss at epoch 53: 0.07272797164631868
[10/09/2022 12:29:09 INFO]: Training accuracy at epoch 53: 98.75
[10/09/2022 12:29:09 INFO]: Val accuracy at epoch 53: 100.0
[10/09/2022 12:29:09 INFO]: Saving model to: model_.pth
[10/09/2022 12:29:36 INFO]: Training loss at epoch 54: 0.06932746901771907
[10/09/2022 12:29:36 INFO]: Training accuracy at epoch 54: 99.9875
[10/09/2022 12:29:36 INFO]: Val accuracy at epoch 54: 100.0
[10/09/2022 12:29:36 INFO]: Saving model to: model_.pth
[10/09/2022 12:30:10 INFO]: Training loss at epoch 55: 0.09086062075942891
[10/09/2022 12:30:10 INFO]: Training accuracy at epoch 55: 96.575
[10/09/2022 12:30:10 INFO]: Val accuracy at epoch 55: 100.0
[10/09/2022 12:30:10 INFO]: Saving model to: model_.pth
[10/09/2022 12:30:37 INFO]: Training loss at epoch 56: 0.08008114169060718
[10/09/2022 12:30:37 INFO]: Training accuracy at epoch 56: 99.95
[10/09/2022 12:30:37 INFO]: Val accuracy at epoch 56: 100.0
[10/09/2022 12:30:37 INFO]: Saving model to: model_.pth
[10/09/2022 12:31:07 INFO]: Training loss at epoch 57: 0.058461087620366926
[10/09/2022 12:31:07 INFO]: Training accuracy at epoch 57: 100.0
[10/09/2022 12:31:07 INFO]: Val accuracy at epoch 57: 99.94999694824219
[10/09/2022 12:31:07 INFO]: Saving model to: model_.pth
[10/09/2022 12:31:36 INFO]: Training loss at epoch 58: 0.04487434559459871
[10/09/2022 12:31:36 INFO]: Training accuracy at epoch 58: 99.95
[10/09/2022 12:31:36 INFO]: Val accuracy at epoch 58: 100.0
[10/09/2022 12:31:36 INFO]: Saving model to: model_.pth
[10/09/2022 12:32:06 INFO]: Training loss at epoch 59: 0.014746248044004063
[10/09/2022 12:32:06 INFO]: Training accuracy at epoch 59: 100.0
[10/09/2022 12:32:06 INFO]: Val accuracy at epoch 59: 100.0
[10/09/2022 12:33:57 INFO]: Training accuracy: {30: 100.0}
[10/09/2022 12:33:57 INFO]: Val accuracy: {30: 100.0}
[10/09/2022 12:33:57 INFO]: Test accuracy (hard data): {30: 0.0}
[10/09/2022 12:33:57 INFO]: Saving model to: model_.pth
[10/09/2022 12:34:26 INFO]: Training loss at epoch 60: 0.054602863526338294
[10/09/2022 12:34:26 INFO]: Training accuracy at epoch 60: 100.0
[10/09/2022 12:34:26 INFO]: Val accuracy at epoch 60: 100.0
[10/09/2022 12:34:26 INFO]: Saving model to: model_.pth
[10/09/2022 12:34:58 INFO]: Training loss at epoch 61: 0.01970775382976626
[10/09/2022 12:34:58 INFO]: Training accuracy at epoch 61: 100.0
[10/09/2022 12:34:58 INFO]: Val accuracy at epoch 61: 100.0
[10/09/2022 12:34:58 INFO]: Saving model to: model_.pth
[10/09/2022 12:35:25 INFO]: Training loss at epoch 62: 0.036930573394636214
[10/09/2022 12:35:25 INFO]: Training accuracy at epoch 62: 100.0
[10/09/2022 12:35:25 INFO]: Val accuracy at epoch 62: 100.0
[10/09/2022 12:35:25 INFO]: Saving model to: model_.pth
[10/09/2022 12:36:00 INFO]: Training loss at epoch 63: 0.03729580796027108
[10/09/2022 12:36:00 INFO]: Training accuracy at epoch 63: 100.0
[10/09/2022 12:36:00 INFO]: Val accuracy at epoch 63: 100.0
[10/09/2022 12:36:00 INFO]: Saving model to: model_.pth
[10/09/2022 12:36:28 INFO]: Training loss at epoch 64: 0.044009205660066185
[10/09/2022 12:36:28 INFO]: Training accuracy at epoch 64: 100.0
[10/09/2022 12:36:28 INFO]: Val accuracy at epoch 64: 100.0
[10/09/2022 12:36:28 INFO]: Saving model to: model_.pth
[10/09/2022 12:36:56 INFO]: Training loss at epoch 65: 0.03493882322184163
[10/09/2022 12:36:56 INFO]: Training accuracy at epoch 65: 100.0
[10/09/2022 12:36:56 INFO]: Val accuracy at epoch 65: 100.0
[10/09/2022 12:36:56 INFO]: Saving model to: model_.pth
[10/09/2022 12:37:25 INFO]: Training loss at epoch 66: 0.01024878176469599
[10/09/2022 12:37:25 INFO]: Training accuracy at epoch 66: 100.0
[10/09/2022 12:37:25 INFO]: Val accuracy at epoch 66: 100.0
[10/09/2022 12:37:25 INFO]: Saving model to: model_.pth
[10/09/2022 12:37:57 INFO]: Training loss at epoch 67: 0.027682107736016804
[10/09/2022 12:37:57 INFO]: Training accuracy at epoch 67: 100.0
[10/09/2022 12:37:57 INFO]: Val accuracy at epoch 67: 100.0
[10/09/2022 12:37:57 INFO]: Saving model to: model_.pth
[10/09/2022 12:38:26 INFO]: Training loss at epoch 68: 0.020442618997022065
[10/09/2022 12:38:26 INFO]: Training accuracy at epoch 68: 100.0
[10/09/2022 12:38:26 INFO]: Val accuracy at epoch 68: 100.0
[10/09/2022 12:38:26 INFO]: Saving model to: model_.pth
[10/09/2022 12:39:01 INFO]: Training loss at epoch 69: 0.03229552196497352
[10/09/2022 12:39:01 INFO]: Training accuracy at epoch 69: 100.0
[10/09/2022 12:39:01 INFO]: Val accuracy at epoch 69: 100.0
[10/09/2022 12:39:01 INFO]: Saving model to: model_.pth
[10/09/2022 12:39:29 INFO]: Training loss at epoch 70: 0.02786113871137985
[10/09/2022 12:39:29 INFO]: Training accuracy at epoch 70: 100.0
[10/09/2022 12:39:29 INFO]: Val accuracy at epoch 70: 100.0
[10/09/2022 12:39:29 INFO]: Saving model to: model_.pth
[10/09/2022 12:39:58 INFO]: Training loss at epoch 71: 0.025679938992227848
[10/09/2022 12:39:58 INFO]: Training accuracy at epoch 71: 100.0
[10/09/2022 12:39:58 INFO]: Val accuracy at epoch 71: 100.0
[10/09/2022 12:39:58 INFO]: Saving model to: model_.pth
[10/09/2022 12:40:27 INFO]: Training loss at epoch 72: 0.024359579402889152
[10/09/2022 12:40:27 INFO]: Training accuracy at epoch 72: 100.0
[10/09/2022 12:40:27 INFO]: Val accuracy at epoch 72: 100.0
[10/09/2022 12:40:27 INFO]: Saving model to: model_.pth
[10/09/2022 12:40:57 INFO]: Training loss at epoch 73: 0.01904503741295329
[10/09/2022 12:40:57 INFO]: Training accuracy at epoch 73: 100.0
[10/09/2022 12:40:57 INFO]: Val accuracy at epoch 73: 100.0
[10/09/2022 12:40:57 INFO]: Saving model to: model_.pth
[10/09/2022 12:41:32 INFO]: Training loss at epoch 74: 0.014826068348860133
[10/09/2022 12:41:32 INFO]: Training accuracy at epoch 74: 100.0
[10/09/2022 12:41:32 INFO]: Val accuracy at epoch 74: 100.0
[10/09/2022 12:41:32 INFO]: Saving model to: model_.pth
[10/09/2022 12:42:02 INFO]: Training loss at epoch 75: 0.011278203059326586
[10/09/2022 12:42:02 INFO]: Training accuracy at epoch 75: 100.0
[10/09/2022 12:42:02 INFO]: Val accuracy at epoch 75: 100.0
[10/09/2022 12:42:02 INFO]: Saving model to: model_.pth
[10/09/2022 12:42:33 INFO]: Training loss at epoch 76: 0.01262721253686081
[10/09/2022 12:42:33 INFO]: Training accuracy at epoch 76: 100.0
[10/09/2022 12:42:33 INFO]: Val accuracy at epoch 76: 100.0
[10/09/2022 12:42:33 INFO]: Saving model to: model_.pth
[10/09/2022 12:43:03 INFO]: Training loss at epoch 77: 0.011955482821229425
[10/09/2022 12:43:03 INFO]: Training accuracy at epoch 77: 100.0
[10/09/2022 12:43:03 INFO]: Val accuracy at epoch 77: 100.0
[10/09/2022 12:43:03 INFO]: Saving model to: model_.pth
[10/09/2022 12:43:33 INFO]: Training loss at epoch 78: 0.04056524488759976
[10/09/2022 12:43:33 INFO]: Training accuracy at epoch 78: 100.0
[10/09/2022 12:43:33 INFO]: Val accuracy at epoch 78: 100.0
[10/09/2022 12:43:33 INFO]: Saving model to: model_.pth
[10/09/2022 12:44:02 INFO]: Training loss at epoch 79: 0.019191467158259458
[10/09/2022 12:44:02 INFO]: Training accuracy at epoch 79: 100.0
[10/09/2022 12:44:02 INFO]: Val accuracy at epoch 79: 100.0
[10/09/2022 12:45:53 INFO]: Training accuracy: {30: 100.0}
[10/09/2022 12:45:53 INFO]: Val accuracy: {30: 100.0}
[10/09/2022 12:45:53 INFO]: Test accuracy (hard data): {30: 0.0}
[10/09/2022 12:45:53 INFO]: Saving model to: model_.pth
[10/09/2022 12:46:23 INFO]: Training loss at epoch 80: 0.01818958396754624
[10/09/2022 12:46:23 INFO]: Training accuracy at epoch 80: 100.0
[10/09/2022 12:46:23 INFO]: Val accuracy at epoch 80: 100.0
[10/09/2022 12:46:23 INFO]: Saving model to: model_.pth
[10/09/2022 12:46:57 INFO]: Training loss at epoch 81: 0.01748947581669853
[10/09/2022 12:46:57 INFO]: Training accuracy at epoch 81: 100.0
[10/09/2022 12:46:57 INFO]: Val accuracy at epoch 81: 100.0
[10/09/2022 12:46:57 INFO]: Saving model to: model_.pth
[10/09/2022 12:47:24 INFO]: Training loss at epoch 82: 0.018887131731898422
[10/09/2022 12:47:24 INFO]: Training accuracy at epoch 82: 100.0
[10/09/2022 12:47:24 INFO]: Val accuracy at epoch 82: 100.0
[10/09/2022 12:47:24 INFO]: Saving model to: model_.pth
[10/09/2022 12:47:56 INFO]: Training loss at epoch 83: 0.01734926617737642
[10/09/2022 12:47:56 INFO]: Training accuracy at epoch 83: 100.0
[10/09/2022 12:47:56 INFO]: Val accuracy at epoch 83: 100.0
[10/09/2022 12:47:56 INFO]: Saving model to: model_.pth
[10/09/2022 12:48:31 INFO]: Training loss at epoch 84: 0.04009597820219142
[10/09/2022 12:48:31 INFO]: Training accuracy at epoch 84: 99.9875
[10/09/2022 12:48:31 INFO]: Val accuracy at epoch 84: 100.0
[10/09/2022 12:48:31 INFO]: Saving model to: model_.pth
[10/09/2022 12:48:56 INFO]: Training loss at epoch 85: 0.017764216368891538
[10/09/2022 12:48:56 INFO]: Training accuracy at epoch 85: 100.0
[10/09/2022 12:48:56 INFO]: Val accuracy at epoch 85: 100.0
[10/09/2022 12:48:56 INFO]: Saving model to: model_.pth
[10/09/2022 12:49:26 INFO]: Training loss at epoch 86: 0.020885840788270115
[10/09/2022 12:49:26 INFO]: Training accuracy at epoch 86: 100.0
[10/09/2022 12:49:26 INFO]: Val accuracy at epoch 86: 100.0
[10/09/2022 12:49:26 INFO]: Saving model to: model_.pth
[10/09/2022 12:49:57 INFO]: Training loss at epoch 87: 0.004194055851303347
[10/09/2022 12:49:57 INFO]: Training accuracy at epoch 87: 100.0
[10/09/2022 12:49:57 INFO]: Val accuracy at epoch 87: 100.0
[10/09/2022 12:49:57 INFO]: Saving model to: model_.pth
[10/09/2022 12:50:28 INFO]: Training loss at epoch 88: 0.03197033650564265
[10/09/2022 12:50:28 INFO]: Training accuracy at epoch 88: 100.0
[10/09/2022 12:50:28 INFO]: Val accuracy at epoch 88: 100.0
[10/09/2022 12:50:28 INFO]: Saving model to: model_.pth
[10/09/2022 12:50:57 INFO]: Training loss at epoch 89: 0.019547942224082248
[10/09/2022 12:50:57 INFO]: Training accuracy at epoch 89: 100.0
[10/09/2022 12:50:57 INFO]: Val accuracy at epoch 89: 100.0
[10/09/2022 12:50:57 INFO]: Saving model to: model_.pth
[10/09/2022 12:51:31 INFO]: Training loss at epoch 90: 0.017131057914144775
[10/09/2022 12:51:31 INFO]: Training accuracy at epoch 90: 100.0
[10/09/2022 12:51:31 INFO]: Val accuracy at epoch 90: 100.0
[10/09/2022 12:51:31 INFO]: Saving model to: model_.pth
[10/09/2022 12:52:06 INFO]: Training loss at epoch 91: 0.019625951387129702
[10/09/2022 12:52:06 INFO]: Training accuracy at epoch 91: 100.0
[10/09/2022 12:52:06 INFO]: Val accuracy at epoch 91: 100.0
[10/09/2022 12:52:06 INFO]: Saving model to: model_.pth
[10/09/2022 12:52:32 INFO]: Training loss at epoch 92: 0.0181800409327451
[10/09/2022 12:52:32 INFO]: Training accuracy at epoch 92: 100.0
[10/09/2022 12:52:32 INFO]: Val accuracy at epoch 92: 100.0
[10/09/2022 12:52:32 INFO]: Saving model to: model_.pth
[10/09/2022 12:53:03 INFO]: Training loss at epoch 93: 0.01574039905968334
[10/09/2022 12:53:03 INFO]: Training accuracy at epoch 93: 100.0
[10/09/2022 12:53:03 INFO]: Val accuracy at epoch 93: 100.0
[10/09/2022 12:53:03 INFO]: Saving model to: model_.pth
[10/09/2022 12:53:34 INFO]: Training loss at epoch 94: 0.03660487903505043
[10/09/2022 12:53:34 INFO]: Training accuracy at epoch 94: 100.0
[10/09/2022 12:53:34 INFO]: Val accuracy at epoch 94: 100.0
[10/09/2022 12:53:34 INFO]: Saving model to: model_.pth
[10/09/2022 12:54:03 INFO]: Training loss at epoch 95: 0.012323969853812854
[10/09/2022 12:54:03 INFO]: Training accuracy at epoch 95: 100.0
[10/09/2022 12:54:03 INFO]: Val accuracy at epoch 95: 100.0
[10/09/2022 12:54:03 INFO]: Saving model to: model_.pth
[10/09/2022 12:54:36 INFO]: Training loss at epoch 96: 0.011515841852263975
[10/09/2022 12:54:36 INFO]: Training accuracy at epoch 96: 99.9875
[10/09/2022 12:54:36 INFO]: Val accuracy at epoch 96: 100.0
[10/09/2022 12:54:36 INFO]: Saving model to: model_.pth
[10/09/2022 12:55:06 INFO]: Training loss at epoch 97: 0.01983806687337051
[10/09/2022 12:55:06 INFO]: Training accuracy at epoch 97: 100.0
[10/09/2022 12:55:06 INFO]: Val accuracy at epoch 97: 100.0
[10/09/2022 12:55:06 INFO]: Saving model to: model_.pth
[10/09/2022 12:55:36 INFO]: Training loss at epoch 98: 0.010459125803330948
[10/09/2022 12:55:36 INFO]: Training accuracy at epoch 98: 100.0
[10/09/2022 12:55:36 INFO]: Val accuracy at epoch 98: 100.0
[10/09/2022 12:55:36 INFO]: Saving model to: model_.pth
[10/09/2022 12:56:05 INFO]: Training loss at epoch 99: 0.0035935136107909217
[10/09/2022 12:56:05 INFO]: Training accuracy at epoch 99: 100.0
[10/09/2022 12:56:05 INFO]: Val accuracy at epoch 99: 100.0
[10/09/2022 12:57:57 INFO]: Training accuracy: {30: 100.0}
[10/09/2022 12:57:57 INFO]: Val accuracy: {30: 100.0}
[10/09/2022 12:57:57 INFO]: Test accuracy (hard data): {30: 0.0}
[10/09/2022 12:57:57 INFO]: Saving model to: model_.pth
[10/09/2022 12:58:26 INFO]: Training loss at epoch 100: 0.005464673613826676
[10/09/2022 12:58:26 INFO]: Training accuracy at epoch 100: 100.0
[10/09/2022 12:58:26 INFO]: Val accuracy at epoch 100: 100.0
[10/09/2022 12:58:26 INFO]: Saving model to: model_.pth
[10/09/2022 12:58:53 INFO]: Training loss at epoch 101: 0.025258628412359485
[10/09/2022 12:58:53 INFO]: Training accuracy at epoch 101: 100.0
[10/09/2022 12:58:53 INFO]: Val accuracy at epoch 101: 100.0
[10/09/2022 12:58:53 INFO]: Saving model to: model_.pth
[10/09/2022 12:59:25 INFO]: Training loss at epoch 102: 0.013719174590792704
[10/09/2022 12:59:25 INFO]: Training accuracy at epoch 102: 100.0
[10/09/2022 12:59:25 INFO]: Val accuracy at epoch 102: 100.0
[10/09/2022 12:59:25 INFO]: Saving model to: model_.pth
[10/09/2022 12:59:54 INFO]: Training loss at epoch 103: 0.007940372311401234
[10/09/2022 12:59:54 INFO]: Training accuracy at epoch 103: 100.0
[10/09/2022 12:59:54 INFO]: Val accuracy at epoch 103: 100.0
[10/09/2022 12:59:54 INFO]: Saving model to: model_.pth
[10/09/2022 13:00:25 INFO]: Training loss at epoch 104: 0.003046637806917829
[10/09/2022 13:00:25 INFO]: Training accuracy at epoch 104: 100.0
[10/09/2022 13:00:25 INFO]: Val accuracy at epoch 104: 100.0
[10/09/2022 13:00:25 INFO]: Saving model to: model_.pth
[10/09/2022 13:01:00 INFO]: Training loss at epoch 105: 0.025577013458597263
[10/09/2022 13:01:00 INFO]: Training accuracy at epoch 105: 100.0
[10/09/2022 13:01:00 INFO]: Val accuracy at epoch 105: 100.0
[10/09/2022 13:01:00 INFO]: Saving model to: model_.pth
[10/09/2022 13:01:27 INFO]: Training loss at epoch 106: 0.01482015031923396
[10/09/2022 13:01:27 INFO]: Training accuracy at epoch 106: 100.0
[10/09/2022 13:01:27 INFO]: Val accuracy at epoch 106: 100.0
[10/09/2022 13:01:27 INFO]: Saving model to: model_.pth
[10/09/2022 13:01:55 INFO]: Training loss at epoch 107: 0.0068501074168977995
[10/09/2022 13:01:55 INFO]: Training accuracy at epoch 107: 100.0
[10/09/2022 13:01:55 INFO]: Val accuracy at epoch 107: 100.0
[10/09/2022 13:01:55 INFO]: Saving model to: model_.pth
[10/09/2022 13:02:24 INFO]: Training loss at epoch 108: 0.008227244020660152
[10/09/2022 13:02:24 INFO]: Training accuracy at epoch 108: 100.0
[10/09/2022 13:02:24 INFO]: Val accuracy at epoch 108: 100.0
[10/09/2022 13:02:24 INFO]: Saving model to: model_.pth
[10/09/2022 13:02:54 INFO]: Training loss at epoch 109: 0.03356519000367584
[10/09/2022 13:02:54 INFO]: Training accuracy at epoch 109: 100.0
[10/09/2022 13:02:54 INFO]: Val accuracy at epoch 109: 100.0
[10/09/2022 13:02:54 INFO]: Saving model to: model_.pth
[10/09/2022 13:03:25 INFO]: Training loss at epoch 110: 0.015647582003308003
[10/09/2022 13:03:25 INFO]: Training accuracy at epoch 110: 100.0
[10/09/2022 13:03:25 INFO]: Val accuracy at epoch 110: 100.0
[10/09/2022 13:03:25 INFO]: Saving model to: model_.pth
[10/09/2022 13:03:55 INFO]: Training loss at epoch 111: 0.009597063277031026
[10/09/2022 13:03:55 INFO]: Training accuracy at epoch 111: 100.0
[10/09/2022 13:03:55 INFO]: Val accuracy at epoch 111: 100.0
[10/09/2022 13:03:55 INFO]: Saving model to: model_.pth
[10/09/2022 13:04:25 INFO]: Training loss at epoch 112: 0.005082439921277171
[10/09/2022 13:04:25 INFO]: Training accuracy at epoch 112: 100.0
[10/09/2022 13:04:25 INFO]: Val accuracy at epoch 112: 100.0
[10/09/2022 13:04:25 INFO]: Saving model to: model_.pth
[10/09/2022 13:04:54 INFO]: Training loss at epoch 113: 0.02188994336779402
[10/09/2022 13:04:54 INFO]: Training accuracy at epoch 113: 100.0
[10/09/2022 13:04:54 INFO]: Val accuracy at epoch 113: 100.0
[10/09/2022 13:04:54 INFO]: Saving model to: model_.pth
[10/09/2022 13:05:22 INFO]: Training loss at epoch 114: 0.012089668147158505
[10/09/2022 13:05:22 INFO]: Training accuracy at epoch 114: 100.0
[10/09/2022 13:05:22 INFO]: Val accuracy at epoch 114: 100.0
[10/09/2022 13:05:22 INFO]: Saving model to: model_.pth
[10/09/2022 13:05:51 INFO]: Training loss at epoch 115: 0.022495538840995977
[10/09/2022 13:05:51 INFO]: Training accuracy at epoch 115: 100.0
[10/09/2022 13:05:51 INFO]: Val accuracy at epoch 115: 100.0
[10/09/2022 13:05:51 INFO]: Saving model to: model_.pth
[10/09/2022 13:06:22 INFO]: Training loss at epoch 116: 0.03393805830896142
[10/09/2022 13:06:22 INFO]: Training accuracy at epoch 116: 100.0
[10/09/2022 13:06:22 INFO]: Val accuracy at epoch 116: 100.0
[10/09/2022 13:06:22 INFO]: Saving model to: model_.pth
[10/09/2022 13:06:52 INFO]: Training loss at epoch 117: 0.014982382412140182
[10/09/2022 13:06:52 INFO]: Training accuracy at epoch 117: 100.0
[10/09/2022 13:06:52 INFO]: Val accuracy at epoch 117: 100.0
[10/09/2022 13:06:52 INFO]: Saving model to: model_.pth
[10/09/2022 13:07:22 INFO]: Training loss at epoch 118: 0.009869573777142194
[10/09/2022 13:07:22 INFO]: Training accuracy at epoch 118: 100.0
[10/09/2022 13:07:22 INFO]: Val accuracy at epoch 118: 100.0
[10/09/2022 13:07:22 INFO]: Saving model to: model_.pth
[10/09/2022 13:07:57 INFO]: Training loss at epoch 119: 0.011158153912615987
[10/09/2022 13:07:57 INFO]: Training accuracy at epoch 119: 100.0
[10/09/2022 13:07:57 INFO]: Val accuracy at epoch 119: 100.0
[10/09/2022 13:09:48 INFO]: Training accuracy: {30: 100.0}
[10/09/2022 13:09:48 INFO]: Val accuracy: {30: 100.0}
[10/09/2022 13:09:48 INFO]: Test accuracy (hard data): {30: 0.0}
[10/09/2022 13:09:48 INFO]: Saving model to: model_.pth
[10/09/2022 13:10:18 INFO]: Training loss at epoch 120: 0.016953635803876564
[10/09/2022 13:10:18 INFO]: Training accuracy at epoch 120: 100.0
[10/09/2022 13:10:18 INFO]: Val accuracy at epoch 120: 100.0
[10/09/2022 13:10:18 INFO]: Saving model to: model_.pth
[10/09/2022 13:10:45 INFO]: Training loss at epoch 121: 0.005649167112938613
[10/09/2022 13:10:45 INFO]: Training accuracy at epoch 121: 100.0
[10/09/2022 13:10:45 INFO]: Val accuracy at epoch 121: 100.0
[10/09/2022 13:10:45 INFO]: Saving model to: model_.pth
[10/09/2022 13:11:15 INFO]: Training loss at epoch 122: 0.017110109826470675
[10/09/2022 13:11:15 INFO]: Training accuracy at epoch 122: 100.0
[10/09/2022 13:11:15 INFO]: Val accuracy at epoch 122: 100.0
[10/09/2022 13:11:15 INFO]: Saving model to: model_.pth
[10/09/2022 13:11:44 INFO]: Training loss at epoch 123: 0.017122972222639987
[10/09/2022 13:11:44 INFO]: Training accuracy at epoch 123: 100.0
[10/09/2022 13:11:44 INFO]: Val accuracy at epoch 123: 100.0
[10/09/2022 13:11:44 INFO]: Saving model to: model_.pth
[10/09/2022 13:12:12 INFO]: Training loss at epoch 124: 0.01770699049292581
[10/09/2022 13:12:12 INFO]: Training accuracy at epoch 124: 100.0
[10/09/2022 13:12:12 INFO]: Val accuracy at epoch 124: 99.94999694824219
[10/09/2022 13:12:12 INFO]: Saving model to: model_.pth
[10/09/2022 13:12:44 INFO]: Training loss at epoch 125: 0.0018718782559375314
[10/09/2022 13:12:44 INFO]: Training accuracy at epoch 125: 100.0
[10/09/2022 13:12:44 INFO]: Val accuracy at epoch 125: 100.0
[10/09/2022 13:12:44 INFO]: Saving model to: model_.pth
[10/09/2022 13:13:13 INFO]: Training loss at epoch 126: 0.014485035261400015
[10/09/2022 13:13:13 INFO]: Training accuracy at epoch 126: 99.9875
[10/09/2022 13:13:13 INFO]: Val accuracy at epoch 126: 99.94999694824219
[10/09/2022 13:13:13 INFO]: Saving model to: model_.pth
[10/09/2022 13:13:43 INFO]: Training loss at epoch 127: 0.01069634224014564
[10/09/2022 13:13:43 INFO]: Training accuracy at epoch 127: 99.9875
[10/09/2022 13:13:43 INFO]: Val accuracy at epoch 127: 99.94999694824219
[10/09/2022 13:13:43 INFO]: Saving model to: model_.pth
[10/09/2022 13:14:09 INFO]: Training loss at epoch 128: 0.016091399023035535
[10/09/2022 13:14:09 INFO]: Training accuracy at epoch 128: 99.9875
[10/09/2022 13:14:09 INFO]: Val accuracy at epoch 128: 99.9000015258789
[10/09/2022 13:14:09 INFO]: Saving model to: model_.pth
[10/09/2022 13:14:43 INFO]: Training loss at epoch 129: 0.01219396341805563
[10/09/2022 13:14:43 INFO]: Training accuracy at epoch 129: 99.9875
[10/09/2022 13:14:43 INFO]: Val accuracy at epoch 129: 99.9000015258789
[10/09/2022 13:14:43 INFO]: Saving model to: model_.pth
[10/09/2022 13:15:14 INFO]: Training loss at epoch 130: 0.008783271767684652
[10/09/2022 13:15:14 INFO]: Training accuracy at epoch 130: 99.9875
[10/09/2022 13:15:14 INFO]: Val accuracy at epoch 130: 99.9000015258789
[10/09/2022 13:15:14 INFO]: Saving model to: model_.pth
[10/09/2022 13:15:44 INFO]: Training loss at epoch 131: 0.013022585756547755
[10/09/2022 13:15:44 INFO]: Training accuracy at epoch 131: 99.9875
[10/09/2022 13:15:44 INFO]: Val accuracy at epoch 131: 99.94999694824219
[10/09/2022 13:15:44 INFO]: Saving model to: model_.pth
[10/09/2022 13:16:16 INFO]: Training loss at epoch 132: 0.017085216723479846
[10/09/2022 13:16:16 INFO]: Training accuracy at epoch 132: 99.9875
[10/09/2022 13:16:16 INFO]: Val accuracy at epoch 132: 99.94999694824219
[10/09/2022 13:16:16 INFO]: Saving model to: model_.pth
[10/09/2022 13:16:44 INFO]: Training loss at epoch 133: 0.01426992828597946
[10/09/2022 13:16:44 INFO]: Training accuracy at epoch 133: 99.9875
[10/09/2022 13:16:44 INFO]: Val accuracy at epoch 133: 99.94999694824219
[10/09/2022 13:16:44 INFO]: Saving model to: model_.pth
[10/09/2022 13:17:14 INFO]: Training loss at epoch 134: 0.007406134745418669
[10/09/2022 13:17:14 INFO]: Training accuracy at epoch 134: 99.9875
[10/09/2022 13:17:14 INFO]: Val accuracy at epoch 134: 99.94999694824219
[10/09/2022 13:17:14 INFO]: Saving model to: model_.pth
[10/09/2022 13:17:43 INFO]: Training loss at epoch 135: 0.022421596362718788
[10/09/2022 13:17:43 INFO]: Training accuracy at epoch 135: 99.9875
[10/09/2022 13:17:43 INFO]: Val accuracy at epoch 135: 99.94999694824219
[10/09/2022 13:17:43 INFO]: Saving model to: model_.pth
[10/09/2022 13:18:13 INFO]: Training loss at epoch 136: 0.01008711145613539
[10/09/2022 13:18:13 INFO]: Training accuracy at epoch 136: 99.975
[10/09/2022 13:18:13 INFO]: Val accuracy at epoch 136: 99.94999694824219
[10/09/2022 13:18:13 INFO]: Saving model to: model_.pth
[10/09/2022 13:18:46 INFO]: Training loss at epoch 137: 0.005866836390643471
[10/09/2022 13:18:46 INFO]: Training accuracy at epoch 137: 99.9875
[10/09/2022 13:18:46 INFO]: Val accuracy at epoch 137: 100.0
[10/09/2022 13:18:46 INFO]: Saving model to: model_.pth
[10/09/2022 13:19:17 INFO]: Training loss at epoch 138: 0.008607324679238105
[10/09/2022 13:19:17 INFO]: Training accuracy at epoch 138: 99.9875
[10/09/2022 13:19:17 INFO]: Val accuracy at epoch 138: 99.94999694824219
[10/09/2022 13:19:17 INFO]: Saving model to: model_.pth
[10/09/2022 13:19:48 INFO]: Training loss at epoch 139: 0.019476791919088042
[10/09/2022 13:19:48 INFO]: Training accuracy at epoch 139: 99.975
[10/09/2022 13:19:48 INFO]: Val accuracy at epoch 139: 99.94999694824219
[10/09/2022 13:21:40 INFO]: Training accuracy: {30: 99.9749984741211}
[10/09/2022 13:21:40 INFO]: Val accuracy: {30: 99.94999694824219}
[10/09/2022 13:21:40 INFO]: Test accuracy (hard data): {30: 0.0}
[10/09/2022 13:21:40 INFO]: Saving model to: model_.pth
[10/09/2022 13:22:09 INFO]: Training loss at epoch 140: 0.01424268554826753
[10/09/2022 13:22:09 INFO]: Training accuracy at epoch 140: 99.975
[10/09/2022 13:22:09 INFO]: Val accuracy at epoch 140: 99.9000015258789
[10/09/2022 13:22:09 INFO]: Saving model to: model_.pth
[10/09/2022 13:22:35 INFO]: Training loss at epoch 141: 0.016922352493489966
[10/09/2022 13:22:35 INFO]: Training accuracy at epoch 141: 99.9875
[10/09/2022 13:22:35 INFO]: Val accuracy at epoch 141: 100.0
[10/09/2022 13:22:35 INFO]: Saving model to: model_.pth
[10/09/2022 13:23:06 INFO]: Training loss at epoch 142: 0.01726370706445124
[10/09/2022 13:23:06 INFO]: Training accuracy at epoch 142: 100.0
[10/09/2022 13:23:06 INFO]: Val accuracy at epoch 142: 100.0
[10/09/2022 13:23:06 INFO]: Saving model to: model_.pth
[10/09/2022 13:23:36 INFO]: Training loss at epoch 143: 0.011215725135492249
[10/09/2022 13:23:36 INFO]: Training accuracy at epoch 143: 100.0
[10/09/2022 13:23:36 INFO]: Val accuracy at epoch 143: 100.0
[10/09/2022 13:23:36 INFO]: Saving model to: model_.pth
[10/09/2022 13:24:06 INFO]: Training loss at epoch 144: 0.005083143062689288
[10/09/2022 13:24:06 INFO]: Training accuracy at epoch 144: 100.0
[10/09/2022 13:24:06 INFO]: Val accuracy at epoch 144: 100.0
[10/09/2022 13:24:06 INFO]: Saving model to: model_.pth
[10/09/2022 13:24:37 INFO]: Training loss at epoch 145: 0.007503349234120549
[10/09/2022 13:24:37 INFO]: Training accuracy at epoch 145: 100.0
[10/09/2022 13:24:37 INFO]: Val accuracy at epoch 145: 100.0
[10/09/2022 13:24:37 INFO]: Saving model to: model_.pth
[10/09/2022 13:25:07 INFO]: Training loss at epoch 146: 0.016016976851454246
[10/09/2022 13:25:07 INFO]: Training accuracy at epoch 146: 99.9875
[10/09/2022 13:25:07 INFO]: Val accuracy at epoch 146: 100.0
[10/09/2022 13:25:07 INFO]: Saving model to: model_.pth
[10/09/2022 13:25:39 INFO]: Training loss at epoch 147: 0.01224757699649146
[10/09/2022 13:25:39 INFO]: Training accuracy at epoch 147: 99.9875
[10/09/2022 13:25:39 INFO]: Val accuracy at epoch 147: 100.0
[10/09/2022 13:25:39 INFO]: Saving model to: model_.pth
[10/09/2022 13:26:09 INFO]: Training loss at epoch 148: 0.00862306581661727
[10/09/2022 13:26:09 INFO]: Training accuracy at epoch 148: 99.9875
[10/09/2022 13:26:09 INFO]: Val accuracy at epoch 148: 100.0
[10/09/2022 13:26:09 INFO]: Saving model to: model_.pth
[10/09/2022 13:26:41 INFO]: Training loss at epoch 149: 0.023063470396928666
[10/09/2022 13:26:41 INFO]: Training accuracy at epoch 149: 100.0
[10/09/2022 13:26:41 INFO]: Val accuracy at epoch 149: 100.0
[10/09/2022 13:28:33 INFO]: Training accuracy: {30: 99.98750305175781}
[10/09/2022 13:28:33 INFO]: Val accuracy: {30: 100.0}
[10/09/2022 13:28:33 INFO]: Test accuracy (hard data): {30: 0.0}
[10/09/2022 13:28:33 INFO]: Saving model to: model_.pth
[10/09/2022 13:28:46 INFO]: OrderedDict([('max_iters', 30), ('run_id', 'embowed-Aliza'), ('test_acc', {30: 0.0}), ('test_data', 512), ('test_iters', [30]), ('test_mode', 'default'), ('train_data', 32), ('train_acc', {30: 99.98750305175781}), ('val_acc', {30: 100.0})])
