[10/09/2022 11:03:39 INFO]: 
_________________________________________________

[10/09/2022 11:03:39 INFO]: train_model.py main() running.
[10/09/2022 11:03:39 INFO]: problem:
  hyp:
    alpha: 1
    clip: 1
    epochs: 150
    lr: 0.0001
    lr_decay: step
    lr_factor: 0.1
    lr_schedule:
    - 60
    - 100
    lr_throttle: false
    optimizer: adam
    save_period: -1
    test_batch_size: 500
    test_mode: default
    train_batch_size: 100
    train_mode: progressive
    val_period: 20
    warmup_period: 10
  model:
    model: dt_net_1d
    model_path: null
    width: 400
    max_iters: 30
    test_iterations:
      low: 30
      high: 40
  name: prefix_sums
  test_data: 512
  train_data: 32
train_log: train_log
name: prefix_sums_ablation
run_id: frockless-Verena

Downloading https://cs.umd.edu/~tomg/download/Easy_to_Hard_Datav2/prefix_sums_data.tar.gz
Loading data with 32 bits.
Files already downloaded and verified
Loading data with 512 bits.
[10/09/2022 11:04:00 INFO]: This dt_net_1d has 2.642 million parameters.
[10/09/2022 11:04:00 INFO]: Training will start at epoch 0.
[10/09/2022 11:04:00 INFO]: ==> Starting training for 150 epochs...
[10/09/2022 11:04:14 INFO]: Training loss at epoch 0: 0.7221348144114017
[10/09/2022 11:04:14 INFO]: Training accuracy at epoch 0: 0.0
[10/09/2022 11:04:14 INFO]: Val accuracy at epoch 0: 0.0
[10/09/2022 11:04:14 INFO]: Saving model to: model_best.pth
[10/09/2022 11:04:28 INFO]: Training loss at epoch 1: 0.662983588129282
[10/09/2022 11:04:28 INFO]: Training accuracy at epoch 1: 0.0
[10/09/2022 11:04:28 INFO]: Val accuracy at epoch 1: 0.0
[10/09/2022 11:04:28 INFO]: Saving model to: model_.pth
[10/09/2022 11:04:43 INFO]: Training loss at epoch 2: 0.8368255220353603
[10/09/2022 11:04:43 INFO]: Training accuracy at epoch 2: 0.0
[10/09/2022 11:04:43 INFO]: Val accuracy at epoch 2: 0.0
[10/09/2022 11:04:43 INFO]: Saving model to: model_.pth
[10/09/2022 11:04:58 INFO]: Training loss at epoch 3: 0.8531483247876167
[10/09/2022 11:04:58 INFO]: Training accuracy at epoch 3: 0.0
[10/09/2022 11:04:58 INFO]: Val accuracy at epoch 3: 0.0
[10/09/2022 11:04:58 INFO]: Saving model to: model_.pth
[10/09/2022 11:05:12 INFO]: Training loss at epoch 4: 0.7681907825171947
[10/09/2022 11:05:12 INFO]: Training accuracy at epoch 4: 0.0
[10/09/2022 11:05:12 INFO]: Val accuracy at epoch 4: 0.0
[10/09/2022 11:05:12 INFO]: Saving model to: model_.pth
[10/09/2022 11:05:26 INFO]: Training loss at epoch 5: 0.7432471670210361
[10/09/2022 11:05:26 INFO]: Training accuracy at epoch 5: 0.0
[10/09/2022 11:05:26 INFO]: Val accuracy at epoch 5: 0.0
[10/09/2022 11:05:26 INFO]: Saving model to: model_.pth
[10/09/2022 11:05:41 INFO]: Training loss at epoch 6: 0.788554921001196
[10/09/2022 11:05:41 INFO]: Training accuracy at epoch 6: 0.0
[10/09/2022 11:05:41 INFO]: Val accuracy at epoch 6: 0.0
[10/09/2022 11:05:41 INFO]: Saving model to: model_.pth
[10/09/2022 11:05:56 INFO]: Training loss at epoch 7: 0.5935479007661343
[10/09/2022 11:05:56 INFO]: Training accuracy at epoch 7: 0.0125
[10/09/2022 11:05:56 INFO]: Val accuracy at epoch 7: 0.0
[10/09/2022 11:05:56 INFO]: Saving model to: model_.pth
[10/09/2022 11:06:10 INFO]: Training loss at epoch 8: 1.2492980420589448
[10/09/2022 11:06:10 INFO]: Training accuracy at epoch 8: 0.1875
[10/09/2022 11:06:10 INFO]: Val accuracy at epoch 8: 0.0
[10/09/2022 11:06:10 INFO]: Saving model to: model_.pth
[10/09/2022 11:06:25 INFO]: Training loss at epoch 9: 1.1740816961973906
[10/09/2022 11:06:25 INFO]: Training accuracy at epoch 9: 0.475
[10/09/2022 11:06:25 INFO]: Val accuracy at epoch 9: 0.0
[10/09/2022 11:06:25 INFO]: Saving model to: model_.pth
[10/09/2022 11:06:40 INFO]: Training loss at epoch 10: 0.5323309360072017
[10/09/2022 11:06:40 INFO]: Training accuracy at epoch 10: 6.3
[10/09/2022 11:06:40 INFO]: Val accuracy at epoch 10: 41.099998474121094
[10/09/2022 11:06:40 INFO]: Saving model to: model_best.pth
[10/09/2022 11:06:55 INFO]: Training loss at epoch 11: 1.1265492302249185
[10/09/2022 11:06:55 INFO]: Training accuracy at epoch 11: 49.5375
[10/09/2022 11:06:55 INFO]: Val accuracy at epoch 11: 79.9000015258789
[10/09/2022 11:06:55 INFO]: Saving model to: model_best.pth
[10/09/2022 11:07:09 INFO]: Training loss at epoch 12: 0.3459971009768196
[10/09/2022 11:07:09 INFO]: Training accuracy at epoch 12: 64.4375
[10/09/2022 11:07:09 INFO]: Val accuracy at epoch 12: 96.44999694824219
[10/09/2022 11:07:09 INFO]: Saving model to: model_best.pth
[10/09/2022 11:07:24 INFO]: Training loss at epoch 13: 0.10582042357145838
[10/09/2022 11:07:24 INFO]: Training accuracy at epoch 13: 85.675
[10/09/2022 11:07:24 INFO]: Val accuracy at epoch 13: 87.0999984741211
[10/09/2022 11:07:24 INFO]: Saving model to: model_.pth
[10/09/2022 11:07:38 INFO]: Training loss at epoch 14: 0.3576971989491259
[10/09/2022 11:07:38 INFO]: Training accuracy at epoch 14: 89.55
[10/09/2022 11:07:38 INFO]: Val accuracy at epoch 14: 98.9000015258789
[10/09/2022 11:07:38 INFO]: Saving model to: model_best.pth
[10/09/2022 11:07:53 INFO]: Training loss at epoch 15: 0.05203812574481522
[10/09/2022 11:07:53 INFO]: Training accuracy at epoch 15: 94.5875
[10/09/2022 11:07:53 INFO]: Val accuracy at epoch 15: 96.55000305175781
[10/09/2022 11:07:53 INFO]: Saving model to: model_.pth
[10/09/2022 11:08:07 INFO]: Training loss at epoch 16: 0.07356476764143083
[10/09/2022 11:08:07 INFO]: Training accuracy at epoch 16: 95.25
[10/09/2022 11:08:07 INFO]: Val accuracy at epoch 16: 98.6500015258789
[10/09/2022 11:08:08 INFO]: Saving model to: model_.pth
[10/09/2022 11:08:22 INFO]: Training loss at epoch 17: 0.36699741061530605
[10/09/2022 11:08:22 INFO]: Training accuracy at epoch 17: 93.7875
[10/09/2022 11:08:22 INFO]: Val accuracy at epoch 17: 94.0999984741211
[10/09/2022 11:08:22 INFO]: Saving model to: model_.pth
[10/09/2022 11:08:37 INFO]: Training loss at epoch 18: 0.1971966153805439
[10/09/2022 11:08:37 INFO]: Training accuracy at epoch 18: 95.575
[10/09/2022 11:08:37 INFO]: Val accuracy at epoch 18: 99.44999694824219
[10/09/2022 11:08:37 INFO]: Saving model to: model_best.pth
[10/09/2022 11:08:51 INFO]: Training loss at epoch 19: 0.026295258475271838
[10/09/2022 11:08:51 INFO]: Training accuracy at epoch 19: 99.4625
[10/09/2022 11:08:51 INFO]: Val accuracy at epoch 19: 97.8499984741211
[10/09/2022 11:10:58 INFO]: Training accuracy: {30: 97.9000015258789, 31: 97.7750015258789, 32: 97.69999694824219, 33: 97.61250305175781, 34: 97.4749984741211, 35: 97.375, 36: 97.05000305175781, 37: 96.38749694824219, 38: 95.5374984741211, 39: 94.9124984741211, 40: 94.0625}
[10/09/2022 11:10:58 INFO]: Val accuracy: {30: 97.8499984741211, 31: 97.8499984741211, 32: 97.69999694824219, 33: 97.5999984741211, 34: 97.19999694824219, 35: 97.05000305175781, 36: 96.75, 37: 96.25, 38: 95.30000305175781, 39: 94.80000305175781, 40: 94.0999984741211}
[10/09/2022 11:10:58 INFO]: Test accuracy (hard data): {30: 0.0, 31: 0.0, 32: 0.0, 33: 0.0, 34: 0.0, 35: 0.0, 36: 0.0, 37: 0.0, 38: 0.0, 39: 0.0, 40: 0.0}
[10/09/2022 11:10:58 INFO]: Saving model to: model_.pth
[10/09/2022 11:11:13 INFO]: Training loss at epoch 20: 0.007572419387659955
[10/09/2022 11:11:13 INFO]: Training accuracy at epoch 20: 99.9125
[10/09/2022 11:11:13 INFO]: Val accuracy at epoch 20: 100.0
[10/09/2022 11:11:13 INFO]: Saving model to: model_best.pth
[10/09/2022 11:11:28 INFO]: Training loss at epoch 21: 0.4054591027867357
[10/09/2022 11:11:28 INFO]: Training accuracy at epoch 21: 96.85
[10/09/2022 11:11:28 INFO]: Val accuracy at epoch 21: 99.9000015258789
[10/09/2022 11:11:28 INFO]: Saving model to: model_.pth
[10/09/2022 11:11:42 INFO]: Training loss at epoch 22: 0.3213351799206186
[10/09/2022 11:11:42 INFO]: Training accuracy at epoch 22: 97.3625
[10/09/2022 11:11:42 INFO]: Val accuracy at epoch 22: 99.94999694824219
[10/09/2022 11:11:42 INFO]: Saving model to: model_.pth
[10/09/2022 11:11:57 INFO]: Training loss at epoch 23: 0.022558770121196583
[10/09/2022 11:11:57 INFO]: Training accuracy at epoch 23: 99.0
[10/09/2022 11:11:57 INFO]: Val accuracy at epoch 23: 100.0
[10/09/2022 11:11:57 INFO]: Saving model to: model_.pth
[10/09/2022 11:12:12 INFO]: Training loss at epoch 24: 0.012552203194503139
[10/09/2022 11:12:12 INFO]: Training accuracy at epoch 24: 99.7625
[10/09/2022 11:12:12 INFO]: Val accuracy at epoch 24: 100.0
[10/09/2022 11:12:12 INFO]: Saving model to: model_.pth
[10/09/2022 11:12:27 INFO]: Training loss at epoch 25: 0.006184066004933967
[10/09/2022 11:12:27 INFO]: Training accuracy at epoch 25: 99.975
[10/09/2022 11:12:27 INFO]: Val accuracy at epoch 25: 100.0
[10/09/2022 11:12:27 INFO]: Saving model to: model_.pth
[10/09/2022 11:12:42 INFO]: Training loss at epoch 26: 0.05179336882347729
[10/09/2022 11:12:42 INFO]: Training accuracy at epoch 26: 99.975
[10/09/2022 11:12:42 INFO]: Val accuracy at epoch 26: 100.0
[10/09/2022 11:12:42 INFO]: Saving model to: model_.pth
[10/09/2022 11:12:56 INFO]: Training loss at epoch 27: 0.01855145425728456
[10/09/2022 11:12:56 INFO]: Training accuracy at epoch 27: 100.0
[10/09/2022 11:12:56 INFO]: Val accuracy at epoch 27: 100.0
[10/09/2022 11:12:56 INFO]: Saving model to: model_.pth
[10/09/2022 11:13:11 INFO]: Training loss at epoch 28: 0.02267961270725526
[10/09/2022 11:13:11 INFO]: Training accuracy at epoch 28: 100.0
[10/09/2022 11:13:11 INFO]: Val accuracy at epoch 28: 99.8499984741211
[10/09/2022 11:13:11 INFO]: Saving model to: model_.pth
[10/09/2022 11:13:25 INFO]: Training loss at epoch 29: 0.02149504848150465
[10/09/2022 11:13:25 INFO]: Training accuracy at epoch 29: 99.0375
[10/09/2022 11:13:25 INFO]: Val accuracy at epoch 29: 99.94999694824219
[10/09/2022 11:13:25 INFO]: Saving model to: model_.pth
[10/09/2022 11:13:40 INFO]: Training loss at epoch 30: 0.6298681036416944
[10/09/2022 11:13:40 INFO]: Training accuracy at epoch 30: 97.0375
[10/09/2022 11:13:40 INFO]: Val accuracy at epoch 30: 96.75
[10/09/2022 11:13:40 INFO]: Saving model to: model_.pth
[10/09/2022 11:13:54 INFO]: Training loss at epoch 31: 0.26245484918828854
[10/09/2022 11:13:54 INFO]: Training accuracy at epoch 31: 98.3375
[10/09/2022 11:13:54 INFO]: Val accuracy at epoch 31: 100.0
[10/09/2022 11:13:54 INFO]: Saving model to: model_.pth
[10/09/2022 11:14:08 INFO]: Training loss at epoch 32: 0.02290628513543451
[10/09/2022 11:14:08 INFO]: Training accuracy at epoch 32: 98.0875
[10/09/2022 11:14:08 INFO]: Val accuracy at epoch 32: 99.8499984741211
[10/09/2022 11:14:08 INFO]: Saving model to: model_.pth
[10/09/2022 11:14:23 INFO]: Training loss at epoch 33: 0.016639574703861015
[10/09/2022 11:14:23 INFO]: Training accuracy at epoch 33: 99.5375
[10/09/2022 11:14:23 INFO]: Val accuracy at epoch 33: 95.8499984741211
[10/09/2022 11:14:23 INFO]: Saving model to: model_.pth
[10/09/2022 11:14:39 INFO]: Training loss at epoch 34: 0.002104715494848358
[10/09/2022 11:14:39 INFO]: Training accuracy at epoch 34: 99.175
[10/09/2022 11:14:39 INFO]: Val accuracy at epoch 34: 100.0
[10/09/2022 11:14:39 INFO]: Saving model to: model_.pth
[10/09/2022 11:14:53 INFO]: Training loss at epoch 35: 0.006651577696365318
[10/09/2022 11:14:53 INFO]: Training accuracy at epoch 35: 100.0
[10/09/2022 11:14:53 INFO]: Val accuracy at epoch 35: 100.0
[10/09/2022 11:14:53 INFO]: Saving model to: model_.pth
[10/09/2022 11:15:08 INFO]: Training loss at epoch 36: 0.0042257355863906335
[10/09/2022 11:15:08 INFO]: Training accuracy at epoch 36: 99.95
[10/09/2022 11:15:08 INFO]: Val accuracy at epoch 36: 100.0
[10/09/2022 11:15:08 INFO]: Saving model to: model_.pth
[10/09/2022 11:15:23 INFO]: Training loss at epoch 37: 0.04034828109218137
[10/09/2022 11:15:23 INFO]: Training accuracy at epoch 37: 97.825
[10/09/2022 11:15:23 INFO]: Val accuracy at epoch 37: 81.44999694824219
[10/09/2022 11:15:23 INFO]: Saving model to: model_.pth
[10/09/2022 11:15:38 INFO]: Training loss at epoch 38: 0.8594364412335646
[10/09/2022 11:15:38 INFO]: Training accuracy at epoch 38: 94.5625
[10/09/2022 11:15:38 INFO]: Val accuracy at epoch 38: 100.0
[10/09/2022 11:15:38 INFO]: Saving model to: model_.pth
[10/09/2022 11:15:53 INFO]: Training loss at epoch 39: 0.08518904323616186
[10/09/2022 11:15:53 INFO]: Training accuracy at epoch 39: 99.875
[10/09/2022 11:15:53 INFO]: Val accuracy at epoch 39: 100.0
[10/09/2022 11:17:59 INFO]: Training accuracy: {30: 100.0, 31: 100.0, 32: 100.0, 33: 100.0, 34: 100.0, 35: 100.0, 36: 99.9749984741211, 37: 99.9124984741211, 38: 99.7750015258789, 39: 99.57499694824219, 40: 99.0250015258789}
[10/09/2022 11:17:59 INFO]: Val accuracy: {30: 100.0, 31: 100.0, 32: 100.0, 33: 100.0, 34: 100.0, 35: 100.0, 36: 100.0, 37: 99.94999694824219, 38: 99.8499984741211, 39: 99.69999694824219, 40: 99.19999694824219}
[10/09/2022 11:17:59 INFO]: Test accuracy (hard data): {30: 0.05000000074505806, 31: 0.05000000074505806, 32: 0.05000000074505806, 33: 0.05000000074505806, 34: 0.05000000074505806, 35: 0.05000000074505806, 36: 0.05000000074505806, 37: 0.05999999865889549, 38: 0.05999999865889549, 39: 0.05999999865889549, 40: 0.05999999865889549}
[10/09/2022 11:17:59 INFO]: Saving model to: model_.pth
[10/09/2022 11:18:13 INFO]: Training loss at epoch 40: 0.009223696120674032
[10/09/2022 11:18:13 INFO]: Training accuracy at epoch 40: 100.0
[10/09/2022 11:18:13 INFO]: Val accuracy at epoch 40: 100.0
[10/09/2022 11:18:13 INFO]: Saving model to: model_.pth
[10/09/2022 11:18:28 INFO]: Training loss at epoch 41: 0.01484031364155557
[10/09/2022 11:18:28 INFO]: Training accuracy at epoch 41: 99.4625
[10/09/2022 11:18:28 INFO]: Val accuracy at epoch 41: 99.0
[10/09/2022 11:18:28 INFO]: Saving model to: model_.pth
[10/09/2022 11:18:43 INFO]: Training loss at epoch 42: 0.9289310302756784
[10/09/2022 11:18:43 INFO]: Training accuracy at epoch 42: 98.9
[10/09/2022 11:18:43 INFO]: Val accuracy at epoch 42: 65.4000015258789
[10/09/2022 11:18:43 INFO]: Saving model to: model_.pth
[10/09/2022 11:18:57 INFO]: Training loss at epoch 43: 0.7268681515720263
[10/09/2022 11:18:57 INFO]: Training accuracy at epoch 43: 77.6625
[10/09/2022 11:18:57 INFO]: Val accuracy at epoch 43: 85.19999694824219
[10/09/2022 11:18:57 INFO]: Saving model to: model_.pth
[10/09/2022 11:19:11 INFO]: Training loss at epoch 44: 0.13935634447737782
[10/09/2022 11:19:11 INFO]: Training accuracy at epoch 44: 98.5625
[10/09/2022 11:19:11 INFO]: Val accuracy at epoch 44: 100.0
[10/09/2022 11:19:11 INFO]: Saving model to: model_.pth
[10/09/2022 11:19:26 INFO]: Training loss at epoch 45: 0.0037636512725174693
[10/09/2022 11:19:26 INFO]: Training accuracy at epoch 45: 99.875
[10/09/2022 11:19:26 INFO]: Val accuracy at epoch 45: 100.0
[10/09/2022 11:19:26 INFO]: Saving model to: model_.pth
[10/09/2022 11:19:40 INFO]: Training loss at epoch 46: 0.009534859643810954
[10/09/2022 11:19:40 INFO]: Training accuracy at epoch 46: 99.825
[10/09/2022 11:19:40 INFO]: Val accuracy at epoch 46: 99.8499984741211
[10/09/2022 11:19:40 INFO]: Saving model to: model_.pth
[10/09/2022 11:19:55 INFO]: Training loss at epoch 47: 8.996937028792062e-06
[10/09/2022 11:19:55 INFO]: Training accuracy at epoch 47: 100.0
[10/09/2022 11:19:55 INFO]: Val accuracy at epoch 47: 100.0
[10/09/2022 11:19:55 INFO]: Saving model to: model_.pth
[10/09/2022 11:20:10 INFO]: Training loss at epoch 48: 0.014305642609987238
[10/09/2022 11:20:10 INFO]: Training accuracy at epoch 48: 99.9125
[10/09/2022 11:20:10 INFO]: Val accuracy at epoch 48: 100.0
[10/09/2022 11:20:10 INFO]: Saving model to: model_.pth
[10/09/2022 11:20:25 INFO]: Training loss at epoch 49: 4.621211486823314e-05
[10/09/2022 11:20:25 INFO]: Training accuracy at epoch 49: 100.0
[10/09/2022 11:20:25 INFO]: Val accuracy at epoch 49: 100.0
[10/09/2022 11:20:25 INFO]: Saving model to: model_.pth
[10/09/2022 11:20:40 INFO]: Training loss at epoch 50: 0.00034684313338976695
[10/09/2022 11:20:40 INFO]: Training accuracy at epoch 50: 100.0
[10/09/2022 11:20:40 INFO]: Val accuracy at epoch 50: 100.0
[10/09/2022 11:20:40 INFO]: Saving model to: model_.pth
[10/09/2022 11:20:55 INFO]: Training loss at epoch 51: 0.014364960871305862
[10/09/2022 11:20:55 INFO]: Training accuracy at epoch 51: 99.8125
[10/09/2022 11:20:55 INFO]: Val accuracy at epoch 51: 100.0
[10/09/2022 11:20:55 INFO]: Saving model to: model_.pth
[10/09/2022 11:21:09 INFO]: Training loss at epoch 52: 0.009518687019937832
[10/09/2022 11:21:09 INFO]: Training accuracy at epoch 52: 99.575
[10/09/2022 11:21:09 INFO]: Val accuracy at epoch 52: 99.9000015258789
[10/09/2022 11:21:09 INFO]: Saving model to: model_.pth
[10/09/2022 11:21:25 INFO]: Training loss at epoch 53: 0.10930404809901277
[10/09/2022 11:21:25 INFO]: Training accuracy at epoch 53: 98.6
[10/09/2022 11:21:25 INFO]: Val accuracy at epoch 53: 99.9000015258789
[10/09/2022 11:21:25 INFO]: Saving model to: model_.pth
[10/09/2022 11:21:39 INFO]: Training loss at epoch 54: 0.030245257748847267
[10/09/2022 11:21:39 INFO]: Training accuracy at epoch 54: 97.45
[10/09/2022 11:21:39 INFO]: Val accuracy at epoch 54: 97.05000305175781
[10/09/2022 11:21:39 INFO]: Saving model to: model_.pth
[10/09/2022 11:21:55 INFO]: Training loss at epoch 55: 0.05910694923562075
[10/09/2022 11:21:55 INFO]: Training accuracy at epoch 55: 98.55
[10/09/2022 11:21:55 INFO]: Val accuracy at epoch 55: 99.9000015258789
[10/09/2022 11:21:55 INFO]: Saving model to: model_.pth
[10/09/2022 11:22:09 INFO]: Training loss at epoch 56: 0.08974613014006845
[10/09/2022 11:22:09 INFO]: Training accuracy at epoch 56: 98.9125
[10/09/2022 11:22:09 INFO]: Val accuracy at epoch 56: 99.80000305175781
[10/09/2022 11:22:09 INFO]: Saving model to: model_.pth
[10/09/2022 11:22:24 INFO]: Training loss at epoch 57: 0.02218630267053995
[10/09/2022 11:22:24 INFO]: Training accuracy at epoch 57: 99.85
[10/09/2022 11:22:24 INFO]: Val accuracy at epoch 57: 99.94999694824219
[10/09/2022 11:22:24 INFO]: Saving model to: model_.pth
[10/09/2022 11:22:39 INFO]: Training loss at epoch 58: 0.013395818705215421
[10/09/2022 11:22:39 INFO]: Training accuracy at epoch 58: 99.7625
[10/09/2022 11:22:39 INFO]: Val accuracy at epoch 58: 100.0
[10/09/2022 11:22:39 INFO]: Saving model to: model_.pth
[10/09/2022 11:22:54 INFO]: Training loss at epoch 59: 0.02554262556183624
[10/09/2022 11:22:54 INFO]: Training accuracy at epoch 59: 99.8
[10/09/2022 11:22:54 INFO]: Val accuracy at epoch 59: 99.94999694824219
[10/09/2022 11:25:00 INFO]: Training accuracy: {30: 99.875, 31: 99.8499984741211, 32: 99.80000305175781, 33: 99.73750305175781, 34: 99.5374984741211, 35: 99.30000305175781, 36: 98.9749984741211, 37: 98.73750305175781, 38: 98.3499984741211, 39: 97.875, 40: 97.5}
[10/09/2022 11:25:00 INFO]: Val accuracy: {30: 99.94999694824219, 31: 99.80000305175781, 32: 99.80000305175781, 33: 99.75, 34: 99.6500015258789, 35: 99.4000015258789, 36: 99.0999984741211, 37: 98.3499984741211, 38: 97.80000305175781, 39: 97.55000305175781, 40: 97.1500015258789}
[10/09/2022 11:25:00 INFO]: Test accuracy (hard data): {30: 0.10999999940395355, 31: 0.1599999964237213, 32: 0.1899999976158142, 33: 0.1899999976158142, 34: 0.20000000298023224, 35: 0.20000000298023224, 36: 0.20999999344348907, 37: 0.20999999344348907, 38: 0.23000000417232513, 39: 0.2199999988079071, 40: 0.2199999988079071}
[10/09/2022 11:25:00 INFO]: Saving model to: model_.pth
[10/09/2022 11:25:15 INFO]: Training loss at epoch 60: 0.022683324748963504
[10/09/2022 11:25:15 INFO]: Training accuracy at epoch 60: 99.9
[10/09/2022 11:25:15 INFO]: Val accuracy at epoch 60: 100.0
[10/09/2022 11:25:15 INFO]: Saving model to: model_.pth
[10/09/2022 11:25:29 INFO]: Training loss at epoch 61: 0.0077101109472419395
[10/09/2022 11:25:29 INFO]: Training accuracy at epoch 61: 99.9875
[10/09/2022 11:25:29 INFO]: Val accuracy at epoch 61: 100.0
[10/09/2022 11:25:29 INFO]: Saving model to: model_.pth
[10/09/2022 11:25:43 INFO]: Training loss at epoch 62: 0.013102269954143828
[10/09/2022 11:25:43 INFO]: Training accuracy at epoch 62: 100.0
[10/09/2022 11:25:43 INFO]: Val accuracy at epoch 62: 100.0
[10/09/2022 11:25:43 INFO]: Saving model to: model_.pth
[10/09/2022 11:25:57 INFO]: Training loss at epoch 63: 0.005684560131752758
[10/09/2022 11:25:57 INFO]: Training accuracy at epoch 63: 100.0
[10/09/2022 11:25:57 INFO]: Val accuracy at epoch 63: 100.0
[10/09/2022 11:25:57 INFO]: Saving model to: model_.pth
[10/09/2022 11:26:11 INFO]: Training loss at epoch 64: 0.009707269765370386
[10/09/2022 11:26:11 INFO]: Training accuracy at epoch 64: 100.0
[10/09/2022 11:26:11 INFO]: Val accuracy at epoch 64: 100.0
[10/09/2022 11:26:11 INFO]: Saving model to: model_.pth
[10/09/2022 11:26:26 INFO]: Training loss at epoch 65: 0.004875122886382521
[10/09/2022 11:26:26 INFO]: Training accuracy at epoch 65: 100.0
[10/09/2022 11:26:26 INFO]: Val accuracy at epoch 65: 100.0
[10/09/2022 11:26:26 INFO]: Saving model to: model_.pth
[10/09/2022 11:26:41 INFO]: Training loss at epoch 66: 0.0007667150943379678
[10/09/2022 11:26:41 INFO]: Training accuracy at epoch 66: 100.0
[10/09/2022 11:26:41 INFO]: Val accuracy at epoch 66: 100.0
[10/09/2022 11:26:41 INFO]: Saving model to: model_.pth
[10/09/2022 11:26:55 INFO]: Training loss at epoch 67: 0.014640657886961428
[10/09/2022 11:26:55 INFO]: Training accuracy at epoch 67: 100.0
[10/09/2022 11:26:55 INFO]: Val accuracy at epoch 67: 100.0
[10/09/2022 11:26:55 INFO]: Saving model to: model_.pth
[10/09/2022 11:27:10 INFO]: Training loss at epoch 68: 0.006527715336303497
[10/09/2022 11:27:10 INFO]: Training accuracy at epoch 68: 100.0
[10/09/2022 11:27:10 INFO]: Val accuracy at epoch 68: 100.0
[10/09/2022 11:27:10 INFO]: Saving model to: model_.pth
[10/09/2022 11:27:25 INFO]: Training loss at epoch 69: 7.117541701325336e-05
[10/09/2022 11:27:25 INFO]: Training accuracy at epoch 69: 100.0
[10/09/2022 11:27:25 INFO]: Val accuracy at epoch 69: 100.0
[10/09/2022 11:27:25 INFO]: Saving model to: model_.pth
[10/09/2022 11:27:40 INFO]: Training loss at epoch 70: 0.005150522236782969
[10/09/2022 11:27:40 INFO]: Training accuracy at epoch 70: 100.0
[10/09/2022 11:27:40 INFO]: Val accuracy at epoch 70: 100.0
[10/09/2022 11:27:40 INFO]: Saving model to: model_.pth
[10/09/2022 11:27:55 INFO]: Training loss at epoch 71: 0.005703140492124258
[10/09/2022 11:27:55 INFO]: Training accuracy at epoch 71: 100.0
[10/09/2022 11:27:55 INFO]: Val accuracy at epoch 71: 100.0
[10/09/2022 11:27:55 INFO]: Saving model to: model_.pth
[10/09/2022 11:28:09 INFO]: Training loss at epoch 72: 0.012435095105456028
[10/09/2022 11:28:09 INFO]: Training accuracy at epoch 72: 100.0
[10/09/2022 11:28:09 INFO]: Val accuracy at epoch 72: 100.0
[10/09/2022 11:28:09 INFO]: Saving model to: model_.pth
[10/09/2022 11:28:24 INFO]: Training loss at epoch 73: 0.004462181316002787
[10/09/2022 11:28:24 INFO]: Training accuracy at epoch 73: 100.0
[10/09/2022 11:28:24 INFO]: Val accuracy at epoch 73: 100.0
[10/09/2022 11:28:24 INFO]: Saving model to: model_.pth
[10/09/2022 11:28:39 INFO]: Training loss at epoch 74: 0.011754877834640567
[10/09/2022 11:28:39 INFO]: Training accuracy at epoch 74: 100.0
[10/09/2022 11:28:39 INFO]: Val accuracy at epoch 74: 100.0
[10/09/2022 11:28:39 INFO]: Saving model to: model_.pth
[10/09/2022 11:28:53 INFO]: Training loss at epoch 75: 0.0070383656074978155
[10/09/2022 11:28:53 INFO]: Training accuracy at epoch 75: 100.0
[10/09/2022 11:28:53 INFO]: Val accuracy at epoch 75: 100.0
[10/09/2022 11:28:53 INFO]: Saving model to: model_.pth
[10/09/2022 11:29:07 INFO]: Training loss at epoch 76: 0.005202784501000794
[10/09/2022 11:29:07 INFO]: Training accuracy at epoch 76: 100.0
[10/09/2022 11:29:07 INFO]: Val accuracy at epoch 76: 100.0
[10/09/2022 11:29:07 INFO]: Saving model to: model_.pth
[10/09/2022 11:29:22 INFO]: Training loss at epoch 77: 0.005830316914602541
[10/09/2022 11:29:22 INFO]: Training accuracy at epoch 77: 100.0
[10/09/2022 11:29:22 INFO]: Val accuracy at epoch 77: 100.0
[10/09/2022 11:29:22 INFO]: Saving model to: model_.pth
[10/09/2022 11:29:37 INFO]: Training loss at epoch 78: 0.007224967015556263
[10/09/2022 11:29:37 INFO]: Training accuracy at epoch 78: 100.0
[10/09/2022 11:29:37 INFO]: Val accuracy at epoch 78: 100.0
[10/09/2022 11:29:37 INFO]: Saving model to: model_.pth
[10/09/2022 11:29:51 INFO]: Training loss at epoch 79: 0.00832052472266526
[10/09/2022 11:29:51 INFO]: Training accuracy at epoch 79: 100.0
[10/09/2022 11:29:51 INFO]: Val accuracy at epoch 79: 100.0
[10/09/2022 11:31:58 INFO]: Training accuracy: {30: 100.0, 31: 99.98750305175781, 32: 99.98750305175781, 33: 99.9625015258789, 34: 99.92500305175781, 35: 99.88749694824219, 36: 99.875, 37: 99.86250305175781, 38: 99.80000305175781, 39: 99.69999694824219, 40: 99.67500305175781}
[10/09/2022 11:31:58 INFO]: Val accuracy: {30: 100.0, 31: 100.0, 32: 100.0, 33: 100.0, 34: 100.0, 35: 100.0, 36: 100.0, 37: 100.0, 38: 99.80000305175781, 39: 99.69999694824219, 40: 99.69999694824219}
[10/09/2022 11:31:58 INFO]: Test accuracy (hard data): {30: 0.009999999776482582, 31: 0.009999999776482582, 32: 0.009999999776482582, 33: 0.009999999776482582, 34: 0.009999999776482582, 35: 0.009999999776482582, 36: 0.009999999776482582, 37: 0.019999999552965164, 38: 0.019999999552965164, 39: 0.019999999552965164, 40: 0.019999999552965164}
[10/09/2022 11:31:58 INFO]: Saving model to: model_.pth
[10/09/2022 11:32:12 INFO]: Training loss at epoch 80: 0.009868547990523748
[10/09/2022 11:32:12 INFO]: Training accuracy at epoch 80: 100.0
[10/09/2022 11:32:12 INFO]: Val accuracy at epoch 80: 100.0
[10/09/2022 11:32:12 INFO]: Saving model to: model_.pth
[10/09/2022 11:32:27 INFO]: Training loss at epoch 81: 0.011832557664277068
[10/09/2022 11:32:27 INFO]: Training accuracy at epoch 81: 99.975
[10/09/2022 11:32:27 INFO]: Val accuracy at epoch 81: 100.0
[10/09/2022 11:32:27 INFO]: Saving model to: model_.pth
[10/09/2022 11:32:42 INFO]: Training loss at epoch 82: 0.008359954676860595
[10/09/2022 11:32:42 INFO]: Training accuracy at epoch 82: 100.0
[10/09/2022 11:32:42 INFO]: Val accuracy at epoch 82: 100.0
[10/09/2022 11:32:42 INFO]: Saving model to: model_.pth
[10/09/2022 11:32:57 INFO]: Training loss at epoch 83: 0.014419799561475877
[10/09/2022 11:32:57 INFO]: Training accuracy at epoch 83: 100.0
[10/09/2022 11:32:57 INFO]: Val accuracy at epoch 83: 100.0
[10/09/2022 11:32:57 INFO]: Saving model to: model_.pth
[10/09/2022 11:33:12 INFO]: Training loss at epoch 84: 0.0020346948509546185
[10/09/2022 11:33:12 INFO]: Training accuracy at epoch 84: 100.0
[10/09/2022 11:33:12 INFO]: Val accuracy at epoch 84: 100.0
[10/09/2022 11:33:12 INFO]: Saving model to: model_.pth
[10/09/2022 11:33:26 INFO]: Training loss at epoch 85: 0.0038962210570003377
[10/09/2022 11:33:26 INFO]: Training accuracy at epoch 85: 100.0
[10/09/2022 11:33:26 INFO]: Val accuracy at epoch 85: 100.0
[10/09/2022 11:33:26 INFO]: Saving model to: model_.pth
[10/09/2022 11:33:41 INFO]: Training loss at epoch 86: 0.0037113781920432133
[10/09/2022 11:33:41 INFO]: Training accuracy at epoch 86: 100.0
[10/09/2022 11:33:41 INFO]: Val accuracy at epoch 86: 100.0
[10/09/2022 11:33:41 INFO]: Saving model to: model_.pth
[10/09/2022 11:33:55 INFO]: Training loss at epoch 87: 0.010352433397774113
[10/09/2022 11:33:55 INFO]: Training accuracy at epoch 87: 99.9
[10/09/2022 11:33:55 INFO]: Val accuracy at epoch 87: 100.0
[10/09/2022 11:33:55 INFO]: Saving model to: model_.pth
[10/09/2022 11:34:10 INFO]: Training loss at epoch 88: 0.0051796564898254575
[10/09/2022 11:34:10 INFO]: Training accuracy at epoch 88: 100.0
[10/09/2022 11:34:10 INFO]: Val accuracy at epoch 88: 100.0
[10/09/2022 11:34:10 INFO]: Saving model to: model_.pth
[10/09/2022 11:34:24 INFO]: Training loss at epoch 89: 0.021175008105670266
[10/09/2022 11:34:24 INFO]: Training accuracy at epoch 89: 100.0
[10/09/2022 11:34:24 INFO]: Val accuracy at epoch 89: 100.0
[10/09/2022 11:34:24 INFO]: Saving model to: model_.pth
[10/09/2022 11:34:39 INFO]: Training loss at epoch 90: 0.008481274584668375
[10/09/2022 11:34:39 INFO]: Training accuracy at epoch 90: 100.0
[10/09/2022 11:34:39 INFO]: Val accuracy at epoch 90: 100.0
[10/09/2022 11:34:39 INFO]: Saving model to: model_.pth
[10/09/2022 11:34:53 INFO]: Training loss at epoch 91: 0.010568729490855935
[10/09/2022 11:34:53 INFO]: Training accuracy at epoch 91: 99.9625
[10/09/2022 11:34:53 INFO]: Val accuracy at epoch 91: 100.0
[10/09/2022 11:34:53 INFO]: Saving model to: model_.pth
[10/09/2022 11:35:08 INFO]: Training loss at epoch 92: 0.010072672477031825
[10/09/2022 11:35:08 INFO]: Training accuracy at epoch 92: 100.0
[10/09/2022 11:35:08 INFO]: Val accuracy at epoch 92: 100.0
[10/09/2022 11:35:08 INFO]: Saving model to: model_.pth
[10/09/2022 11:35:22 INFO]: Training loss at epoch 93: 0.01192239520332959
[10/09/2022 11:35:22 INFO]: Training accuracy at epoch 93: 100.0
[10/09/2022 11:35:22 INFO]: Val accuracy at epoch 93: 100.0
[10/09/2022 11:35:22 INFO]: Saving model to: model_.pth
[10/09/2022 11:35:36 INFO]: Training loss at epoch 94: 0.02381703899673618
[10/09/2022 11:35:36 INFO]: Training accuracy at epoch 94: 99.975
[10/09/2022 11:35:36 INFO]: Val accuracy at epoch 94: 99.8499984741211
[10/09/2022 11:35:36 INFO]: Saving model to: model_.pth
[10/09/2022 11:35:52 INFO]: Training loss at epoch 95: 0.005187860585482491
[10/09/2022 11:35:52 INFO]: Training accuracy at epoch 95: 100.0
[10/09/2022 11:35:52 INFO]: Val accuracy at epoch 95: 100.0
[10/09/2022 11:35:52 INFO]: Saving model to: model_.pth
[10/09/2022 11:36:07 INFO]: Training loss at epoch 96: 5.825986170328095e-06
[10/09/2022 11:36:07 INFO]: Training accuracy at epoch 96: 100.0
[10/09/2022 11:36:07 INFO]: Val accuracy at epoch 96: 100.0
[10/09/2022 11:36:07 INFO]: Saving model to: model_.pth
[10/09/2022 11:36:22 INFO]: Training loss at epoch 97: 0.010982607858674484
[10/09/2022 11:36:22 INFO]: Training accuracy at epoch 97: 100.0
[10/09/2022 11:36:22 INFO]: Val accuracy at epoch 97: 100.0
[10/09/2022 11:36:22 INFO]: Saving model to: model_.pth
[10/09/2022 11:36:37 INFO]: Training loss at epoch 98: 0.018815050627211765
[10/09/2022 11:36:37 INFO]: Training accuracy at epoch 98: 100.0
[10/09/2022 11:36:37 INFO]: Val accuracy at epoch 98: 100.0
[10/09/2022 11:36:37 INFO]: Saving model to: model_.pth
[10/09/2022 11:36:55 INFO]: Training loss at epoch 99: 0.0004980444076179149
[10/09/2022 11:36:55 INFO]: Training accuracy at epoch 99: 99.9875
[10/09/2022 11:36:55 INFO]: Val accuracy at epoch 99: 100.0
[10/09/2022 11:39:02 INFO]: Training accuracy: {30: 99.98750305175781, 31: 99.98750305175781, 32: 99.98750305175781, 33: 99.98750305175781, 34: 99.9625015258789, 35: 99.9000015258789, 36: 99.82499694824219, 37: 99.7125015258789, 38: 99.5625, 39: 99.4625015258789, 40: 99.30000305175781}
[10/09/2022 11:39:02 INFO]: Val accuracy: {30: 100.0, 31: 100.0, 32: 100.0, 33: 100.0, 34: 99.9000015258789, 35: 99.75, 36: 99.75, 37: 99.69999694824219, 38: 99.5999984741211, 39: 99.5, 40: 99.3499984741211}
[10/09/2022 11:39:02 INFO]: Test accuracy (hard data): {30: 0.0, 31: 0.0, 32: 0.0, 33: 0.009999999776482582, 34: 0.029999999329447746, 35: 0.05999999865889549, 36: 0.11999999731779099, 37: 0.1599999964237213, 38: 0.1899999976158142, 39: 0.20999999344348907, 40: 0.27000001072883606}
[10/09/2022 11:39:02 INFO]: Saving model to: model_.pth
[10/09/2022 11:39:19 INFO]: Training loss at epoch 100: 0.01778864744470887
[10/09/2022 11:39:19 INFO]: Training accuracy at epoch 100: 99.9875
[10/09/2022 11:39:19 INFO]: Val accuracy at epoch 100: 100.0
[10/09/2022 11:39:19 INFO]: Saving model to: model_.pth
[10/09/2022 11:39:34 INFO]: Training loss at epoch 101: 0.008119385561497595
[10/09/2022 11:39:34 INFO]: Training accuracy at epoch 101: 99.9875
[10/09/2022 11:39:34 INFO]: Val accuracy at epoch 101: 100.0
[10/09/2022 11:39:34 INFO]: Saving model to: model_.pth
[10/09/2022 11:39:54 INFO]: Training loss at epoch 102: 0.007267417053909851
[10/09/2022 11:39:54 INFO]: Training accuracy at epoch 102: 100.0
[10/09/2022 11:39:54 INFO]: Val accuracy at epoch 102: 100.0
[10/09/2022 11:39:54 INFO]: Saving model to: model_.pth
[10/09/2022 11:40:08 INFO]: Training loss at epoch 103: 0.008058239649107655
[10/09/2022 11:40:08 INFO]: Training accuracy at epoch 103: 100.0
[10/09/2022 11:40:08 INFO]: Val accuracy at epoch 103: 100.0
[10/09/2022 11:40:08 INFO]: Saving model to: model_.pth
[10/09/2022 11:40:23 INFO]: Training loss at epoch 104: 0.003630912976050353
[10/09/2022 11:40:23 INFO]: Training accuracy at epoch 104: 100.0
[10/09/2022 11:40:23 INFO]: Val accuracy at epoch 104: 100.0
[10/09/2022 11:40:23 INFO]: Saving model to: model_.pth
[10/09/2022 11:40:37 INFO]: Training loss at epoch 105: 0.012306636991344702
[10/09/2022 11:40:37 INFO]: Training accuracy at epoch 105: 100.0
[10/09/2022 11:40:37 INFO]: Val accuracy at epoch 105: 100.0
[10/09/2022 11:40:37 INFO]: Saving model to: model_.pth
[10/09/2022 11:40:52 INFO]: Training loss at epoch 106: 0.021105075073510306
[10/09/2022 11:40:52 INFO]: Training accuracy at epoch 106: 100.0
[10/09/2022 11:40:52 INFO]: Val accuracy at epoch 106: 100.0
[10/09/2022 11:40:52 INFO]: Saving model to: model_.pth
[10/09/2022 11:41:06 INFO]: Training loss at epoch 107: 0.008193601917674018
[10/09/2022 11:41:06 INFO]: Training accuracy at epoch 107: 100.0
[10/09/2022 11:41:06 INFO]: Val accuracy at epoch 107: 100.0
[10/09/2022 11:41:06 INFO]: Saving model to: model_.pth
[10/09/2022 11:41:21 INFO]: Training loss at epoch 108: 0.004416304284731722
[10/09/2022 11:41:21 INFO]: Training accuracy at epoch 108: 100.0
[10/09/2022 11:41:21 INFO]: Val accuracy at epoch 108: 100.0
[10/09/2022 11:41:21 INFO]: Saving model to: model_.pth
[10/09/2022 11:41:39 INFO]: Training loss at epoch 109: 0.01019020501038085
[10/09/2022 11:41:39 INFO]: Training accuracy at epoch 109: 100.0
[10/09/2022 11:41:39 INFO]: Val accuracy at epoch 109: 100.0
[10/09/2022 11:41:39 INFO]: Saving model to: model_.pth
[10/09/2022 11:41:54 INFO]: Training loss at epoch 110: 0.012179937233359863
[10/09/2022 11:41:54 INFO]: Training accuracy at epoch 110: 100.0
[10/09/2022 11:41:54 INFO]: Val accuracy at epoch 110: 100.0
[10/09/2022 11:41:54 INFO]: Saving model to: model_.pth
[10/09/2022 11:42:15 INFO]: Training loss at epoch 111: 0.005458414899528865
[10/09/2022 11:42:15 INFO]: Training accuracy at epoch 111: 100.0
[10/09/2022 11:42:15 INFO]: Val accuracy at epoch 111: 100.0
[10/09/2022 11:42:15 INFO]: Saving model to: model_.pth
[10/09/2022 11:42:30 INFO]: Training loss at epoch 112: 0.011461568042645578
[10/09/2022 11:42:30 INFO]: Training accuracy at epoch 112: 100.0
[10/09/2022 11:42:30 INFO]: Val accuracy at epoch 112: 100.0
[10/09/2022 11:42:30 INFO]: Saving model to: model_.pth
[10/09/2022 11:42:51 INFO]: Training loss at epoch 113: 0.0021964243161924912
[10/09/2022 11:42:51 INFO]: Training accuracy at epoch 113: 100.0
[10/09/2022 11:42:51 INFO]: Val accuracy at epoch 113: 100.0
[10/09/2022 11:42:51 INFO]: Saving model to: model_.pth
[10/09/2022 11:43:06 INFO]: Training loss at epoch 114: 0.00335859002183833
[10/09/2022 11:43:06 INFO]: Training accuracy at epoch 114: 100.0
[10/09/2022 11:43:06 INFO]: Val accuracy at epoch 114: 100.0
[10/09/2022 11:43:06 INFO]: Saving model to: model_.pth
[10/09/2022 11:43:25 INFO]: Training loss at epoch 115: 0.018209602618806442
[10/09/2022 11:43:25 INFO]: Training accuracy at epoch 115: 100.0
[10/09/2022 11:43:25 INFO]: Val accuracy at epoch 115: 100.0
[10/09/2022 11:43:25 INFO]: Saving model to: model_.pth
[10/09/2022 11:43:41 INFO]: Training loss at epoch 116: 0.007942179458977839
[10/09/2022 11:43:41 INFO]: Training accuracy at epoch 116: 100.0
[10/09/2022 11:43:41 INFO]: Val accuracy at epoch 116: 100.0
[10/09/2022 11:43:41 INFO]: Saving model to: model_.pth
[10/09/2022 11:44:01 INFO]: Training loss at epoch 117: 1.8583425566790976e-05
[10/09/2022 11:44:01 INFO]: Training accuracy at epoch 117: 100.0
[10/09/2022 11:44:01 INFO]: Val accuracy at epoch 117: 100.0
[10/09/2022 11:44:01 INFO]: Saving model to: model_.pth
[10/09/2022 11:44:16 INFO]: Training loss at epoch 118: 0.0016451679487296672
[10/09/2022 11:44:16 INFO]: Training accuracy at epoch 118: 100.0
[10/09/2022 11:44:16 INFO]: Val accuracy at epoch 118: 100.0
[10/09/2022 11:44:16 INFO]: Saving model to: model_.pth
[10/09/2022 11:44:36 INFO]: Training loss at epoch 119: 0.010081391997611617
[10/09/2022 11:44:36 INFO]: Training accuracy at epoch 119: 100.0
[10/09/2022 11:44:36 INFO]: Val accuracy at epoch 119: 100.0
[10/09/2022 11:46:42 INFO]: Training accuracy: {30: 100.0, 31: 99.98750305175781, 32: 99.98750305175781, 33: 99.9749984741211, 34: 99.9625015258789, 35: 99.9375, 36: 99.88749694824219, 37: 99.8125, 38: 99.7249984741211, 39: 99.63749694824219, 40: 99.5250015258789}
[10/09/2022 11:46:42 INFO]: Val accuracy: {30: 100.0, 31: 100.0, 32: 100.0, 33: 100.0, 34: 100.0, 35: 99.9000015258789, 36: 99.80000305175781, 37: 99.75, 38: 99.75, 39: 99.5999984741211, 40: 99.5999984741211}
[10/09/2022 11:46:42 INFO]: Test accuracy (hard data): {30: 0.0, 31: 0.0, 32: 0.0, 33: 0.0, 34: 0.0, 35: 0.0, 36: 0.019999999552965164, 37: 0.029999999329447746, 38: 0.05000000074505806, 39: 0.09000000357627869, 40: 0.11999999731779099}
[10/09/2022 11:46:42 INFO]: Saving model to: model_.pth
[10/09/2022 11:46:57 INFO]: Training loss at epoch 120: 0.012438542856873028
[10/09/2022 11:46:57 INFO]: Training accuracy at epoch 120: 100.0
[10/09/2022 11:46:57 INFO]: Val accuracy at epoch 120: 100.0
[10/09/2022 11:46:57 INFO]: Saving model to: model_.pth
[10/09/2022 11:47:12 INFO]: Training loss at epoch 121: 0.015597348311914542
[10/09/2022 11:47:12 INFO]: Training accuracy at epoch 121: 100.0
[10/09/2022 11:47:12 INFO]: Val accuracy at epoch 121: 100.0
[10/09/2022 11:47:12 INFO]: Saving model to: model_.pth
[10/09/2022 11:47:26 INFO]: Training loss at epoch 122: 0.022107086066722757
[10/09/2022 11:47:26 INFO]: Training accuracy at epoch 122: 100.0
[10/09/2022 11:47:26 INFO]: Val accuracy at epoch 122: 100.0
[10/09/2022 11:47:26 INFO]: Saving model to: model_.pth
[10/09/2022 11:47:41 INFO]: Training loss at epoch 123: 0.009497086057164624
[10/09/2022 11:47:41 INFO]: Training accuracy at epoch 123: 99.9875
[10/09/2022 11:47:41 INFO]: Val accuracy at epoch 123: 100.0
[10/09/2022 11:47:41 INFO]: Saving model to: model_.pth
[10/09/2022 11:47:57 INFO]: Training loss at epoch 124: 0.006486615795319617
[10/09/2022 11:47:57 INFO]: Training accuracy at epoch 124: 99.975
[10/09/2022 11:47:57 INFO]: Val accuracy at epoch 124: 100.0
[10/09/2022 11:47:57 INFO]: Saving model to: model_.pth
[10/09/2022 11:48:11 INFO]: Training loss at epoch 125: 0.014414133206051805
[10/09/2022 11:48:11 INFO]: Training accuracy at epoch 125: 99.9875
[10/09/2022 11:48:11 INFO]: Val accuracy at epoch 125: 100.0
[10/09/2022 11:48:11 INFO]: Saving model to: model_.pth
[10/09/2022 11:48:26 INFO]: Training loss at epoch 126: 0.0036431717395425944
[10/09/2022 11:48:26 INFO]: Training accuracy at epoch 126: 99.9875
[10/09/2022 11:48:26 INFO]: Val accuracy at epoch 126: 100.0
[10/09/2022 11:48:26 INFO]: Saving model to: model_.pth
[10/09/2022 11:48:40 INFO]: Training loss at epoch 127: 0.0004475771840615888
[10/09/2022 11:48:40 INFO]: Training accuracy at epoch 127: 99.9875
[10/09/2022 11:48:40 INFO]: Val accuracy at epoch 127: 100.0
[10/09/2022 11:48:40 INFO]: Saving model to: model_.pth
[10/09/2022 11:48:54 INFO]: Training loss at epoch 128: 0.010931873748565513
[10/09/2022 11:48:54 INFO]: Training accuracy at epoch 128: 99.975
[10/09/2022 11:48:54 INFO]: Val accuracy at epoch 128: 99.94999694824219
[10/09/2022 11:48:54 INFO]: Saving model to: model_.pth
[10/09/2022 11:49:09 INFO]: Training loss at epoch 129: 0.05535988572546122
[10/09/2022 11:49:09 INFO]: Training accuracy at epoch 129: 99.9625
[10/09/2022 11:49:09 INFO]: Val accuracy at epoch 129: 100.0
[10/09/2022 11:49:09 INFO]: Saving model to: model_.pth
[10/09/2022 11:49:27 INFO]: Training loss at epoch 130: 0.0051988116401918485
[10/09/2022 11:49:27 INFO]: Training accuracy at epoch 130: 100.0
[10/09/2022 11:49:27 INFO]: Val accuracy at epoch 130: 100.0
[10/09/2022 11:49:27 INFO]: Saving model to: model_.pth
[10/09/2022 11:49:42 INFO]: Training loss at epoch 131: 0.00482277110990168
[10/09/2022 11:49:42 INFO]: Training accuracy at epoch 131: 100.0
[10/09/2022 11:49:42 INFO]: Val accuracy at epoch 131: 100.0
[10/09/2022 11:49:42 INFO]: Saving model to: model_.pth
[10/09/2022 11:50:03 INFO]: Training loss at epoch 132: 0.003207793425005316
[10/09/2022 11:50:03 INFO]: Training accuracy at epoch 132: 100.0
[10/09/2022 11:50:03 INFO]: Val accuracy at epoch 132: 100.0
[10/09/2022 11:50:03 INFO]: Saving model to: model_.pth
[10/09/2022 11:50:18 INFO]: Training loss at epoch 133: 0.0028862222980654034
[10/09/2022 11:50:18 INFO]: Training accuracy at epoch 133: 100.0
[10/09/2022 11:50:18 INFO]: Val accuracy at epoch 133: 100.0
[10/09/2022 11:50:18 INFO]: Saving model to: model_.pth
[10/09/2022 11:50:38 INFO]: Training loss at epoch 134: 0.002108798921108246
[10/09/2022 11:50:38 INFO]: Training accuracy at epoch 134: 100.0
[10/09/2022 11:50:38 INFO]: Val accuracy at epoch 134: 100.0
[10/09/2022 11:50:38 INFO]: Saving model to: model_.pth
[10/09/2022 11:50:52 INFO]: Training loss at epoch 135: 1.6325603860316806e-05
[10/09/2022 11:50:52 INFO]: Training accuracy at epoch 135: 100.0
[10/09/2022 11:50:52 INFO]: Val accuracy at epoch 135: 100.0
[10/09/2022 11:50:52 INFO]: Saving model to: model_.pth
[10/09/2022 11:51:06 INFO]: Training loss at epoch 136: 0.0005033937385315009
[10/09/2022 11:51:06 INFO]: Training accuracy at epoch 136: 100.0
[10/09/2022 11:51:06 INFO]: Val accuracy at epoch 136: 100.0
[10/09/2022 11:51:06 INFO]: Saving model to: model_.pth
[10/09/2022 11:51:21 INFO]: Training loss at epoch 137: 0.005992436343150725
[10/09/2022 11:51:21 INFO]: Training accuracy at epoch 137: 100.0
[10/09/2022 11:51:21 INFO]: Val accuracy at epoch 137: 100.0
[10/09/2022 11:51:21 INFO]: Saving model to: model_.pth
[10/09/2022 11:51:36 INFO]: Training loss at epoch 138: 0.011997846609424549
[10/09/2022 11:51:36 INFO]: Training accuracy at epoch 138: 100.0
[10/09/2022 11:51:36 INFO]: Val accuracy at epoch 138: 100.0
[10/09/2022 11:51:36 INFO]: Saving model to: model_.pth
[10/09/2022 11:51:50 INFO]: Training loss at epoch 139: 0.03366147230210106
[10/09/2022 11:51:50 INFO]: Training accuracy at epoch 139: 100.0
[10/09/2022 11:51:50 INFO]: Val accuracy at epoch 139: 100.0
[10/09/2022 11:53:57 INFO]: Training accuracy: {30: 100.0, 31: 100.0, 32: 100.0, 33: 99.98750305175781, 34: 99.9749984741211, 35: 99.92500305175781, 36: 99.88749694824219, 37: 99.7750015258789, 38: 99.61250305175781, 39: 99.48750305175781, 40: 99.3499984741211}
[10/09/2022 11:53:57 INFO]: Val accuracy: {30: 100.0, 31: 100.0, 32: 100.0, 33: 100.0, 34: 99.94999694824219, 35: 99.8499984741211, 36: 99.80000305175781, 37: 99.80000305175781, 38: 99.69999694824219, 39: 99.6500015258789, 40: 99.44999694824219}
[10/09/2022 11:53:57 INFO]: Test accuracy (hard data): {30: 0.0, 31: 0.0, 32: 0.0, 33: 0.0, 34: 0.0, 35: 0.0, 36: 0.009999999776482582, 37: 0.009999999776482582, 38: 0.009999999776482582, 39: 0.009999999776482582, 40: 0.019999999552965164}
[10/09/2022 11:53:57 INFO]: Saving model to: model_.pth
[10/09/2022 11:54:15 INFO]: Training loss at epoch 140: 0.002850619053345682
[10/09/2022 11:54:15 INFO]: Training accuracy at epoch 140: 100.0
[10/09/2022 11:54:15 INFO]: Val accuracy at epoch 140: 100.0
[10/09/2022 11:54:15 INFO]: Saving model to: model_.pth
[10/09/2022 11:54:30 INFO]: Training loss at epoch 141: 0.011918041167925159
[10/09/2022 11:54:30 INFO]: Training accuracy at epoch 141: 100.0
[10/09/2022 11:54:30 INFO]: Val accuracy at epoch 141: 100.0
[10/09/2022 11:54:30 INFO]: Saving model to: model_.pth
[10/09/2022 11:54:49 INFO]: Training loss at epoch 142: 0.002952541881446375
[10/09/2022 11:54:49 INFO]: Training accuracy at epoch 142: 100.0
[10/09/2022 11:54:49 INFO]: Val accuracy at epoch 142: 100.0
[10/09/2022 11:54:49 INFO]: Saving model to: model_.pth
[10/09/2022 11:55:03 INFO]: Training loss at epoch 143: 0.014938951032136175
[10/09/2022 11:55:03 INFO]: Training accuracy at epoch 143: 100.0
[10/09/2022 11:55:03 INFO]: Val accuracy at epoch 143: 100.0
[10/09/2022 11:55:03 INFO]: Saving model to: model_.pth
[10/09/2022 11:55:25 INFO]: Training loss at epoch 144: 0.004729155768845595
[10/09/2022 11:55:25 INFO]: Training accuracy at epoch 144: 100.0
[10/09/2022 11:55:25 INFO]: Val accuracy at epoch 144: 100.0
[10/09/2022 11:55:25 INFO]: Saving model to: model_.pth
[10/09/2022 11:55:39 INFO]: Training loss at epoch 145: 0.020247497908489277
[10/09/2022 11:55:39 INFO]: Training accuracy at epoch 145: 100.0
[10/09/2022 11:55:39 INFO]: Val accuracy at epoch 145: 100.0
[10/09/2022 11:55:39 INFO]: Saving model to: model_.pth
[10/09/2022 11:55:53 INFO]: Training loss at epoch 146: 0.017857985666003995
[10/09/2022 11:55:53 INFO]: Training accuracy at epoch 146: 100.0
[10/09/2022 11:55:53 INFO]: Val accuracy at epoch 146: 100.0
[10/09/2022 11:55:53 INFO]: Saving model to: model_.pth
[10/09/2022 11:56:08 INFO]: Training loss at epoch 147: 0.00999407999076321
[10/09/2022 11:56:08 INFO]: Training accuracy at epoch 147: 100.0
[10/09/2022 11:56:08 INFO]: Val accuracy at epoch 147: 100.0
[10/09/2022 11:56:08 INFO]: Saving model to: model_.pth
[10/09/2022 11:56:23 INFO]: Training loss at epoch 148: 0.0004087377168691685
[10/09/2022 11:56:23 INFO]: Training accuracy at epoch 148: 100.0
[10/09/2022 11:56:23 INFO]: Val accuracy at epoch 148: 100.0
[10/09/2022 11:56:23 INFO]: Saving model to: model_.pth
[10/09/2022 11:56:37 INFO]: Training loss at epoch 149: 0.005778453139049766
[10/09/2022 11:56:37 INFO]: Training accuracy at epoch 149: 100.0
[10/09/2022 11:56:37 INFO]: Val accuracy at epoch 149: 100.0
[10/09/2022 11:58:44 INFO]: Training accuracy: {30: 100.0, 31: 100.0, 32: 100.0, 33: 99.98750305175781, 34: 99.92500305175781, 35: 99.88749694824219, 36: 99.7750015258789, 37: 99.63749694824219, 38: 99.51249694824219, 39: 99.3375015258789, 40: 99.11250305175781}
[10/09/2022 11:58:44 INFO]: Val accuracy: {30: 100.0, 31: 100.0, 32: 100.0, 33: 99.94999694824219, 34: 99.9000015258789, 35: 99.8499984741211, 36: 99.80000305175781, 37: 99.69999694824219, 38: 99.6500015258789, 39: 99.3499984741211, 40: 99.30000305175781}
[10/09/2022 11:58:44 INFO]: Test accuracy (hard data): {30: 0.009999999776482582, 31: 0.009999999776482582, 32: 0.029999999329447746, 33: 0.03999999910593033, 34: 0.05000000074505806, 35: 0.05000000074505806, 36: 0.07000000029802322, 37: 0.11999999731779099, 38: 0.12999999523162842, 39: 0.1599999964237213, 40: 0.23999999463558197}
[10/09/2022 11:58:44 INFO]: Saving model to: model_.pth
[10/09/2022 11:58:45 INFO]: OrderedDict([('max_iters', 30), ('run_id', 'frockless-Verena'), ('test_acc', {30: 0.009999999776482582, 31: 0.009999999776482582, 32: 0.029999999329447746, 33: 0.03999999910593033, 34: 0.05000000074505806, 35: 0.05000000074505806, 36: 0.07000000029802322, 37: 0.11999999731779099, 38: 0.12999999523162842, 39: 0.1599999964237213, 40: 0.23999999463558197}), ('test_data', 512), ('test_iters', [30, 31, 32, 33, 34, 35, 36, 37, 38, 39, 40]), ('test_mode', 'default'), ('train_data', 32), ('train_acc', {30: 100.0, 31: 100.0, 32: 100.0, 33: 99.98750305175781, 34: 99.92500305175781, 35: 99.88749694824219, 36: 99.7750015258789, 37: 99.63749694824219, 38: 99.51249694824219, 39: 99.3375015258789, 40: 99.11250305175781}), ('val_acc', {30: 100.0, 31: 100.0, 32: 100.0, 33: 99.94999694824219, 34: 99.9000015258789, 35: 99.8499984741211, 36: 99.80000305175781, 37: 99.69999694824219, 38: 99.6500015258789, 39: 99.3499984741211, 40: 99.30000305175781})])
