[10/09/2022 11:34:42 INFO]: 
_________________________________________________

[10/09/2022 11:34:42 INFO]: train_model.py main() running.
[10/09/2022 11:34:42 INFO]: problem:
  hyp:
    alpha: 0
    clip: 1
    epochs: 150
    lr: 0.001
    lr_decay: step
    lr_factor: 0.1
    lr_schedule:
    - 60
    - 100
    lr_throttle: false
    optimizer: adam
    save_period: -1
    test_batch_size: 500
    test_mode: default
    train_batch_size: 100
    train_mode: progressive
    val_period: 20
    warmup_period: 10
  model:
    model: feedforward_net_recall_1d
    model_path: null
    width: 400
    max_iters: 30
    test_iterations:
      low: 30
      high: 30
  name: prefix_sums
  test_data: 512
  train_data: 32
train_log: train_log
name: prefix_sums_ablation
run_id: venous-Jayson

Files already downloaded and verified
Loading data with 32 bits.
Files already downloaded and verified
Loading data with 512 bits.
[10/09/2022 11:34:57 INFO]: This feedforward_net_recall_1d has 58.804 million parameters.
[10/09/2022 11:34:57 INFO]: Training will start at epoch 0.
[10/09/2022 11:34:57 INFO]: ==> Starting training for 150 epochs...
[10/09/2022 11:35:20 INFO]: Training loss at epoch 0: 0.6921946227550506
[10/09/2022 11:35:20 INFO]: Training accuracy at epoch 0: 0.0125
[10/09/2022 11:35:20 INFO]: Val accuracy at epoch 0: 0.0
[10/09/2022 11:35:20 INFO]: Saving model to: model_best.pth
[10/09/2022 11:35:53 INFO]: Training loss at epoch 1: 0.6507780618965626
[10/09/2022 11:35:53 INFO]: Training accuracy at epoch 1: 0.0
[10/09/2022 11:35:53 INFO]: Val accuracy at epoch 1: 0.0
[10/09/2022 11:35:53 INFO]: Saving model to: model_.pth
[10/09/2022 11:36:28 INFO]: Training loss at epoch 2: 0.6064085222780704
[10/09/2022 11:36:28 INFO]: Training accuracy at epoch 2: 0.0
[10/09/2022 11:36:28 INFO]: Val accuracy at epoch 2: 0.0
[10/09/2022 11:36:28 INFO]: Saving model to: model_.pth
[10/09/2022 11:37:03 INFO]: Training loss at epoch 3: 0.5161069635301828
[10/09/2022 11:37:03 INFO]: Training accuracy at epoch 3: 0.0
[10/09/2022 11:37:03 INFO]: Val accuracy at epoch 3: 0.0
[10/09/2022 11:37:03 INFO]: Saving model to: model_.pth
[10/09/2022 11:37:38 INFO]: Training loss at epoch 4: 0.47017318978905676
[10/09/2022 11:37:38 INFO]: Training accuracy at epoch 4: 0.0375
[10/09/2022 11:37:38 INFO]: Val accuracy at epoch 4: 0.0
[10/09/2022 11:37:38 INFO]: Saving model to: model_.pth
[10/09/2022 11:38:14 INFO]: Training loss at epoch 5: 0.4226105783134699
[10/09/2022 11:38:14 INFO]: Training accuracy at epoch 5: 0.025
[10/09/2022 11:38:14 INFO]: Val accuracy at epoch 5: 0.0
[10/09/2022 11:38:14 INFO]: Saving model to: model_.pth
[10/09/2022 11:38:52 INFO]: Training loss at epoch 6: 0.39785325452685355
[10/09/2022 11:38:52 INFO]: Training accuracy at epoch 6: 0.0375
[10/09/2022 11:38:52 INFO]: Val accuracy at epoch 6: 0.3499999940395355
[10/09/2022 11:38:52 INFO]: Saving model to: model_best.pth
[10/09/2022 11:39:27 INFO]: Training loss at epoch 7: 0.39278066270053386
[10/09/2022 11:39:27 INFO]: Training accuracy at epoch 7: 0.0375
[10/09/2022 11:39:27 INFO]: Val accuracy at epoch 7: 0.05000000074505806
[10/09/2022 11:39:27 INFO]: Saving model to: model_.pth
[10/09/2022 11:40:03 INFO]: Training loss at epoch 8: 0.37827497012913225
[10/09/2022 11:40:03 INFO]: Training accuracy at epoch 8: 0.225
[10/09/2022 11:40:03 INFO]: Val accuracy at epoch 8: 0.25
[10/09/2022 11:40:03 INFO]: Saving model to: model_.pth
[10/09/2022 11:40:38 INFO]: Training loss at epoch 9: 0.45973855555057525
[10/09/2022 11:40:38 INFO]: Training accuracy at epoch 9: 0.0375
[10/09/2022 11:40:38 INFO]: Val accuracy at epoch 9: 0.05000000074505806
[10/09/2022 11:40:38 INFO]: Saving model to: model_.pth
[10/09/2022 11:41:12 INFO]: Training loss at epoch 10: 0.37104064859449865
[10/09/2022 11:41:12 INFO]: Training accuracy at epoch 10: 0.075
[10/09/2022 11:41:12 INFO]: Val accuracy at epoch 10: 0.25
[10/09/2022 11:41:12 INFO]: Saving model to: model_.pth
[10/09/2022 11:41:47 INFO]: Training loss at epoch 11: 0.43448128923773766
[10/09/2022 11:41:47 INFO]: Training accuracy at epoch 11: 0.075
[10/09/2022 11:41:47 INFO]: Val accuracy at epoch 11: 0.10000000149011612
[10/09/2022 11:41:47 INFO]: Saving model to: model_.pth
[10/09/2022 11:42:23 INFO]: Training loss at epoch 12: 0.3552812423557043
[10/09/2022 11:42:23 INFO]: Training accuracy at epoch 12: 0.1625
[10/09/2022 11:42:23 INFO]: Val accuracy at epoch 12: 0.44999998807907104
[10/09/2022 11:42:23 INFO]: Saving model to: model_best.pth
[10/09/2022 11:42:59 INFO]: Training loss at epoch 13: 0.3922695696353912
[10/09/2022 11:42:59 INFO]: Training accuracy at epoch 13: 0.125
[10/09/2022 11:42:59 INFO]: Val accuracy at epoch 13: 0.10000000149011612
[10/09/2022 11:42:59 INFO]: Saving model to: model_.pth
[10/09/2022 11:43:34 INFO]: Training loss at epoch 14: 0.4103730581700802
[10/09/2022 11:43:34 INFO]: Training accuracy at epoch 14: 0.2625
[10/09/2022 11:43:34 INFO]: Val accuracy at epoch 14: 0.4000000059604645
[10/09/2022 11:43:34 INFO]: Saving model to: model_.pth
[10/09/2022 11:44:10 INFO]: Training loss at epoch 15: 0.33595920354127884
[10/09/2022 11:44:10 INFO]: Training accuracy at epoch 15: 0.4375
[10/09/2022 11:44:10 INFO]: Val accuracy at epoch 15: 0.20000000298023224
[10/09/2022 11:44:10 INFO]: Saving model to: model_.pth
[10/09/2022 11:44:45 INFO]: Training loss at epoch 16: 0.33914337307214737
[10/09/2022 11:44:45 INFO]: Training accuracy at epoch 16: 0.9125
[10/09/2022 11:44:45 INFO]: Val accuracy at epoch 16: 1.399999976158142
[10/09/2022 11:44:45 INFO]: Saving model to: model_best.pth
[10/09/2022 11:45:20 INFO]: Training loss at epoch 17: 0.3239819142967463
[10/09/2022 11:45:20 INFO]: Training accuracy at epoch 17: 0.85
[10/09/2022 11:45:20 INFO]: Val accuracy at epoch 17: 0.0
[10/09/2022 11:45:20 INFO]: Saving model to: model_.pth
[10/09/2022 11:45:56 INFO]: Training loss at epoch 18: 0.4384168960154057
[10/09/2022 11:45:56 INFO]: Training accuracy at epoch 18: 0.1375
[10/09/2022 11:45:56 INFO]: Val accuracy at epoch 18: 0.15000000596046448
[10/09/2022 11:45:56 INFO]: Saving model to: model_.pth
[10/09/2022 11:46:31 INFO]: Training loss at epoch 19: 0.30674412846565247
[10/09/2022 11:46:31 INFO]: Training accuracy at epoch 19: 0.625
[10/09/2022 11:46:31 INFO]: Val accuracy at epoch 19: 1.5499999523162842
[10/09/2022 11:48:25 INFO]: Training accuracy: {30: 1.4500000476837158}
[10/09/2022 11:48:25 INFO]: Val accuracy: {30: 1.5499999523162842}
[10/09/2022 11:48:25 INFO]: Test accuracy (hard data): {30: 0.0}
[10/09/2022 11:48:25 INFO]: Saving model to: model_best.pth
[10/09/2022 11:49:00 INFO]: Training loss at epoch 20: 0.304764811322093
[10/09/2022 11:49:00 INFO]: Training accuracy at epoch 20: 0.7625
[10/09/2022 11:49:00 INFO]: Val accuracy at epoch 20: 0.44999998807907104
[10/09/2022 11:49:00 INFO]: Saving model to: model_.pth
[10/09/2022 11:49:35 INFO]: Training loss at epoch 21: 0.4219896886497736
[10/09/2022 11:49:35 INFO]: Training accuracy at epoch 21: 0.1875
[10/09/2022 11:49:35 INFO]: Val accuracy at epoch 21: 1.0
[10/09/2022 11:49:35 INFO]: Saving model to: model_.pth
[10/09/2022 11:50:11 INFO]: Training loss at epoch 22: 0.30261272843927145
[10/09/2022 11:50:11 INFO]: Training accuracy at epoch 22: 0.9
[10/09/2022 11:50:11 INFO]: Val accuracy at epoch 22: 0.6000000238418579
[10/09/2022 11:50:11 INFO]: Saving model to: model_.pth
[10/09/2022 11:50:46 INFO]: Training loss at epoch 23: 0.2878643674775958
[10/09/2022 11:50:46 INFO]: Training accuracy at epoch 23: 0.825
[10/09/2022 11:50:46 INFO]: Val accuracy at epoch 23: 1.149999976158142
[10/09/2022 11:50:46 INFO]: Saving model to: model_.pth
[10/09/2022 11:51:21 INFO]: Training loss at epoch 24: 0.30070995893329383
[10/09/2022 11:51:21 INFO]: Training accuracy at epoch 24: 0.9375
[10/09/2022 11:51:21 INFO]: Val accuracy at epoch 24: 1.100000023841858
[10/09/2022 11:51:21 INFO]: Saving model to: model_.pth
[10/09/2022 11:51:56 INFO]: Training loss at epoch 25: 0.3075049873441458
[10/09/2022 11:51:56 INFO]: Training accuracy at epoch 25: 1.0
[10/09/2022 11:51:56 INFO]: Val accuracy at epoch 25: 1.4500000476837158
[10/09/2022 11:51:56 INFO]: Saving model to: model_.pth
[10/09/2022 11:52:33 INFO]: Training loss at epoch 26: 0.22558432165533304
[10/09/2022 11:52:33 INFO]: Training accuracy at epoch 26: 1.625
[10/09/2022 11:52:33 INFO]: Val accuracy at epoch 26: 1.0499999523162842
[10/09/2022 11:52:33 INFO]: Saving model to: model_.pth
[10/09/2022 11:53:09 INFO]: Training loss at epoch 27: 0.23013854287564756
[10/09/2022 11:53:09 INFO]: Training accuracy at epoch 27: 1.925
[10/09/2022 11:53:09 INFO]: Val accuracy at epoch 27: 1.899999976158142
[10/09/2022 11:53:09 INFO]: Saving model to: model_best.pth
[10/09/2022 11:53:46 INFO]: Training loss at epoch 28: 0.274106053635478
[10/09/2022 11:53:46 INFO]: Training accuracy at epoch 28: 1.8375
[10/09/2022 11:53:46 INFO]: Val accuracy at epoch 28: 1.100000023841858
[10/09/2022 11:53:46 INFO]: Saving model to: model_.pth
[10/09/2022 11:54:23 INFO]: Training loss at epoch 29: 0.2898517493158579
[10/09/2022 11:54:23 INFO]: Training accuracy at epoch 29: 1.6
[10/09/2022 11:54:23 INFO]: Val accuracy at epoch 29: 2.5999999046325684
[10/09/2022 11:54:23 INFO]: Saving model to: model_best.pth
[10/09/2022 11:54:57 INFO]: Training loss at epoch 30: 0.2478740407153964
[10/09/2022 11:54:57 INFO]: Training accuracy at epoch 30: 2.1125
[10/09/2022 11:54:57 INFO]: Val accuracy at epoch 30: 2.5999999046325684
[10/09/2022 11:54:57 INFO]: Saving model to: model_.pth
[10/09/2022 11:55:33 INFO]: Training loss at epoch 31: 0.2249665793031454
[10/09/2022 11:55:33 INFO]: Training accuracy at epoch 31: 2.2875
[10/09/2022 11:55:33 INFO]: Val accuracy at epoch 31: 2.700000047683716
[10/09/2022 11:55:33 INFO]: Saving model to: model_best.pth
[10/09/2022 11:56:08 INFO]: Training loss at epoch 32: 0.22927467282861472
[10/09/2022 11:56:08 INFO]: Training accuracy at epoch 32: 3.1875
[10/09/2022 11:56:08 INFO]: Val accuracy at epoch 32: 4.349999904632568
[10/09/2022 11:56:08 INFO]: Saving model to: model_best.pth
[10/09/2022 11:56:41 INFO]: Training loss at epoch 33: 0.24549042917788028
[10/09/2022 11:56:41 INFO]: Training accuracy at epoch 33: 3.5625
[10/09/2022 11:56:41 INFO]: Val accuracy at epoch 33: 4.849999904632568
[10/09/2022 11:56:41 INFO]: Saving model to: model_best.pth
[10/09/2022 11:57:15 INFO]: Training loss at epoch 34: 0.21881949324160815
[10/09/2022 11:57:15 INFO]: Training accuracy at epoch 34: 3.2375
[10/09/2022 11:57:15 INFO]: Val accuracy at epoch 34: 2.0999999046325684
[10/09/2022 11:57:15 INFO]: Saving model to: model_.pth
[10/09/2022 11:57:51 INFO]: Training loss at epoch 35: 0.22644983660429716
[10/09/2022 11:57:51 INFO]: Training accuracy at epoch 35: 3.5375
[10/09/2022 11:57:51 INFO]: Val accuracy at epoch 35: 4.849999904632568
[10/09/2022 11:57:51 INFO]: Saving model to: model_.pth
[10/09/2022 11:58:25 INFO]: Training loss at epoch 36: 0.1882402805611491
[10/09/2022 11:58:25 INFO]: Training accuracy at epoch 36: 4.2625
[10/09/2022 11:58:25 INFO]: Val accuracy at epoch 36: 4.849999904632568
[10/09/2022 11:58:25 INFO]: Saving model to: model_.pth
[10/09/2022 11:59:01 INFO]: Training loss at epoch 37: 0.2009902350604534
[10/09/2022 11:59:01 INFO]: Training accuracy at epoch 37: 4.125
[10/09/2022 11:59:01 INFO]: Val accuracy at epoch 37: 3.549999952316284
[10/09/2022 11:59:01 INFO]: Saving model to: model_.pth
[10/09/2022 11:59:36 INFO]: Training loss at epoch 38: 0.24215588606894017
[10/09/2022 11:59:36 INFO]: Training accuracy at epoch 38: 3.8125
[10/09/2022 11:59:36 INFO]: Val accuracy at epoch 38: 3.9000000953674316
[10/09/2022 11:59:36 INFO]: Saving model to: model_.pth
[10/09/2022 12:00:16 INFO]: Training loss at epoch 39: 0.19227699600160122
[10/09/2022 12:00:16 INFO]: Training accuracy at epoch 39: 4.5
[10/09/2022 12:00:16 INFO]: Val accuracy at epoch 39: 3.299999952316284
[10/09/2022 12:02:09 INFO]: Training accuracy: {30: 3.2249999046325684}
[10/09/2022 12:02:09 INFO]: Val accuracy: {30: 3.299999952316284}
[10/09/2022 12:02:09 INFO]: Test accuracy (hard data): {30: 0.0}
[10/09/2022 12:02:09 INFO]: Saving model to: model_.pth
[10/09/2022 12:02:45 INFO]: Training loss at epoch 40: 0.20786165297031403
[10/09/2022 12:02:45 INFO]: Training accuracy at epoch 40: 4.35
[10/09/2022 12:02:45 INFO]: Val accuracy at epoch 40: 5.449999809265137
[10/09/2022 12:02:45 INFO]: Saving model to: model_best.pth
[10/09/2022 12:03:19 INFO]: Training loss at epoch 41: 0.27825708668679
[10/09/2022 12:03:19 INFO]: Training accuracy at epoch 41: 4.0375
[10/09/2022 12:03:19 INFO]: Val accuracy at epoch 41: 5.650000095367432
[10/09/2022 12:03:19 INFO]: Saving model to: model_best.pth
[10/09/2022 12:03:54 INFO]: Training loss at epoch 42: 0.225781119056046
[10/09/2022 12:03:54 INFO]: Training accuracy at epoch 42: 4.3625
[10/09/2022 12:03:54 INFO]: Val accuracy at epoch 42: 4.699999809265137
[10/09/2022 12:03:54 INFO]: Saving model to: model_.pth
[10/09/2022 12:04:29 INFO]: Training loss at epoch 43: 0.19167508631944657
[10/09/2022 12:04:29 INFO]: Training accuracy at epoch 43: 4.9625
[10/09/2022 12:04:29 INFO]: Val accuracy at epoch 43: 6.449999809265137
[10/09/2022 12:04:29 INFO]: Saving model to: model_best.pth
[10/09/2022 12:05:02 INFO]: Training loss at epoch 44: 0.19242735113948584
[10/09/2022 12:05:02 INFO]: Training accuracy at epoch 44: 4.925
[10/09/2022 12:05:02 INFO]: Val accuracy at epoch 44: 4.949999809265137
[10/09/2022 12:05:02 INFO]: Saving model to: model_.pth
[10/09/2022 12:05:42 INFO]: Training loss at epoch 45: 0.18465568982064723
[10/09/2022 12:05:42 INFO]: Training accuracy at epoch 45: 5.375
[10/09/2022 12:05:42 INFO]: Val accuracy at epoch 45: 4.349999904632568
[10/09/2022 12:05:42 INFO]: Saving model to: model_.pth
[10/09/2022 12:06:17 INFO]: Training loss at epoch 46: 0.19595298115164042
[10/09/2022 12:06:17 INFO]: Training accuracy at epoch 46: 5.325
[10/09/2022 12:06:17 INFO]: Val accuracy at epoch 46: 6.099999904632568
[10/09/2022 12:06:17 INFO]: Saving model to: model_.pth
[10/09/2022 12:06:52 INFO]: Training loss at epoch 47: 0.18308674078434706
[10/09/2022 12:06:52 INFO]: Training accuracy at epoch 47: 5.3375
[10/09/2022 12:06:52 INFO]: Val accuracy at epoch 47: 6.25
[10/09/2022 12:06:52 INFO]: Saving model to: model_.pth
[10/09/2022 12:07:28 INFO]: Training loss at epoch 48: 0.18658977840095758
[10/09/2022 12:07:28 INFO]: Training accuracy at epoch 48: 5.225
[10/09/2022 12:07:28 INFO]: Val accuracy at epoch 48: 5.449999809265137
[10/09/2022 12:07:28 INFO]: Saving model to: model_.pth
[10/09/2022 12:08:03 INFO]: Training loss at epoch 49: 0.1724259726703167
[10/09/2022 12:08:03 INFO]: Training accuracy at epoch 49: 5.9125
[10/09/2022 12:08:03 INFO]: Val accuracy at epoch 49: 6.150000095367432
[10/09/2022 12:08:03 INFO]: Saving model to: model_.pth
[10/09/2022 12:08:37 INFO]: Training loss at epoch 50: 0.1962055379524827
[10/09/2022 12:08:37 INFO]: Training accuracy at epoch 50: 5.325
[10/09/2022 12:08:37 INFO]: Val accuracy at epoch 50: 5.900000095367432
[10/09/2022 12:08:37 INFO]: Saving model to: model_.pth
[10/09/2022 12:09:12 INFO]: Training loss at epoch 51: 0.1820575712248683
[10/09/2022 12:09:12 INFO]: Training accuracy at epoch 51: 5.65
[10/09/2022 12:09:12 INFO]: Val accuracy at epoch 51: 4.5
[10/09/2022 12:09:12 INFO]: Saving model to: model_.pth
[10/09/2022 12:09:47 INFO]: Training loss at epoch 52: 0.19732090905308725
[10/09/2022 12:09:47 INFO]: Training accuracy at epoch 52: 5.4125
[10/09/2022 12:09:47 INFO]: Val accuracy at epoch 52: 0.8500000238418579
[10/09/2022 12:09:47 INFO]: Saving model to: model_.pth
[10/09/2022 12:10:21 INFO]: Training loss at epoch 53: 0.21603318378329278
[10/09/2022 12:10:21 INFO]: Training accuracy at epoch 53: 5.1375
[10/09/2022 12:10:21 INFO]: Val accuracy at epoch 53: 6.150000095367432
[10/09/2022 12:10:21 INFO]: Saving model to: model_.pth
[10/09/2022 12:10:57 INFO]: Training loss at epoch 54: 0.1837563209235668
[10/09/2022 12:10:57 INFO]: Training accuracy at epoch 54: 5.475
[10/09/2022 12:10:57 INFO]: Val accuracy at epoch 54: 6.199999809265137
[10/09/2022 12:10:57 INFO]: Saving model to: model_.pth
[10/09/2022 12:11:40 INFO]: Training loss at epoch 55: 0.17259197421371936
[10/09/2022 12:11:40 INFO]: Training accuracy at epoch 55: 5.8
[10/09/2022 12:11:40 INFO]: Val accuracy at epoch 55: 6.5
[10/09/2022 12:11:40 INFO]: Saving model to: model_best.pth
[10/09/2022 12:12:13 INFO]: Training loss at epoch 56: 0.18509688135236502
[10/09/2022 12:12:13 INFO]: Training accuracy at epoch 56: 5.375
[10/09/2022 12:12:13 INFO]: Val accuracy at epoch 56: 5.900000095367432
[10/09/2022 12:12:13 INFO]: Saving model to: model_.pth
[10/09/2022 12:12:50 INFO]: Training loss at epoch 57: 0.17272446267306804
[10/09/2022 12:12:50 INFO]: Training accuracy at epoch 57: 5.775
[10/09/2022 12:12:50 INFO]: Val accuracy at epoch 57: 6.099999904632568
[10/09/2022 12:12:50 INFO]: Saving model to: model_.pth
[10/09/2022 12:13:24 INFO]: Training loss at epoch 58: 0.18461373765021563
[10/09/2022 12:13:24 INFO]: Training accuracy at epoch 58: 5.525
[10/09/2022 12:13:24 INFO]: Val accuracy at epoch 58: 6.400000095367432
[10/09/2022 12:13:24 INFO]: Saving model to: model_.pth
[10/09/2022 12:14:04 INFO]: Training loss at epoch 59: 0.18062404934316872
[10/09/2022 12:14:04 INFO]: Training accuracy at epoch 59: 6.0625
[10/09/2022 12:14:04 INFO]: Val accuracy at epoch 59: 6.349999904632568
[10/09/2022 12:15:57 INFO]: Training accuracy: {30: 6.3125}
[10/09/2022 12:15:57 INFO]: Val accuracy: {30: 6.349999904632568}
[10/09/2022 12:15:57 INFO]: Test accuracy (hard data): {30: 0.0}
[10/09/2022 12:15:57 INFO]: Saving model to: model_.pth
[10/09/2022 12:16:33 INFO]: Training loss at epoch 60: 0.16600468698889018
[10/09/2022 12:16:33 INFO]: Training accuracy at epoch 60: 6.5
[10/09/2022 12:16:33 INFO]: Val accuracy at epoch 60: 6.400000095367432
[10/09/2022 12:16:33 INFO]: Saving model to: model_.pth
[10/09/2022 12:17:07 INFO]: Training loss at epoch 61: 0.16528610568493604
[10/09/2022 12:17:07 INFO]: Training accuracy at epoch 61: 6.5375
[10/09/2022 12:17:07 INFO]: Val accuracy at epoch 61: 6.550000190734863
[10/09/2022 12:17:07 INFO]: Saving model to: model_best.pth
[10/09/2022 12:17:43 INFO]: Training loss at epoch 62: 0.1649734813719988
[10/09/2022 12:17:43 INFO]: Training accuracy at epoch 62: 6.6625
[10/09/2022 12:17:43 INFO]: Val accuracy at epoch 62: 6.5
[10/09/2022 12:17:43 INFO]: Saving model to: model_.pth
[10/09/2022 12:18:21 INFO]: Training loss at epoch 63: 0.16474942341446877
[10/09/2022 12:18:21 INFO]: Training accuracy at epoch 63: 6.65
[10/09/2022 12:18:21 INFO]: Val accuracy at epoch 63: 6.449999809265137
[10/09/2022 12:18:21 INFO]: Saving model to: model_.pth
[10/09/2022 12:19:01 INFO]: Training loss at epoch 64: 0.1646460983902216
[10/09/2022 12:19:01 INFO]: Training accuracy at epoch 64: 6.7375
[10/09/2022 12:19:01 INFO]: Val accuracy at epoch 64: 6.449999809265137
[10/09/2022 12:19:01 INFO]: Saving model to: model_.pth
[10/09/2022 12:19:35 INFO]: Training loss at epoch 65: 0.16446333136409522
[10/09/2022 12:19:35 INFO]: Training accuracy at epoch 65: 6.75
[10/09/2022 12:19:35 INFO]: Val accuracy at epoch 65: 6.599999904632568
[10/09/2022 12:19:35 INFO]: Saving model to: model_best.pth
[10/09/2022 12:20:13 INFO]: Training loss at epoch 66: 0.1613477760925889
[10/09/2022 12:20:13 INFO]: Training accuracy at epoch 66: 7.2875
[10/09/2022 12:20:13 INFO]: Val accuracy at epoch 66: 8.149999618530273
[10/09/2022 12:20:13 INFO]: Saving model to: model_best.pth
[10/09/2022 12:20:48 INFO]: Training loss at epoch 67: 0.1532016733661294
[10/09/2022 12:20:48 INFO]: Training accuracy at epoch 67: 8.025
[10/09/2022 12:20:48 INFO]: Val accuracy at epoch 67: 7.400000095367432
[10/09/2022 12:20:48 INFO]: Saving model to: model_.pth
[10/09/2022 12:21:21 INFO]: Training loss at epoch 68: 0.14781165067106486
[10/09/2022 12:21:21 INFO]: Training accuracy at epoch 68: 8.025
[10/09/2022 12:21:21 INFO]: Val accuracy at epoch 68: 7.449999809265137
[10/09/2022 12:21:21 INFO]: Saving model to: model_.pth
[10/09/2022 12:21:56 INFO]: Training loss at epoch 69: 0.14488186240196227
[10/09/2022 12:21:56 INFO]: Training accuracy at epoch 69: 8.325
[10/09/2022 12:21:56 INFO]: Val accuracy at epoch 69: 7.650000095367432
[10/09/2022 12:21:56 INFO]: Saving model to: model_.pth
[10/09/2022 12:22:30 INFO]: Training loss at epoch 70: 0.14357513319700957
[10/09/2022 12:22:30 INFO]: Training accuracy at epoch 70: 8.625
[10/09/2022 12:22:30 INFO]: Val accuracy at epoch 70: 8.25
[10/09/2022 12:22:30 INFO]: Saving model to: model_best.pth
[10/09/2022 12:23:04 INFO]: Training loss at epoch 71: 0.14196667820215225
[10/09/2022 12:23:04 INFO]: Training accuracy at epoch 71: 8.8625
[10/09/2022 12:23:04 INFO]: Val accuracy at epoch 71: 8.0
[10/09/2022 12:23:04 INFO]: Saving model to: model_.pth
[10/09/2022 12:23:38 INFO]: Training loss at epoch 72: 0.14187017306685448
[10/09/2022 12:23:38 INFO]: Training accuracy at epoch 72: 8.8375
[10/09/2022 12:23:38 INFO]: Val accuracy at epoch 72: 8.050000190734863
[10/09/2022 12:23:38 INFO]: Saving model to: model_.pth
[10/09/2022 12:24:14 INFO]: Training loss at epoch 73: 0.140663574449718
[10/09/2022 12:24:14 INFO]: Training accuracy at epoch 73: 8.825
[10/09/2022 12:24:14 INFO]: Val accuracy at epoch 73: 8.699999809265137
[10/09/2022 12:24:14 INFO]: Saving model to: model_best.pth
[10/09/2022 12:24:48 INFO]: Training loss at epoch 74: 0.14035890065133572
[10/09/2022 12:24:50 INFO]: Training accuracy at epoch 74: 8.95
[10/09/2022 12:24:50 INFO]: Val accuracy at epoch 74: 8.199999809265137
[10/09/2022 12:24:50 INFO]: Saving model to: model_.pth
[10/09/2022 12:25:25 INFO]: Training loss at epoch 75: 0.14077227991074323
[10/09/2022 12:25:25 INFO]: Training accuracy at epoch 75: 8.8625
[10/09/2022 12:25:25 INFO]: Val accuracy at epoch 75: 8.199999809265137
[10/09/2022 12:25:25 INFO]: Saving model to: model_.pth
[10/09/2022 12:26:02 INFO]: Training loss at epoch 76: 0.13982696197926997
[10/09/2022 12:26:02 INFO]: Training accuracy at epoch 76: 9.15
[10/09/2022 12:26:02 INFO]: Val accuracy at epoch 76: 9.0
[10/09/2022 12:26:02 INFO]: Saving model to: model_best.pth
[10/09/2022 12:26:36 INFO]: Training loss at epoch 77: 0.13689844626933337
[10/09/2022 12:26:36 INFO]: Training accuracy at epoch 77: 9.7
[10/09/2022 12:26:36 INFO]: Val accuracy at epoch 77: 9.100000381469727
[10/09/2022 12:26:36 INFO]: Saving model to: model_best.pth
[10/09/2022 12:27:09 INFO]: Training loss at epoch 78: 0.13612405797466637
[10/09/2022 12:27:09 INFO]: Training accuracy at epoch 78: 9.7375
[10/09/2022 12:27:09 INFO]: Val accuracy at epoch 78: 8.600000381469727
[10/09/2022 12:27:09 INFO]: Saving model to: model_.pth
[10/09/2022 12:27:47 INFO]: Training loss at epoch 79: 0.13598249834030868
[10/09/2022 12:27:47 INFO]: Training accuracy at epoch 79: 9.975
[10/09/2022 12:27:47 INFO]: Val accuracy at epoch 79: 8.550000190734863
[10/09/2022 12:29:40 INFO]: Training accuracy: {30: 9.987500190734863}
[10/09/2022 12:29:40 INFO]: Val accuracy: {30: 8.550000190734863}
[10/09/2022 12:29:40 INFO]: Test accuracy (hard data): {30: 0.0}
[10/09/2022 12:29:40 INFO]: Saving model to: model_.pth
[10/09/2022 12:30:15 INFO]: Training loss at epoch 80: 0.13535139076411723
[10/09/2022 12:30:15 INFO]: Training accuracy at epoch 80: 9.95
[10/09/2022 12:30:15 INFO]: Val accuracy at epoch 80: 8.800000190734863
[10/09/2022 12:30:15 INFO]: Saving model to: model_.pth
[10/09/2022 12:30:51 INFO]: Training loss at epoch 81: 0.13601617831736804
[10/09/2022 12:30:51 INFO]: Training accuracy at epoch 81: 9.75
[10/09/2022 12:30:51 INFO]: Val accuracy at epoch 81: 8.949999809265137
[10/09/2022 12:30:51 INFO]: Saving model to: model_.pth
[10/09/2022 12:31:25 INFO]: Training loss at epoch 82: 0.13415401615202427
[10/09/2022 12:31:25 INFO]: Training accuracy at epoch 82: 9.9125
[10/09/2022 12:31:25 INFO]: Val accuracy at epoch 82: 8.800000190734863
[10/09/2022 12:31:25 INFO]: Saving model to: model_.pth
[10/09/2022 12:32:00 INFO]: Training loss at epoch 83: 0.13865379951894283
[10/09/2022 12:32:00 INFO]: Training accuracy at epoch 83: 9.5625
[10/09/2022 12:32:00 INFO]: Val accuracy at epoch 83: 8.050000190734863
[10/09/2022 12:32:00 INFO]: Saving model to: model_.pth
[10/09/2022 12:32:35 INFO]: Training loss at epoch 84: 0.13361396715044976
[10/09/2022 12:32:35 INFO]: Training accuracy at epoch 84: 10.025
[10/09/2022 12:32:35 INFO]: Val accuracy at epoch 84: 8.550000190734863
[10/09/2022 12:32:35 INFO]: Saving model to: model_.pth
[10/09/2022 12:33:09 INFO]: Training loss at epoch 85: 0.13639188949018716
[10/09/2022 12:33:09 INFO]: Training accuracy at epoch 85: 9.7875
[10/09/2022 12:33:09 INFO]: Val accuracy at epoch 85: 9.300000190734863
[10/09/2022 12:33:09 INFO]: Saving model to: model_best.pth
[10/09/2022 12:33:43 INFO]: Training loss at epoch 86: 0.1316246511414647
[10/09/2022 12:33:43 INFO]: Training accuracy at epoch 86: 10.25
[10/09/2022 12:33:43 INFO]: Val accuracy at epoch 86: 9.350000381469727
[10/09/2022 12:33:43 INFO]: Saving model to: model_best.pth
[10/09/2022 12:34:18 INFO]: Training loss at epoch 87: 0.13147474341094495
[10/09/2022 12:34:18 INFO]: Training accuracy at epoch 87: 10.125
[10/09/2022 12:34:18 INFO]: Val accuracy at epoch 87: 8.949999809265137
[10/09/2022 12:34:18 INFO]: Saving model to: model_.pth
[10/09/2022 12:34:52 INFO]: Training loss at epoch 88: 0.13258245596662163
[10/09/2022 12:34:52 INFO]: Training accuracy at epoch 88: 9.9125
[10/09/2022 12:34:52 INFO]: Val accuracy at epoch 88: 9.5
[10/09/2022 12:34:52 INFO]: Saving model to: model_best.pth
[10/09/2022 12:35:28 INFO]: Training loss at epoch 89: 0.1312612846493721
[10/09/2022 12:35:28 INFO]: Training accuracy at epoch 89: 10.4875
[10/09/2022 12:35:28 INFO]: Val accuracy at epoch 89: 9.649999618530273
[10/09/2022 12:35:28 INFO]: Saving model to: model_best.pth
[10/09/2022 12:36:05 INFO]: Training loss at epoch 90: 0.13170021465048193
[10/09/2022 12:36:05 INFO]: Training accuracy at epoch 90: 12.2125
[10/09/2022 12:36:05 INFO]: Val accuracy at epoch 90: 12.100000381469727
[10/09/2022 12:36:05 INFO]: Saving model to: model_best.pth
[10/09/2022 12:36:41 INFO]: Training loss at epoch 91: 0.1271139420568943
[10/09/2022 12:36:41 INFO]: Training accuracy at epoch 91: 13.7125
[10/09/2022 12:36:41 INFO]: Val accuracy at epoch 91: 13.800000190734863
[10/09/2022 12:36:41 INFO]: Saving model to: model_best.pth
[10/09/2022 12:37:17 INFO]: Training loss at epoch 92: 0.12431928040459753
[10/09/2022 12:37:17 INFO]: Training accuracy at epoch 92: 13.9375
[10/09/2022 12:37:17 INFO]: Val accuracy at epoch 92: 13.75
[10/09/2022 12:37:17 INFO]: Saving model to: model_.pth
[10/09/2022 12:37:51 INFO]: Training loss at epoch 93: 0.12063427278771996
[10/09/2022 12:37:51 INFO]: Training accuracy at epoch 93: 15.25
[10/09/2022 12:37:51 INFO]: Val accuracy at epoch 93: 13.899999618530273
[10/09/2022 12:37:51 INFO]: Saving model to: model_best.pth
[10/09/2022 12:38:31 INFO]: Training loss at epoch 94: 0.11712883785367012
[10/09/2022 12:38:31 INFO]: Training accuracy at epoch 94: 15.8375
[10/09/2022 12:38:31 INFO]: Val accuracy at epoch 94: 14.899999618530273
[10/09/2022 12:38:31 INFO]: Saving model to: model_best.pth
[10/09/2022 12:39:06 INFO]: Training loss at epoch 95: 0.11606588037684559
[10/09/2022 12:39:06 INFO]: Training accuracy at epoch 95: 16.8375
[10/09/2022 12:39:06 INFO]: Val accuracy at epoch 95: 16.700000762939453
[10/09/2022 12:39:06 INFO]: Saving model to: model_best.pth
[10/09/2022 12:39:41 INFO]: Training loss at epoch 96: 0.11431420017033815
[10/09/2022 12:39:41 INFO]: Training accuracy at epoch 96: 17.2625
[10/09/2022 12:39:41 INFO]: Val accuracy at epoch 96: 15.699999809265137
[10/09/2022 12:39:41 INFO]: Saving model to: model_.pth
[10/09/2022 12:40:16 INFO]: Training loss at epoch 97: 0.11385487047955394
[10/09/2022 12:40:16 INFO]: Training accuracy at epoch 97: 17.2125
[10/09/2022 12:40:16 INFO]: Val accuracy at epoch 97: 17.049999237060547
[10/09/2022 12:40:16 INFO]: Saving model to: model_best.pth
[10/09/2022 12:40:50 INFO]: Training loss at epoch 98: 0.11270398497581482
[10/09/2022 12:40:50 INFO]: Training accuracy at epoch 98: 17.575
[10/09/2022 12:40:50 INFO]: Val accuracy at epoch 98: 16.399999618530273
[10/09/2022 12:40:50 INFO]: Saving model to: model_.pth
[10/09/2022 12:41:25 INFO]: Training loss at epoch 99: 0.11218694485723972
[10/09/2022 12:41:25 INFO]: Training accuracy at epoch 99: 17.725
[10/09/2022 12:41:25 INFO]: Val accuracy at epoch 99: 16.399999618530273
[10/09/2022 12:43:18 INFO]: Training accuracy: {30: 17.100000381469727}
[10/09/2022 12:43:18 INFO]: Val accuracy: {30: 16.399999618530273}
[10/09/2022 12:43:18 INFO]: Test accuracy (hard data): {30: 0.0}
[10/09/2022 12:43:18 INFO]: Saving model to: model_.pth
[10/09/2022 12:43:53 INFO]: Training loss at epoch 100: 0.1068298688158393
[10/09/2022 12:43:53 INFO]: Training accuracy at epoch 100: 18.7
[10/09/2022 12:43:53 INFO]: Val accuracy at epoch 100: 17.549999237060547
[10/09/2022 12:43:53 INFO]: Saving model to: model_best.pth
[10/09/2022 12:44:29 INFO]: Training loss at epoch 101: 0.1056275893934071
[10/09/2022 12:44:29 INFO]: Training accuracy at epoch 101: 19.0
[10/09/2022 12:44:29 INFO]: Val accuracy at epoch 101: 17.149999618530273
[10/09/2022 12:44:29 INFO]: Saving model to: model_.pth
[10/09/2022 12:45:04 INFO]: Training loss at epoch 102: 0.10512027414515615
[10/09/2022 12:45:04 INFO]: Training accuracy at epoch 102: 19.2
[10/09/2022 12:45:04 INFO]: Val accuracy at epoch 102: 17.649999618530273
[10/09/2022 12:45:04 INFO]: Saving model to: model_best.pth
[10/09/2022 12:45:41 INFO]: Training loss at epoch 103: 0.10468153720721603
[10/09/2022 12:45:41 INFO]: Training accuracy at epoch 103: 19.35
[10/09/2022 12:45:41 INFO]: Val accuracy at epoch 103: 17.600000381469727
[10/09/2022 12:45:41 INFO]: Saving model to: model_.pth
[10/09/2022 12:46:15 INFO]: Training loss at epoch 104: 0.10446712980046868
[10/09/2022 12:46:15 INFO]: Training accuracy at epoch 104: 19.4
[10/09/2022 12:46:15 INFO]: Val accuracy at epoch 104: 17.899999618530273
[10/09/2022 12:46:15 INFO]: Saving model to: model_best.pth
[10/09/2022 12:46:51 INFO]: Training loss at epoch 105: 0.10412191106006503
[10/09/2022 12:46:51 INFO]: Training accuracy at epoch 105: 19.4375
[10/09/2022 12:46:51 INFO]: Val accuracy at epoch 105: 17.799999237060547
[10/09/2022 12:46:51 INFO]: Saving model to: model_.pth
[10/09/2022 12:47:24 INFO]: Training loss at epoch 106: 0.10371579546481371
[10/09/2022 12:47:24 INFO]: Training accuracy at epoch 106: 19.5625
[10/09/2022 12:47:24 INFO]: Val accuracy at epoch 106: 18.100000381469727
[10/09/2022 12:47:24 INFO]: Saving model to: model_best.pth
[10/09/2022 12:48:01 INFO]: Training loss at epoch 107: 0.10376677187159658
[10/09/2022 12:48:01 INFO]: Training accuracy at epoch 107: 19.475
[10/09/2022 12:48:01 INFO]: Val accuracy at epoch 107: 17.799999237060547
[10/09/2022 12:48:01 INFO]: Saving model to: model_.pth
[10/09/2022 12:48:37 INFO]: Training loss at epoch 108: 0.10357469571754337
[10/09/2022 12:48:37 INFO]: Training accuracy at epoch 108: 19.65
[10/09/2022 12:48:37 INFO]: Val accuracy at epoch 108: 17.549999237060547
[10/09/2022 12:48:37 INFO]: Saving model to: model_.pth
[10/09/2022 12:49:11 INFO]: Training loss at epoch 109: 0.1035312782973051
[10/09/2022 12:49:11 INFO]: Training accuracy at epoch 109: 19.625
[10/09/2022 12:49:11 INFO]: Val accuracy at epoch 109: 17.899999618530273
[10/09/2022 12:49:11 INFO]: Saving model to: model_.pth
[10/09/2022 12:49:47 INFO]: Training loss at epoch 110: 0.1032262397930026
[10/09/2022 12:49:47 INFO]: Training accuracy at epoch 110: 19.5375
[10/09/2022 12:49:47 INFO]: Val accuracy at epoch 110: 18.049999237060547
[10/09/2022 12:49:47 INFO]: Saving model to: model_.pth
[10/09/2022 12:50:21 INFO]: Training loss at epoch 111: 0.10303903063759208
[10/09/2022 12:50:21 INFO]: Training accuracy at epoch 111: 19.675
[10/09/2022 12:50:21 INFO]: Val accuracy at epoch 111: 18.0
[10/09/2022 12:50:21 INFO]: Saving model to: model_.pth
[10/09/2022 12:50:55 INFO]: Training loss at epoch 112: 0.10281823221594096
[10/09/2022 12:50:55 INFO]: Training accuracy at epoch 112: 19.75
[10/09/2022 12:50:55 INFO]: Val accuracy at epoch 112: 17.549999237060547
[10/09/2022 12:50:55 INFO]: Saving model to: model_.pth
[10/09/2022 12:51:37 INFO]: Training loss at epoch 113: 0.10272916471585632
[10/09/2022 12:51:37 INFO]: Training accuracy at epoch 113: 19.825
[10/09/2022 12:51:37 INFO]: Val accuracy at epoch 113: 18.100000381469727
[10/09/2022 12:51:37 INFO]: Saving model to: model_.pth
[10/09/2022 12:52:11 INFO]: Training loss at epoch 114: 0.10298040881752968
[10/09/2022 12:52:11 INFO]: Training accuracy at epoch 114: 19.85
[10/09/2022 12:52:11 INFO]: Val accuracy at epoch 114: 17.899999618530273
[10/09/2022 12:52:11 INFO]: Saving model to: model_.pth
[10/09/2022 12:52:46 INFO]: Training loss at epoch 115: 0.1027056404389441
[10/09/2022 12:52:46 INFO]: Training accuracy at epoch 115: 19.8625
[10/09/2022 12:52:46 INFO]: Val accuracy at epoch 115: 18.0
[10/09/2022 12:52:46 INFO]: Saving model to: model_.pth
[10/09/2022 12:53:19 INFO]: Training loss at epoch 116: 0.10269367601722479
[10/09/2022 12:53:19 INFO]: Training accuracy at epoch 116: 19.7375
[10/09/2022 12:53:19 INFO]: Val accuracy at epoch 116: 18.049999237060547
[10/09/2022 12:53:19 INFO]: Saving model to: model_.pth
[10/09/2022 12:53:54 INFO]: Training loss at epoch 117: 0.1024917664937675
[10/09/2022 12:53:54 INFO]: Training accuracy at epoch 117: 19.9
[10/09/2022 12:53:54 INFO]: Val accuracy at epoch 117: 18.0
[10/09/2022 12:53:54 INFO]: Saving model to: model_.pth
[10/09/2022 12:54:28 INFO]: Training loss at epoch 118: 0.10211304277181625
[10/09/2022 12:54:28 INFO]: Training accuracy at epoch 118: 20.0
[10/09/2022 12:54:28 INFO]: Val accuracy at epoch 118: 18.0
[10/09/2022 12:54:28 INFO]: Saving model to: model_.pth
[10/09/2022 12:55:03 INFO]: Training loss at epoch 119: 0.10228496976196766
[10/09/2022 12:55:03 INFO]: Training accuracy at epoch 119: 19.875
[10/09/2022 12:55:03 INFO]: Val accuracy at epoch 119: 17.5
[10/09/2022 12:56:57 INFO]: Training accuracy: {30: 19.325000762939453}
[10/09/2022 12:56:57 INFO]: Val accuracy: {30: 17.5}
[10/09/2022 12:56:57 INFO]: Test accuracy (hard data): {30: 0.0}
[10/09/2022 12:56:57 INFO]: Saving model to: model_.pth
[10/09/2022 12:57:33 INFO]: Training loss at epoch 120: 0.10202976651489734
[10/09/2022 12:57:33 INFO]: Training accuracy at epoch 120: 20.1
[10/09/2022 12:57:33 INFO]: Val accuracy at epoch 120: 18.299999237060547
[10/09/2022 12:57:33 INFO]: Saving model to: model_best.pth
[10/09/2022 12:58:08 INFO]: Training loss at epoch 121: 0.10183149445801973
[10/09/2022 12:58:08 INFO]: Training accuracy at epoch 121: 19.95
[10/09/2022 12:58:08 INFO]: Val accuracy at epoch 121: 18.100000381469727
[10/09/2022 12:58:08 INFO]: Saving model to: model_.pth
[10/09/2022 12:58:43 INFO]: Training loss at epoch 122: 0.1020915312692523
[10/09/2022 12:58:43 INFO]: Training accuracy at epoch 122: 19.9375
[10/09/2022 12:58:43 INFO]: Val accuracy at epoch 122: 18.25
[10/09/2022 12:58:43 INFO]: Saving model to: model_.pth
[10/09/2022 12:59:17 INFO]: Training loss at epoch 123: 0.10174853820353746
[10/09/2022 12:59:17 INFO]: Training accuracy at epoch 123: 20.025
[10/09/2022 12:59:17 INFO]: Val accuracy at epoch 123: 18.25
[10/09/2022 12:59:17 INFO]: Saving model to: model_.pth
[10/09/2022 12:59:52 INFO]: Training loss at epoch 124: 0.10162252774462104
[10/09/2022 12:59:52 INFO]: Training accuracy at epoch 124: 20.125
[10/09/2022 12:59:52 INFO]: Val accuracy at epoch 124: 18.25
[10/09/2022 12:59:52 INFO]: Saving model to: model_.pth
[10/09/2022 13:00:30 INFO]: Training loss at epoch 125: 0.10187520468607544
[10/09/2022 13:00:30 INFO]: Training accuracy at epoch 125: 19.825
[10/09/2022 13:00:30 INFO]: Val accuracy at epoch 125: 18.049999237060547
[10/09/2022 13:00:30 INFO]: Saving model to: model_.pth
[10/09/2022 13:01:04 INFO]: Training loss at epoch 126: 0.10148126324638725
[10/09/2022 13:01:04 INFO]: Training accuracy at epoch 126: 19.9875
[10/09/2022 13:01:04 INFO]: Val accuracy at epoch 126: 18.5
[10/09/2022 13:01:04 INFO]: Saving model to: model_best.pth
[10/09/2022 13:01:38 INFO]: Training loss at epoch 127: 0.10155178532004357
[10/09/2022 13:01:38 INFO]: Training accuracy at epoch 127: 20.025
[10/09/2022 13:01:38 INFO]: Val accuracy at epoch 127: 18.549999237060547
[10/09/2022 13:01:38 INFO]: Saving model to: model_best.pth
[10/09/2022 13:02:13 INFO]: Training loss at epoch 128: 0.10135138304904104
[10/09/2022 13:02:13 INFO]: Training accuracy at epoch 128: 20.05
[10/09/2022 13:02:13 INFO]: Val accuracy at epoch 128: 18.450000762939453
[10/09/2022 13:02:13 INFO]: Saving model to: model_.pth
[10/09/2022 13:02:48 INFO]: Training loss at epoch 129: 0.10146762942895293
[10/09/2022 13:02:48 INFO]: Training accuracy at epoch 129: 20.1
[10/09/2022 13:02:48 INFO]: Val accuracy at epoch 129: 18.100000381469727
[10/09/2022 13:02:48 INFO]: Saving model to: model_.pth
[10/09/2022 13:03:21 INFO]: Training loss at epoch 130: 0.10112570943310857
[10/09/2022 13:03:21 INFO]: Training accuracy at epoch 130: 20.1375
[10/09/2022 13:03:21 INFO]: Val accuracy at epoch 130: 18.25
[10/09/2022 13:03:21 INFO]: Saving model to: model_.pth
[10/09/2022 13:03:54 INFO]: Training loss at epoch 131: 0.10101805450394749
[10/09/2022 13:03:54 INFO]: Training accuracy at epoch 131: 20.175
[10/09/2022 13:03:54 INFO]: Val accuracy at epoch 131: 18.299999237060547
[10/09/2022 13:03:54 INFO]: Saving model to: model_.pth
[10/09/2022 13:04:31 INFO]: Training loss at epoch 132: 0.100875970069319
[10/09/2022 13:04:31 INFO]: Training accuracy at epoch 132: 20.125
[10/09/2022 13:04:31 INFO]: Val accuracy at epoch 132: 18.600000381469727
[10/09/2022 13:04:31 INFO]: Saving model to: model_best.pth
[10/09/2022 13:05:05 INFO]: Training loss at epoch 133: 0.10085455784574152
[10/09/2022 13:05:05 INFO]: Training accuracy at epoch 133: 20.1
[10/09/2022 13:05:05 INFO]: Val accuracy at epoch 133: 18.75
[10/09/2022 13:05:05 INFO]: Saving model to: model_best.pth
[10/09/2022 13:05:40 INFO]: Training loss at epoch 134: 0.10098852775990963
[10/09/2022 13:05:40 INFO]: Training accuracy at epoch 134: 20.125
[10/09/2022 13:05:40 INFO]: Val accuracy at epoch 134: 19.700000762939453
[10/09/2022 13:05:40 INFO]: Saving model to: model_best.pth
[10/09/2022 13:06:15 INFO]: Training loss at epoch 135: 0.1012929673306644
[10/09/2022 13:06:15 INFO]: Training accuracy at epoch 135: 20.0875
[10/09/2022 13:06:15 INFO]: Val accuracy at epoch 135: 18.25
[10/09/2022 13:06:15 INFO]: Saving model to: model_.pth
[10/09/2022 13:06:49 INFO]: Training loss at epoch 136: 0.10079092402011156
[10/09/2022 13:06:49 INFO]: Training accuracy at epoch 136: 20.4875
[10/09/2022 13:06:49 INFO]: Val accuracy at epoch 136: 18.200000762939453
[10/09/2022 13:06:49 INFO]: Saving model to: model_.pth
[10/09/2022 13:07:27 INFO]: Training loss at epoch 137: 0.10106407161802053
[10/09/2022 13:07:27 INFO]: Training accuracy at epoch 137: 20.1
[10/09/2022 13:07:27 INFO]: Val accuracy at epoch 137: 19.25
[10/09/2022 13:07:27 INFO]: Saving model to: model_.pth
[10/09/2022 13:08:02 INFO]: Training loss at epoch 138: 0.10034093046560884
[10/09/2022 13:08:02 INFO]: Training accuracy at epoch 138: 20.4875
[10/09/2022 13:08:02 INFO]: Val accuracy at epoch 138: 18.399999618530273
[10/09/2022 13:08:02 INFO]: Saving model to: model_.pth
[10/09/2022 13:08:37 INFO]: Training loss at epoch 139: 0.10021590422838926
[10/09/2022 13:08:37 INFO]: Training accuracy at epoch 139: 20.275
[10/09/2022 13:08:37 INFO]: Val accuracy at epoch 139: 18.450000762939453
[10/09/2022 13:10:30 INFO]: Training accuracy: {30: 19.787500381469727}
[10/09/2022 13:10:30 INFO]: Val accuracy: {30: 18.450000762939453}
[10/09/2022 13:10:30 INFO]: Test accuracy (hard data): {30: 0.0}
[10/09/2022 13:10:30 INFO]: Saving model to: model_.pth
[10/09/2022 13:11:04 INFO]: Training loss at epoch 140: 0.10037651574239134
[10/09/2022 13:11:04 INFO]: Training accuracy at epoch 140: 19.9375
[10/09/2022 13:11:04 INFO]: Val accuracy at epoch 140: 18.899999618530273
[10/09/2022 13:11:04 INFO]: Saving model to: model_.pth
[10/09/2022 13:11:38 INFO]: Training loss at epoch 141: 0.1001661567017436
[10/09/2022 13:11:38 INFO]: Training accuracy at epoch 141: 19.8125
[10/09/2022 13:11:38 INFO]: Val accuracy at epoch 141: 17.899999618530273
[10/09/2022 13:11:38 INFO]: Saving model to: model_.pth
[10/09/2022 13:12:12 INFO]: Training loss at epoch 142: 0.10035372897982597
[10/09/2022 13:12:12 INFO]: Training accuracy at epoch 142: 20.15
[10/09/2022 13:12:12 INFO]: Val accuracy at epoch 142: 18.549999237060547
[10/09/2022 13:12:12 INFO]: Saving model to: model_.pth
[10/09/2022 13:12:50 INFO]: Training loss at epoch 143: 0.10070621287450195
[10/09/2022 13:12:50 INFO]: Training accuracy at epoch 143: 20.2125
[10/09/2022 13:12:50 INFO]: Val accuracy at epoch 143: 18.850000381469727
[10/09/2022 13:12:50 INFO]: Saving model to: model_.pth
[10/09/2022 13:13:24 INFO]: Training loss at epoch 144: 0.10031858328729867
[10/09/2022 13:13:24 INFO]: Training accuracy at epoch 144: 20.1625
[10/09/2022 13:13:24 INFO]: Val accuracy at epoch 144: 17.700000762939453
[10/09/2022 13:13:24 INFO]: Saving model to: model_.pth
[10/09/2022 13:14:00 INFO]: Training loss at epoch 145: 0.10002194335684181
[10/09/2022 13:14:00 INFO]: Training accuracy at epoch 145: 20.65
[10/09/2022 13:14:00 INFO]: Val accuracy at epoch 145: 19.25
[10/09/2022 13:14:00 INFO]: Saving model to: model_.pth
[10/09/2022 13:14:34 INFO]: Training loss at epoch 146: 0.09977707369253039
[10/09/2022 13:14:34 INFO]: Training accuracy at epoch 146: 20.475
[10/09/2022 13:14:34 INFO]: Val accuracy at epoch 146: 19.100000381469727
[10/09/2022 13:14:34 INFO]: Saving model to: model_.pth
[10/09/2022 13:15:08 INFO]: Training loss at epoch 147: 0.10019761575385928
[10/09/2022 13:15:08 INFO]: Training accuracy at epoch 147: 20.3
[10/09/2022 13:15:08 INFO]: Val accuracy at epoch 147: 18.950000762939453
[10/09/2022 13:15:08 INFO]: Saving model to: model_.pth
[10/09/2022 13:15:44 INFO]: Training loss at epoch 148: 0.09962335759773851
[10/09/2022 13:15:44 INFO]: Training accuracy at epoch 148: 20.6875
[10/09/2022 13:15:44 INFO]: Val accuracy at epoch 148: 18.700000762939453
[10/09/2022 13:15:44 INFO]: Saving model to: model_.pth
[10/09/2022 13:16:21 INFO]: Training loss at epoch 149: 0.09958447702229023
[10/09/2022 13:16:21 INFO]: Training accuracy at epoch 149: 20.65
[10/09/2022 13:16:21 INFO]: Val accuracy at epoch 149: 18.200000762939453
[10/09/2022 13:18:14 INFO]: Training accuracy: {30: 20.350000381469727}
[10/09/2022 13:18:14 INFO]: Val accuracy: {30: 18.200000762939453}
[10/09/2022 13:18:14 INFO]: Test accuracy (hard data): {30: 0.0}
[10/09/2022 13:18:14 INFO]: Saving model to: model_.pth
[10/09/2022 13:18:28 INFO]: OrderedDict([('max_iters', 30), ('run_id', 'venous-Jayson'), ('test_acc', {30: 0.0}), ('test_data', 512), ('test_iters', [30]), ('test_mode', 'default'), ('train_data', 32), ('train_acc', {30: 20.350000381469727}), ('val_acc', {30: 18.200000762939453})])
