[10/09/2022 13:18:32 INFO]: 
_________________________________________________

[10/09/2022 13:18:32 INFO]: train_model.py main() running.
[10/09/2022 13:18:32 INFO]: problem:
  hyp:
    alpha: 0
    clip: 1
    epochs: 150
    lr: 0.001
    lr_decay: step
    lr_factor: 0.1
    lr_schedule:
    - 60
    - 100
    lr_throttle: false
    optimizer: adam
    save_period: -1
    test_batch_size: 500
    test_mode: default
    train_batch_size: 100
    train_mode: progressive
    val_period: 20
    warmup_period: 10
  model:
    model: feedforward_net_1d
    model_path: null
    width: 400
    max_iters: 30
    test_iterations:
      low: 30
      high: 30
  name: prefix_sums
  test_data: 512
  train_data: 32
train_log: train_log
name: prefix_sums_ablation
run_id: noteless-Crystin

Files already downloaded and verified
Loading data with 32 bits.
Files already downloaded and verified
Loading data with 512 bits.
[10/09/2022 13:18:36 INFO]: This feedforward_net_1d has 58.322 million parameters.
[10/09/2022 13:18:36 INFO]: Training will start at epoch 0.
[10/09/2022 13:18:36 INFO]: ==> Starting training for 150 epochs...
[10/09/2022 13:18:55 INFO]: Training loss at epoch 0: 0.6388521000742913
[10/09/2022 13:18:55 INFO]: Training accuracy at epoch 0: 0.0125
[10/09/2022 13:18:55 INFO]: Val accuracy at epoch 0: 0.0
[10/09/2022 13:18:55 INFO]: Saving model to: model_best.pth
[10/09/2022 13:19:26 INFO]: Training loss at epoch 1: 0.34651468144729736
[10/09/2022 13:19:26 INFO]: Training accuracy at epoch 1: 16.6375
[10/09/2022 13:19:26 INFO]: Val accuracy at epoch 1: 86.30000305175781
[10/09/2022 13:19:26 INFO]: Saving model to: model_best.pth
[10/09/2022 13:20:03 INFO]: Training loss at epoch 2: 0.018041248620374973
[10/09/2022 13:20:03 INFO]: Training accuracy at epoch 2: 93.9375
[10/09/2022 13:20:03 INFO]: Val accuracy at epoch 2: 99.94999694824219
[10/09/2022 13:20:03 INFO]: Saving model to: model_best.pth
[10/09/2022 13:20:31 INFO]: Training loss at epoch 3: 0.009428534948273181
[10/09/2022 13:20:31 INFO]: Training accuracy at epoch 3: 97.55
[10/09/2022 13:20:31 INFO]: Val accuracy at epoch 3: 99.3499984741211
[10/09/2022 13:20:31 INFO]: Saving model to: model_.pth
[10/09/2022 13:21:00 INFO]: Training loss at epoch 4: 0.01651844354455534
[10/09/2022 13:21:00 INFO]: Training accuracy at epoch 4: 96.1375
[10/09/2022 13:21:00 INFO]: Val accuracy at epoch 4: 99.94999694824219
[10/09/2022 13:21:00 INFO]: Saving model to: model_.pth
[10/09/2022 13:21:29 INFO]: Training loss at epoch 5: 0.00031797672618267826
[10/09/2022 13:21:29 INFO]: Training accuracy at epoch 5: 99.875
[10/09/2022 13:21:29 INFO]: Val accuracy at epoch 5: 99.9000015258789
[10/09/2022 13:21:29 INFO]: Saving model to: model_.pth
[10/09/2022 13:21:56 INFO]: Training loss at epoch 6: 5.380082682222564e-05
[10/09/2022 13:21:56 INFO]: Training accuracy at epoch 6: 100.0
[10/09/2022 13:21:56 INFO]: Val accuracy at epoch 6: 99.94999694824219
[10/09/2022 13:21:56 INFO]: Saving model to: model_.pth
[10/09/2022 13:22:25 INFO]: Training loss at epoch 7: 0.040815285121425404
[10/09/2022 13:22:25 INFO]: Training accuracy at epoch 7: 90.5375
[10/09/2022 13:22:25 INFO]: Val accuracy at epoch 7: 94.80000305175781
[10/09/2022 13:22:25 INFO]: Saving model to: model_.pth
[10/09/2022 13:22:56 INFO]: Training loss at epoch 8: 0.004709397498982071
[10/09/2022 13:22:56 INFO]: Training accuracy at epoch 8: 98.7875
[10/09/2022 13:22:56 INFO]: Val accuracy at epoch 8: 99.94999694824219
[10/09/2022 13:22:56 INFO]: Saving model to: model_.pth
[10/09/2022 13:23:28 INFO]: Training loss at epoch 9: 0.0002129053109229062
[10/09/2022 13:23:28 INFO]: Training accuracy at epoch 9: 99.925
[10/09/2022 13:23:28 INFO]: Val accuracy at epoch 9: 99.94999694824219
[10/09/2022 13:23:28 INFO]: Saving model to: model_.pth
[10/09/2022 13:23:57 INFO]: Training loss at epoch 10: 7.179787003224192e-05
[10/09/2022 13:23:57 INFO]: Training accuracy at epoch 10: 99.9875
[10/09/2022 13:23:57 INFO]: Val accuracy at epoch 10: 99.5999984741211
[10/09/2022 13:23:57 INFO]: Saving model to: model_.pth
[10/09/2022 13:24:27 INFO]: Training loss at epoch 11: 0.09041699110784976
[10/09/2022 13:24:27 INFO]: Training accuracy at epoch 11: 87.0
[10/09/2022 13:24:27 INFO]: Val accuracy at epoch 11: 98.0999984741211
[10/09/2022 13:24:27 INFO]: Saving model to: model_.pth
[10/09/2022 13:24:58 INFO]: Training loss at epoch 12: 0.010238743146294383
[10/09/2022 13:24:58 INFO]: Training accuracy at epoch 12: 98.0
[10/09/2022 13:24:58 INFO]: Val accuracy at epoch 12: 99.69999694824219
[10/09/2022 13:24:58 INFO]: Saving model to: model_.pth
[10/09/2022 13:25:28 INFO]: Training loss at epoch 13: 4.388968927742099e-05
[10/09/2022 13:25:28 INFO]: Training accuracy at epoch 13: 100.0
[10/09/2022 13:25:28 INFO]: Val accuracy at epoch 13: 99.94999694824219
[10/09/2022 13:25:28 INFO]: Saving model to: model_.pth
[10/09/2022 13:25:58 INFO]: Training loss at epoch 14: 8.55942204452731e-05
[10/09/2022 13:25:58 INFO]: Training accuracy at epoch 14: 99.9625
[10/09/2022 13:25:58 INFO]: Val accuracy at epoch 14: 100.0
[10/09/2022 13:25:58 INFO]: Saving model to: model_best.pth
[10/09/2022 13:26:30 INFO]: Training loss at epoch 15: 0.040167735587920105
[10/09/2022 13:26:30 INFO]: Training accuracy at epoch 15: 94.8
[10/09/2022 13:26:30 INFO]: Val accuracy at epoch 15: 50.150001525878906
[10/09/2022 13:26:30 INFO]: Saving model to: model_.pth
[10/09/2022 13:27:00 INFO]: Training loss at epoch 16: 0.07801349748658595
[10/09/2022 13:27:00 INFO]: Training accuracy at epoch 16: 93.3375
[10/09/2022 13:27:00 INFO]: Val accuracy at epoch 16: 99.8499984741211
[10/09/2022 13:27:00 INFO]: Saving model to: model_.pth
[10/09/2022 13:27:28 INFO]: Training loss at epoch 17: 5.048807579441927e-05
[10/09/2022 13:27:28 INFO]: Training accuracy at epoch 17: 100.0
[10/09/2022 13:27:28 INFO]: Val accuracy at epoch 17: 100.0
[10/09/2022 13:27:28 INFO]: Saving model to: model_.pth
[10/09/2022 13:27:59 INFO]: Training loss at epoch 18: 0.00021959197952128306
[10/09/2022 13:27:59 INFO]: Training accuracy at epoch 18: 99.875
[10/09/2022 13:27:59 INFO]: Val accuracy at epoch 18: 100.0
[10/09/2022 13:27:59 INFO]: Saving model to: model_.pth
[10/09/2022 13:28:30 INFO]: Training loss at epoch 19: 0.00012834112640121021
[10/09/2022 13:28:30 INFO]: Training accuracy at epoch 19: 99.95
[10/09/2022 13:28:30 INFO]: Val accuracy at epoch 19: 100.0
[10/09/2022 13:30:06 INFO]: Training accuracy: {30: 99.98750305175781}
[10/09/2022 13:30:06 INFO]: Val accuracy: {30: 100.0}
[10/09/2022 13:30:06 INFO]: Test accuracy (hard data): {30: 0.0}
[10/09/2022 13:30:06 INFO]: Saving model to: model_.pth
[10/09/2022 13:30:34 INFO]: Training loss at epoch 20: 0.00014083425085118507
[10/09/2022 13:30:34 INFO]: Training accuracy at epoch 20: 99.9625
[10/09/2022 13:30:34 INFO]: Val accuracy at epoch 20: 100.0
[10/09/2022 13:30:34 INFO]: Saving model to: model_.pth
[10/09/2022 13:31:04 INFO]: Training loss at epoch 21: 0.03971909602632877
[10/09/2022 13:31:04 INFO]: Training accuracy at epoch 21: 94.1625
[10/09/2022 13:31:04 INFO]: Val accuracy at epoch 21: 100.0
[10/09/2022 13:31:04 INFO]: Saving model to: model_.pth
[10/09/2022 13:31:35 INFO]: Training loss at epoch 22: 4.2343277914369534e-05
[10/09/2022 13:31:35 INFO]: Training accuracy at epoch 22: 99.9875
[10/09/2022 13:31:35 INFO]: Val accuracy at epoch 22: 100.0
[10/09/2022 13:31:35 INFO]: Saving model to: model_.pth
[10/09/2022 13:32:04 INFO]: Training loss at epoch 23: 7.890513570600888e-05
[10/09/2022 13:32:04 INFO]: Training accuracy at epoch 23: 100.0
[10/09/2022 13:32:04 INFO]: Val accuracy at epoch 23: 100.0
[10/09/2022 13:32:04 INFO]: Saving model to: model_.pth
[10/09/2022 13:32:34 INFO]: Training loss at epoch 24: 6.695994520669046e-05
[10/09/2022 13:32:34 INFO]: Training accuracy at epoch 24: 100.0
[10/09/2022 13:32:34 INFO]: Val accuracy at epoch 24: 100.0
[10/09/2022 13:32:34 INFO]: Saving model to: model_.pth
[10/09/2022 13:33:04 INFO]: Training loss at epoch 25: 0.040579045623701404
[10/09/2022 13:33:04 INFO]: Training accuracy at epoch 25: 96.975
[10/09/2022 13:33:04 INFO]: Val accuracy at epoch 25: 100.0
[10/09/2022 13:33:04 INFO]: Saving model to: model_.pth
[10/09/2022 13:33:35 INFO]: Training loss at epoch 26: 4.126608289425349e-05
[10/09/2022 13:33:35 INFO]: Training accuracy at epoch 26: 100.0
[10/09/2022 13:33:35 INFO]: Val accuracy at epoch 26: 100.0
[10/09/2022 13:33:35 INFO]: Saving model to: model_.pth
[10/09/2022 13:34:05 INFO]: Training loss at epoch 27: 6.503066206278162e-05
[10/09/2022 13:34:05 INFO]: Training accuracy at epoch 27: 100.0
[10/09/2022 13:34:05 INFO]: Val accuracy at epoch 27: 100.0
[10/09/2022 13:34:05 INFO]: Saving model to: model_.pth
[10/09/2022 13:34:36 INFO]: Training loss at epoch 28: 0.004553739473931273
[10/09/2022 13:34:36 INFO]: Training accuracy at epoch 28: 98.9
[10/09/2022 13:34:36 INFO]: Val accuracy at epoch 28: 100.0
[10/09/2022 13:34:36 INFO]: Saving model to: model_.pth
[10/09/2022 13:35:05 INFO]: Training loss at epoch 29: 6.401719751920609e-05
[10/09/2022 13:35:05 INFO]: Training accuracy at epoch 29: 100.0
[10/09/2022 13:35:05 INFO]: Val accuracy at epoch 29: 99.94999694824219
[10/09/2022 13:35:05 INFO]: Saving model to: model_.pth
[10/09/2022 13:35:32 INFO]: Training loss at epoch 30: 0.000100833704618708
[10/09/2022 13:35:32 INFO]: Training accuracy at epoch 30: 99.9875
[10/09/2022 13:35:32 INFO]: Val accuracy at epoch 30: 100.0
[10/09/2022 13:35:32 INFO]: Saving model to: model_.pth
[10/09/2022 13:36:01 INFO]: Training loss at epoch 31: 0.09616938005246993
[10/09/2022 13:36:01 INFO]: Training accuracy at epoch 31: 88.3625
[10/09/2022 13:36:01 INFO]: Val accuracy at epoch 31: 100.0
[10/09/2022 13:36:01 INFO]: Saving model to: model_.pth
[10/09/2022 13:36:31 INFO]: Training loss at epoch 32: 4.574098575176322e-05
[10/09/2022 13:36:31 INFO]: Training accuracy at epoch 32: 99.9875
[10/09/2022 13:36:31 INFO]: Val accuracy at epoch 32: 100.0
[10/09/2022 13:36:31 INFO]: Saving model to: model_.pth
[10/09/2022 13:37:01 INFO]: Training loss at epoch 33: 0.0005068074675364187
[10/09/2022 13:37:01 INFO]: Training accuracy at epoch 33: 99.75
[10/09/2022 13:37:01 INFO]: Val accuracy at epoch 33: 99.80000305175781
[10/09/2022 13:37:01 INFO]: Saving model to: model_.pth
[10/09/2022 13:37:34 INFO]: Training loss at epoch 34: 0.00011272772680968047
[10/09/2022 13:37:34 INFO]: Training accuracy at epoch 34: 99.95
[10/09/2022 13:37:34 INFO]: Val accuracy at epoch 34: 100.0
[10/09/2022 13:37:34 INFO]: Saving model to: model_.pth
[10/09/2022 13:38:05 INFO]: Training loss at epoch 35: 5.935615199632593e-05
[10/09/2022 13:38:05 INFO]: Training accuracy at epoch 35: 100.0
[10/09/2022 13:38:05 INFO]: Val accuracy at epoch 35: 100.0
[10/09/2022 13:38:05 INFO]: Saving model to: model_.pth
[10/09/2022 13:38:36 INFO]: Training loss at epoch 36: 0.009868793698069566
[10/09/2022 13:38:36 INFO]: Training accuracy at epoch 36: 98.7625
[10/09/2022 13:38:36 INFO]: Val accuracy at epoch 36: 100.0
[10/09/2022 13:38:36 INFO]: Saving model to: model_.pth
[10/09/2022 13:39:07 INFO]: Training loss at epoch 37: 5.971928148937877e-05
[10/09/2022 13:39:07 INFO]: Training accuracy at epoch 37: 99.9875
[10/09/2022 13:39:07 INFO]: Val accuracy at epoch 37: 100.0
[10/09/2022 13:39:07 INFO]: Saving model to: model_.pth
[10/09/2022 13:39:37 INFO]: Training loss at epoch 38: 0.00016112004968817927
[10/09/2022 13:39:37 INFO]: Training accuracy at epoch 38: 99.9125
[10/09/2022 13:39:37 INFO]: Val accuracy at epoch 38: 99.94999694824219
[10/09/2022 13:39:37 INFO]: Saving model to: model_.pth
[10/09/2022 13:40:07 INFO]: Training loss at epoch 39: 0.00010457955336278247
[10/09/2022 13:40:07 INFO]: Training accuracy at epoch 39: 99.975
[10/09/2022 13:40:07 INFO]: Val accuracy at epoch 39: 100.0
[10/09/2022 13:41:43 INFO]: Training accuracy: {30: 99.9749984741211}
[10/09/2022 13:41:43 INFO]: Val accuracy: {30: 100.0}
[10/09/2022 13:41:43 INFO]: Test accuracy (hard data): {30: 0.0}
[10/09/2022 13:41:43 INFO]: Saving model to: model_.pth
[10/09/2022 13:42:13 INFO]: Training loss at epoch 40: 0.007909450120041583
[10/09/2022 13:42:13 INFO]: Training accuracy at epoch 40: 97.9
[10/09/2022 13:42:13 INFO]: Val accuracy at epoch 40: 99.5
[10/09/2022 13:42:13 INFO]: Saving model to: model_.pth
[10/09/2022 13:42:40 INFO]: Training loss at epoch 41: 0.00023286974274014938
[10/09/2022 13:42:40 INFO]: Training accuracy at epoch 41: 99.925
[10/09/2022 13:42:40 INFO]: Val accuracy at epoch 41: 100.0
[10/09/2022 13:42:40 INFO]: Saving model to: model_.pth
[10/09/2022 13:43:11 INFO]: Training loss at epoch 42: 0.00025324688449472886
[10/09/2022 13:43:11 INFO]: Training accuracy at epoch 42: 99.925
[10/09/2022 13:43:11 INFO]: Val accuracy at epoch 42: 96.94999694824219
[10/09/2022 13:43:11 INFO]: Saving model to: model_.pth
[10/09/2022 13:43:42 INFO]: Training loss at epoch 43: 0.00029368438188157595
[10/09/2022 13:43:42 INFO]: Training accuracy at epoch 43: 99.8375
[10/09/2022 13:43:42 INFO]: Val accuracy at epoch 43: 100.0
[10/09/2022 13:43:42 INFO]: Saving model to: model_.pth
[10/09/2022 13:44:12 INFO]: Training loss at epoch 44: 0.001962578370103074
[10/09/2022 13:44:12 INFO]: Training accuracy at epoch 44: 99.425
[10/09/2022 13:44:12 INFO]: Val accuracy at epoch 44: 100.0
[10/09/2022 13:44:12 INFO]: Saving model to: model_.pth
[10/09/2022 13:44:42 INFO]: Training loss at epoch 45: 0.0001133746039045036
[10/09/2022 13:44:42 INFO]: Training accuracy at epoch 45: 99.9625
[10/09/2022 13:44:42 INFO]: Val accuracy at epoch 45: 100.0
[10/09/2022 13:44:42 INFO]: Saving model to: model_.pth
[10/09/2022 13:45:13 INFO]: Training loss at epoch 46: 0.006159243877254994
[10/09/2022 13:45:13 INFO]: Training accuracy at epoch 46: 98.175
[10/09/2022 13:45:13 INFO]: Val accuracy at epoch 46: 99.6500015258789
[10/09/2022 13:45:13 INFO]: Saving model to: model_.pth
[10/09/2022 13:45:46 INFO]: Training loss at epoch 47: 0.0005656867806692389
[10/09/2022 13:45:46 INFO]: Training accuracy at epoch 47: 99.6875
[10/09/2022 13:45:46 INFO]: Val accuracy at epoch 47: 99.94999694824219
[10/09/2022 13:45:46 INFO]: Saving model to: model_.pth
[10/09/2022 13:46:18 INFO]: Training loss at epoch 48: 0.0002829591275713028
[10/09/2022 13:46:18 INFO]: Training accuracy at epoch 48: 99.8125
[10/09/2022 13:46:18 INFO]: Val accuracy at epoch 48: 100.0
[10/09/2022 13:46:18 INFO]: Saving model to: model_.pth
[10/09/2022 13:46:47 INFO]: Training loss at epoch 49: 6.46783160391351e-05
[10/09/2022 13:46:47 INFO]: Training accuracy at epoch 49: 100.0
[10/09/2022 13:46:47 INFO]: Val accuracy at epoch 49: 100.0
[10/09/2022 13:46:47 INFO]: Saving model to: model_.pth
[10/09/2022 13:47:16 INFO]: Training loss at epoch 50: 8.05299657258729e-05
[10/09/2022 13:47:16 INFO]: Training accuracy at epoch 50: 100.0
[10/09/2022 13:47:16 INFO]: Val accuracy at epoch 50: 100.0
[10/09/2022 13:47:16 INFO]: Saving model to: model_.pth
[10/09/2022 13:47:47 INFO]: Training loss at epoch 51: 0.005806201386167231
[10/09/2022 13:47:47 INFO]: Training accuracy at epoch 51: 98.6
[10/09/2022 13:47:47 INFO]: Val accuracy at epoch 51: 100.0
[10/09/2022 13:47:47 INFO]: Saving model to: model_.pth
[10/09/2022 13:48:17 INFO]: Training loss at epoch 52: 5.2123446630503166e-05
[10/09/2022 13:48:17 INFO]: Training accuracy at epoch 52: 100.0
[10/09/2022 13:48:17 INFO]: Val accuracy at epoch 52: 100.0
[10/09/2022 13:48:17 INFO]: Saving model to: model_.pth
[10/09/2022 13:48:48 INFO]: Training loss at epoch 53: 6.075827805034351e-05
[10/09/2022 13:48:48 INFO]: Training accuracy at epoch 53: 100.0
[10/09/2022 13:48:48 INFO]: Val accuracy at epoch 53: 100.0
[10/09/2022 13:48:48 INFO]: Saving model to: model_.pth
[10/09/2022 13:49:18 INFO]: Training loss at epoch 54: 0.0001159452041520126
[10/09/2022 13:49:18 INFO]: Training accuracy at epoch 54: 100.0
[10/09/2022 13:49:18 INFO]: Val accuracy at epoch 54: 100.0
[10/09/2022 13:49:18 INFO]: Saving model to: model_.pth
[10/09/2022 13:49:48 INFO]: Training loss at epoch 55: 0.009701327473067067
[10/09/2022 13:49:48 INFO]: Training accuracy at epoch 55: 97.45
[10/09/2022 13:49:48 INFO]: Val accuracy at epoch 55: 100.0
[10/09/2022 13:49:48 INFO]: Saving model to: model_.pth
[10/09/2022 13:50:18 INFO]: Training loss at epoch 56: 4.78708121136151e-05
[10/09/2022 13:50:18 INFO]: Training accuracy at epoch 56: 100.0
[10/09/2022 13:50:18 INFO]: Val accuracy at epoch 56: 100.0
[10/09/2022 13:50:18 INFO]: Saving model to: model_.pth
[10/09/2022 13:50:48 INFO]: Training loss at epoch 57: 9.526569706395094e-05
[10/09/2022 13:50:48 INFO]: Training accuracy at epoch 57: 99.975
[10/09/2022 13:50:48 INFO]: Val accuracy at epoch 57: 100.0
[10/09/2022 13:50:48 INFO]: Saving model to: model_.pth
[10/09/2022 13:51:19 INFO]: Training loss at epoch 58: 0.0030120322406219204
[10/09/2022 13:51:19 INFO]: Training accuracy at epoch 58: 98.85
[10/09/2022 13:51:19 INFO]: Val accuracy at epoch 58: 99.8499984741211
[10/09/2022 13:51:19 INFO]: Saving model to: model_.pth
[10/09/2022 13:51:49 INFO]: Training loss at epoch 59: 0.002726584493916562
[10/09/2022 13:51:49 INFO]: Training accuracy at epoch 59: 99.05
[10/09/2022 13:51:49 INFO]: Val accuracy at epoch 59: 99.69999694824219
[10/09/2022 13:53:24 INFO]: Training accuracy: {30: 99.7874984741211}
[10/09/2022 13:53:24 INFO]: Val accuracy: {30: 99.69999694824219}
[10/09/2022 13:53:24 INFO]: Test accuracy (hard data): {30: 0.0}
[10/09/2022 13:53:24 INFO]: Saving model to: model_.pth
[10/09/2022 13:53:55 INFO]: Training loss at epoch 60: 5.0846786893998794e-05
[10/09/2022 13:53:55 INFO]: Training accuracy at epoch 60: 99.9875
[10/09/2022 13:53:55 INFO]: Val accuracy at epoch 60: 100.0
[10/09/2022 13:53:55 INFO]: Saving model to: model_.pth
[10/09/2022 13:54:22 INFO]: Training loss at epoch 61: 3.366745595485554e-05
[10/09/2022 13:54:22 INFO]: Training accuracy at epoch 61: 100.0
[10/09/2022 13:54:22 INFO]: Val accuracy at epoch 61: 100.0
[10/09/2022 13:54:22 INFO]: Saving model to: model_.pth
[10/09/2022 13:54:52 INFO]: Training loss at epoch 62: 3.492363782697794e-05
[10/09/2022 13:54:52 INFO]: Training accuracy at epoch 62: 100.0
[10/09/2022 13:54:52 INFO]: Val accuracy at epoch 62: 100.0
[10/09/2022 13:54:52 INFO]: Saving model to: model_.pth
[10/09/2022 13:55:23 INFO]: Training loss at epoch 63: 3.487156363917166e-05
[10/09/2022 13:55:23 INFO]: Training accuracy at epoch 63: 100.0
[10/09/2022 13:55:23 INFO]: Val accuracy at epoch 63: 100.0
[10/09/2022 13:55:23 INFO]: Saving model to: model_.pth
[10/09/2022 13:55:53 INFO]: Training loss at epoch 64: 3.447830611094105e-05
[10/09/2022 13:55:53 INFO]: Training accuracy at epoch 64: 100.0
[10/09/2022 13:55:53 INFO]: Val accuracy at epoch 64: 100.0
[10/09/2022 13:55:53 INFO]: Saving model to: model_.pth
[10/09/2022 13:56:23 INFO]: Training loss at epoch 65: 3.471975110187486e-05
[10/09/2022 13:56:23 INFO]: Training accuracy at epoch 65: 100.0
[10/09/2022 13:56:23 INFO]: Val accuracy at epoch 65: 100.0
[10/09/2022 13:56:23 INFO]: Saving model to: model_.pth
[10/09/2022 13:56:53 INFO]: Training loss at epoch 66: 3.551720437826589e-05
[10/09/2022 13:56:53 INFO]: Training accuracy at epoch 66: 100.0
[10/09/2022 13:56:53 INFO]: Val accuracy at epoch 66: 100.0
[10/09/2022 13:56:53 INFO]: Saving model to: model_.pth
[10/09/2022 13:57:24 INFO]: Training loss at epoch 67: 3.612427572079469e-05
[10/09/2022 13:57:24 INFO]: Training accuracy at epoch 67: 100.0
[10/09/2022 13:57:24 INFO]: Val accuracy at epoch 67: 100.0
[10/09/2022 13:57:24 INFO]: Saving model to: model_.pth
[10/09/2022 13:57:55 INFO]: Training loss at epoch 68: 3.660254692476883e-05
[10/09/2022 13:57:55 INFO]: Training accuracy at epoch 68: 100.0
[10/09/2022 13:57:55 INFO]: Val accuracy at epoch 68: 100.0
[10/09/2022 13:57:55 INFO]: Saving model to: model_.pth
[10/09/2022 13:58:25 INFO]: Training loss at epoch 69: 3.7237554488456225e-05
[10/09/2022 13:58:25 INFO]: Training accuracy at epoch 69: 100.0
[10/09/2022 13:58:25 INFO]: Val accuracy at epoch 69: 100.0
[10/09/2022 13:58:25 INFO]: Saving model to: model_.pth
[10/09/2022 13:58:55 INFO]: Training loss at epoch 70: 3.7878411922065426e-05
[10/09/2022 13:58:55 INFO]: Training accuracy at epoch 70: 100.0
[10/09/2022 13:58:55 INFO]: Val accuracy at epoch 70: 100.0
[10/09/2022 13:58:55 INFO]: Saving model to: model_.pth
[10/09/2022 13:59:27 INFO]: Training loss at epoch 71: 3.841957209260727e-05
[10/09/2022 13:59:27 INFO]: Training accuracy at epoch 71: 100.0
[10/09/2022 13:59:27 INFO]: Val accuracy at epoch 71: 100.0
[10/09/2022 13:59:27 INFO]: Saving model to: model_.pth
[10/09/2022 13:59:57 INFO]: Training loss at epoch 72: 3.9330650679403334e-05
[10/09/2022 13:59:57 INFO]: Training accuracy at epoch 72: 100.0
[10/09/2022 13:59:57 INFO]: Val accuracy at epoch 72: 100.0
[10/09/2022 13:59:57 INFO]: Saving model to: model_.pth
[10/09/2022 14:00:27 INFO]: Training loss at epoch 73: 3.970587131334469e-05
[10/09/2022 14:00:27 INFO]: Training accuracy at epoch 73: 100.0
[10/09/2022 14:00:27 INFO]: Val accuracy at epoch 73: 100.0
[10/09/2022 14:00:27 INFO]: Saving model to: model_.pth
[10/09/2022 14:00:58 INFO]: Training loss at epoch 74: 4.07859444294445e-05
[10/09/2022 14:00:58 INFO]: Training accuracy at epoch 74: 100.0
[10/09/2022 14:00:58 INFO]: Val accuracy at epoch 74: 100.0
[10/09/2022 14:00:58 INFO]: Saving model to: model_.pth
[10/09/2022 14:01:28 INFO]: Training loss at epoch 75: 4.1909883520929725e-05
[10/09/2022 14:01:28 INFO]: Training accuracy at epoch 75: 100.0
[10/09/2022 14:01:28 INFO]: Val accuracy at epoch 75: 100.0
[10/09/2022 14:01:28 INFO]: Saving model to: model_.pth
[10/09/2022 14:02:03 INFO]: Training loss at epoch 76: 4.2978400642823544e-05
[10/09/2022 14:02:03 INFO]: Training accuracy at epoch 76: 100.0
[10/09/2022 14:02:03 INFO]: Val accuracy at epoch 76: 100.0
[10/09/2022 14:02:03 INFO]: Saving model to: model_.pth
[10/09/2022 14:02:34 INFO]: Training loss at epoch 77: 4.400686516419228e-05
[10/09/2022 14:02:34 INFO]: Training accuracy at epoch 77: 100.0
[10/09/2022 14:02:34 INFO]: Val accuracy at epoch 77: 100.0
[10/09/2022 14:02:34 INFO]: Saving model to: model_.pth
[10/09/2022 14:03:05 INFO]: Training loss at epoch 78: 4.5615666203957515e-05
[10/09/2022 14:03:05 INFO]: Training accuracy at epoch 78: 100.0
[10/09/2022 14:03:05 INFO]: Val accuracy at epoch 78: 100.0
[10/09/2022 14:03:05 INFO]: Saving model to: model_.pth
[10/09/2022 14:03:36 INFO]: Training loss at epoch 79: 4.824283355446824e-05
[10/09/2022 14:03:36 INFO]: Training accuracy at epoch 79: 100.0
[10/09/2022 14:03:36 INFO]: Val accuracy at epoch 79: 100.0
[10/09/2022 14:05:12 INFO]: Training accuracy: {30: 100.0}
[10/09/2022 14:05:12 INFO]: Val accuracy: {30: 100.0}
[10/09/2022 14:05:12 INFO]: Test accuracy (hard data): {30: 0.0}
[10/09/2022 14:05:12 INFO]: Saving model to: model_.pth
[10/09/2022 14:05:43 INFO]: Training loss at epoch 80: 5.3621698816641584e-05
[10/09/2022 14:05:43 INFO]: Training accuracy at epoch 80: 100.0
[10/09/2022 14:05:43 INFO]: Val accuracy at epoch 80: 100.0
[10/09/2022 14:05:43 INFO]: Saving model to: model_.pth
[10/09/2022 14:06:11 INFO]: Training loss at epoch 81: 5.583643105637748e-05
[10/09/2022 14:06:11 INFO]: Training accuracy at epoch 81: 100.0
[10/09/2022 14:06:11 INFO]: Val accuracy at epoch 81: 100.0
[10/09/2022 14:06:11 INFO]: Saving model to: model_.pth
[10/09/2022 14:06:39 INFO]: Training loss at epoch 82: 6.461887542172918e-05
[10/09/2022 14:06:39 INFO]: Training accuracy at epoch 82: 100.0
[10/09/2022 14:06:39 INFO]: Val accuracy at epoch 82: 100.0
[10/09/2022 14:06:39 INFO]: Saving model to: model_.pth
[10/09/2022 14:07:11 INFO]: Training loss at epoch 83: 8.192175787371525e-05
[10/09/2022 14:07:11 INFO]: Training accuracy at epoch 83: 100.0
[10/09/2022 14:07:11 INFO]: Val accuracy at epoch 83: 100.0
[10/09/2022 14:07:11 INFO]: Saving model to: model_.pth
[10/09/2022 14:07:42 INFO]: Training loss at epoch 84: 7.924608789835474e-05
[10/09/2022 14:07:42 INFO]: Training accuracy at epoch 84: 100.0
[10/09/2022 14:07:42 INFO]: Val accuracy at epoch 84: 100.0
[10/09/2022 14:07:42 INFO]: Saving model to: model_.pth
[10/09/2022 14:08:11 INFO]: Training loss at epoch 85: 8.094254608295159e-05
[10/09/2022 14:08:11 INFO]: Training accuracy at epoch 85: 100.0
[10/09/2022 14:08:11 INFO]: Val accuracy at epoch 85: 100.0
[10/09/2022 14:08:11 INFO]: Saving model to: model_.pth
[10/09/2022 14:08:43 INFO]: Training loss at epoch 86: 0.0010003211896219
[10/09/2022 14:08:43 INFO]: Training accuracy at epoch 86: 99.3
[10/09/2022 14:08:43 INFO]: Val accuracy at epoch 86: 100.0
[10/09/2022 14:08:43 INFO]: Saving model to: model_.pth
[10/09/2022 14:09:14 INFO]: Training loss at epoch 87: 6.318374121292437e-05
[10/09/2022 14:09:14 INFO]: Training accuracy at epoch 87: 100.0
[10/09/2022 14:09:14 INFO]: Val accuracy at epoch 87: 100.0
[10/09/2022 14:09:14 INFO]: Saving model to: model_.pth
[10/09/2022 14:09:44 INFO]: Training loss at epoch 88: 4.9693244773152403e-05
[10/09/2022 14:09:44 INFO]: Training accuracy at epoch 88: 100.0
[10/09/2022 14:09:44 INFO]: Val accuracy at epoch 88: 100.0
[10/09/2022 14:09:44 INFO]: Saving model to: model_.pth
[10/09/2022 14:10:17 INFO]: Training loss at epoch 89: 6.299806568677013e-05
[10/09/2022 14:10:17 INFO]: Training accuracy at epoch 89: 100.0
[10/09/2022 14:10:17 INFO]: Val accuracy at epoch 89: 100.0
[10/09/2022 14:10:17 INFO]: Saving model to: model_.pth
[10/09/2022 14:10:45 INFO]: Training loss at epoch 90: 7.681329907427425e-05
[10/09/2022 14:10:45 INFO]: Training accuracy at epoch 90: 100.0
[10/09/2022 14:10:45 INFO]: Val accuracy at epoch 90: 100.0
[10/09/2022 14:10:45 INFO]: Saving model to: model_.pth
[10/09/2022 14:11:16 INFO]: Training loss at epoch 91: 8.656508962303632e-05
[10/09/2022 14:11:16 INFO]: Training accuracy at epoch 91: 100.0
[10/09/2022 14:11:16 INFO]: Val accuracy at epoch 91: 100.0
[10/09/2022 14:11:16 INFO]: Saving model to: model_.pth
[10/09/2022 14:11:46 INFO]: Training loss at epoch 92: 8.812239502731245e-05
[10/09/2022 14:11:46 INFO]: Training accuracy at epoch 92: 100.0
[10/09/2022 14:11:46 INFO]: Val accuracy at epoch 92: 100.0
[10/09/2022 14:11:46 INFO]: Saving model to: model_.pth
[10/09/2022 14:12:18 INFO]: Training loss at epoch 93: 9.250350121874363e-05
[10/09/2022 14:12:18 INFO]: Training accuracy at epoch 93: 100.0
[10/09/2022 14:12:18 INFO]: Val accuracy at epoch 93: 100.0
[10/09/2022 14:12:18 INFO]: Saving model to: model_.pth
[10/09/2022 14:12:49 INFO]: Training loss at epoch 94: 9.13718849005818e-05
[10/09/2022 14:12:49 INFO]: Training accuracy at epoch 94: 100.0
[10/09/2022 14:12:49 INFO]: Val accuracy at epoch 94: 100.0
[10/09/2022 14:12:49 INFO]: Saving model to: model_.pth
[10/09/2022 14:13:19 INFO]: Training loss at epoch 95: 9.555118949720054e-05
[10/09/2022 14:13:19 INFO]: Training accuracy at epoch 95: 100.0
[10/09/2022 14:13:19 INFO]: Val accuracy at epoch 95: 100.0
[10/09/2022 14:13:19 INFO]: Saving model to: model_.pth
[10/09/2022 14:13:50 INFO]: Training loss at epoch 96: 9.328729402113822e-05
[10/09/2022 14:13:50 INFO]: Training accuracy at epoch 96: 100.0
[10/09/2022 14:13:50 INFO]: Val accuracy at epoch 96: 100.0
[10/09/2022 14:13:50 INFO]: Saving model to: model_.pth
[10/09/2022 14:14:21 INFO]: Training loss at epoch 97: 0.00010106418603754719
[10/09/2022 14:14:21 INFO]: Training accuracy at epoch 97: 100.0
[10/09/2022 14:14:21 INFO]: Val accuracy at epoch 97: 100.0
[10/09/2022 14:14:21 INFO]: Saving model to: model_.pth
[10/09/2022 14:14:53 INFO]: Training loss at epoch 98: 0.001985830340163375
[10/09/2022 14:14:53 INFO]: Training accuracy at epoch 98: 99.1875
[10/09/2022 14:14:53 INFO]: Val accuracy at epoch 98: 100.0
[10/09/2022 14:14:53 INFO]: Saving model to: model_.pth
[10/09/2022 14:15:21 INFO]: Training loss at epoch 99: 9.148206745521748e-05
[10/09/2022 14:15:21 INFO]: Training accuracy at epoch 99: 99.9875
[10/09/2022 14:15:21 INFO]: Val accuracy at epoch 99: 100.0
[10/09/2022 14:16:57 INFO]: Training accuracy: {30: 100.0}
[10/09/2022 14:16:57 INFO]: Val accuracy: {30: 100.0}
[10/09/2022 14:16:57 INFO]: Test accuracy (hard data): {30: 0.0}
[10/09/2022 14:16:57 INFO]: Saving model to: model_.pth
[10/09/2022 14:17:29 INFO]: Training loss at epoch 100: 6.308084157353732e-05
[10/09/2022 14:17:29 INFO]: Training accuracy at epoch 100: 100.0
[10/09/2022 14:17:29 INFO]: Val accuracy at epoch 100: 100.0
[10/09/2022 14:17:29 INFO]: Saving model to: model_.pth
[10/09/2022 14:17:56 INFO]: Training loss at epoch 101: 6.420902518584626e-05
[10/09/2022 14:17:56 INFO]: Training accuracy at epoch 101: 100.0
[10/09/2022 14:17:56 INFO]: Val accuracy at epoch 101: 100.0
[10/09/2022 14:17:56 INFO]: Saving model to: model_.pth
[10/09/2022 14:18:26 INFO]: Training loss at epoch 102: 6.527798636852822e-05
[10/09/2022 14:18:26 INFO]: Training accuracy at epoch 102: 100.0
[10/09/2022 14:18:26 INFO]: Val accuracy at epoch 102: 100.0
[10/09/2022 14:18:26 INFO]: Saving model to: model_.pth
[10/09/2022 14:18:56 INFO]: Training loss at epoch 103: 6.62588523937302e-05
[10/09/2022 14:18:56 INFO]: Training accuracy at epoch 103: 100.0
[10/09/2022 14:18:56 INFO]: Val accuracy at epoch 103: 100.0
[10/09/2022 14:18:56 INFO]: Saving model to: model_.pth
[10/09/2022 14:19:26 INFO]: Training loss at epoch 104: 6.752010949639953e-05
[10/09/2022 14:19:26 INFO]: Training accuracy at epoch 104: 100.0
[10/09/2022 14:19:26 INFO]: Val accuracy at epoch 104: 100.0
[10/09/2022 14:19:26 INFO]: Saving model to: model_.pth
[10/09/2022 14:19:56 INFO]: Training loss at epoch 105: 6.945035866010585e-05
[10/09/2022 14:19:56 INFO]: Training accuracy at epoch 105: 100.0
[10/09/2022 14:19:56 INFO]: Val accuracy at epoch 105: 100.0
[10/09/2022 14:19:56 INFO]: Saving model to: model_.pth
[10/09/2022 14:20:26 INFO]: Training loss at epoch 106: 7.156081392167835e-05
[10/09/2022 14:20:26 INFO]: Training accuracy at epoch 106: 100.0
[10/09/2022 14:20:26 INFO]: Val accuracy at epoch 106: 100.0
[10/09/2022 14:20:26 INFO]: Saving model to: model_.pth
[10/09/2022 14:20:57 INFO]: Training loss at epoch 107: 7.42604076549469e-05
[10/09/2022 14:20:57 INFO]: Training accuracy at epoch 107: 100.0
[10/09/2022 14:20:57 INFO]: Val accuracy at epoch 107: 100.0
[10/09/2022 14:20:57 INFO]: Saving model to: model_.pth
[10/09/2022 14:21:27 INFO]: Training loss at epoch 108: 7.677773819523282e-05
[10/09/2022 14:21:27 INFO]: Training accuracy at epoch 108: 100.0
[10/09/2022 14:21:27 INFO]: Val accuracy at epoch 108: 100.0
[10/09/2022 14:21:27 INFO]: Saving model to: model_.pth
[10/09/2022 14:21:58 INFO]: Training loss at epoch 109: 7.935808198453743e-05
[10/09/2022 14:21:58 INFO]: Training accuracy at epoch 109: 100.0
[10/09/2022 14:21:58 INFO]: Val accuracy at epoch 109: 100.0
[10/09/2022 14:21:58 INFO]: Saving model to: model_.pth
[10/09/2022 14:22:29 INFO]: Training loss at epoch 110: 8.190768967324402e-05
[10/09/2022 14:22:29 INFO]: Training accuracy at epoch 110: 100.0
[10/09/2022 14:22:29 INFO]: Val accuracy at epoch 110: 100.0
[10/09/2022 14:22:29 INFO]: Saving model to: model_.pth
[10/09/2022 14:22:59 INFO]: Training loss at epoch 111: 8.404645304835868e-05
[10/09/2022 14:22:59 INFO]: Training accuracy at epoch 111: 100.0
[10/09/2022 14:22:59 INFO]: Val accuracy at epoch 111: 100.0
[10/09/2022 14:22:59 INFO]: Saving model to: model_.pth
[10/09/2022 14:23:29 INFO]: Training loss at epoch 112: 8.561279100831598e-05
[10/09/2022 14:23:29 INFO]: Training accuracy at epoch 112: 100.0
[10/09/2022 14:23:29 INFO]: Val accuracy at epoch 112: 100.0
[10/09/2022 14:23:29 INFO]: Saving model to: model_.pth
[10/09/2022 14:23:59 INFO]: Training loss at epoch 113: 8.698646088305395e-05
[10/09/2022 14:23:59 INFO]: Training accuracy at epoch 113: 100.0
[10/09/2022 14:23:59 INFO]: Val accuracy at epoch 113: 100.0
[10/09/2022 14:23:59 INFO]: Saving model to: model_.pth
[10/09/2022 14:24:30 INFO]: Training loss at epoch 114: 8.791162317720592e-05
[10/09/2022 14:24:30 INFO]: Training accuracy at epoch 114: 100.0
[10/09/2022 14:24:30 INFO]: Val accuracy at epoch 114: 100.0
[10/09/2022 14:24:30 INFO]: Saving model to: model_.pth
[10/09/2022 14:24:59 INFO]: Training loss at epoch 115: 8.883892132871551e-05
[10/09/2022 14:24:59 INFO]: Training accuracy at epoch 115: 100.0
[10/09/2022 14:24:59 INFO]: Val accuracy at epoch 115: 100.0
[10/09/2022 14:24:59 INFO]: Saving model to: model_.pth
[10/09/2022 14:25:30 INFO]: Training loss at epoch 116: 8.978624400697299e-05
[10/09/2022 14:25:30 INFO]: Training accuracy at epoch 116: 100.0
[10/09/2022 14:25:30 INFO]: Val accuracy at epoch 116: 100.0
[10/09/2022 14:25:30 INFO]: Saving model to: model_.pth
[10/09/2022 14:25:56 INFO]: Training loss at epoch 117: 9.052370996869286e-05
[10/09/2022 14:25:56 INFO]: Training accuracy at epoch 117: 100.0
[10/09/2022 14:25:56 INFO]: Val accuracy at epoch 117: 100.0
[10/09/2022 14:25:56 INFO]: Saving model to: model_.pth
[10/09/2022 14:26:26 INFO]: Training loss at epoch 118: 9.118985462919227e-05
[10/09/2022 14:26:26 INFO]: Training accuracy at epoch 118: 100.0
[10/09/2022 14:26:26 INFO]: Val accuracy at epoch 118: 100.0
[10/09/2022 14:26:26 INFO]: Saving model to: model_.pth
[10/09/2022 14:26:58 INFO]: Training loss at epoch 119: 9.193472760671284e-05
[10/09/2022 14:26:58 INFO]: Training accuracy at epoch 119: 100.0
[10/09/2022 14:26:58 INFO]: Val accuracy at epoch 119: 100.0
[10/09/2022 14:28:34 INFO]: Training accuracy: {30: 100.0}
[10/09/2022 14:28:34 INFO]: Val accuracy: {30: 100.0}
[10/09/2022 14:28:34 INFO]: Test accuracy (hard data): {30: 0.0}
[10/09/2022 14:28:34 INFO]: Saving model to: model_.pth
[10/09/2022 14:29:04 INFO]: Training loss at epoch 120: 9.226652355209808e-05
[10/09/2022 14:29:04 INFO]: Training accuracy at epoch 120: 100.0
[10/09/2022 14:29:04 INFO]: Val accuracy at epoch 120: 100.0
[10/09/2022 14:29:04 INFO]: Saving model to: model_.pth
[10/09/2022 14:29:33 INFO]: Training loss at epoch 121: 9.322838741354644e-05
[10/09/2022 14:29:33 INFO]: Training accuracy at epoch 121: 100.0
[10/09/2022 14:29:33 INFO]: Val accuracy at epoch 121: 100.0
[10/09/2022 14:29:33 INFO]: Saving model to: model_.pth
[10/09/2022 14:30:02 INFO]: Training loss at epoch 122: 9.324231004939065e-05
[10/09/2022 14:30:02 INFO]: Training accuracy at epoch 122: 100.0
[10/09/2022 14:30:02 INFO]: Val accuracy at epoch 122: 100.0
[10/09/2022 14:30:02 INFO]: Saving model to: model_.pth
[10/09/2022 14:30:33 INFO]: Training loss at epoch 123: 9.353964824185824e-05
[10/09/2022 14:30:33 INFO]: Training accuracy at epoch 123: 100.0
[10/09/2022 14:30:33 INFO]: Val accuracy at epoch 123: 100.0
[10/09/2022 14:30:33 INFO]: Saving model to: model_.pth
[10/09/2022 14:31:04 INFO]: Training loss at epoch 124: 9.38141380174784e-05
[10/09/2022 14:31:04 INFO]: Training accuracy at epoch 124: 100.0
[10/09/2022 14:31:04 INFO]: Val accuracy at epoch 124: 100.0
[10/09/2022 14:31:04 INFO]: Saving model to: model_.pth
[10/09/2022 14:31:35 INFO]: Training loss at epoch 125: 9.477150169914239e-05
[10/09/2022 14:31:35 INFO]: Training accuracy at epoch 125: 100.0
[10/09/2022 14:31:35 INFO]: Val accuracy at epoch 125: 100.0
[10/09/2022 14:31:35 INFO]: Saving model to: model_.pth
[10/09/2022 14:32:07 INFO]: Training loss at epoch 126: 9.509496403552476e-05
[10/09/2022 14:32:07 INFO]: Training accuracy at epoch 126: 100.0
[10/09/2022 14:32:07 INFO]: Val accuracy at epoch 126: 100.0
[10/09/2022 14:32:07 INFO]: Saving model to: model_.pth
[10/09/2022 14:32:37 INFO]: Training loss at epoch 127: 9.53260366259201e-05
[10/09/2022 14:32:37 INFO]: Training accuracy at epoch 127: 100.0
[10/09/2022 14:32:37 INFO]: Val accuracy at epoch 127: 100.0
[10/09/2022 14:32:37 INFO]: Saving model to: model_.pth
[10/09/2022 14:33:07 INFO]: Training loss at epoch 128: 9.605683499103179e-05
[10/09/2022 14:33:07 INFO]: Training accuracy at epoch 128: 100.0
[10/09/2022 14:33:07 INFO]: Val accuracy at epoch 128: 100.0
[10/09/2022 14:33:07 INFO]: Saving model to: model_.pth
[10/09/2022 14:33:42 INFO]: Training loss at epoch 129: 9.592055339453509e-05
[10/09/2022 14:33:42 INFO]: Training accuracy at epoch 129: 100.0
[10/09/2022 14:33:42 INFO]: Val accuracy at epoch 129: 100.0
[10/09/2022 14:33:42 INFO]: Saving model to: model_.pth
[10/09/2022 14:34:08 INFO]: Training loss at epoch 130: 9.626535247662105e-05
[10/09/2022 14:34:08 INFO]: Training accuracy at epoch 130: 100.0
[10/09/2022 14:34:08 INFO]: Val accuracy at epoch 130: 100.0
[10/09/2022 14:34:08 INFO]: Saving model to: model_.pth
[10/09/2022 14:34:40 INFO]: Training loss at epoch 131: 9.6025219954754e-05
[10/09/2022 14:34:40 INFO]: Training accuracy at epoch 131: 100.0
[10/09/2022 14:34:40 INFO]: Val accuracy at epoch 131: 100.0
[10/09/2022 14:34:40 INFO]: Saving model to: model_.pth
[10/09/2022 14:35:09 INFO]: Training loss at epoch 132: 9.670010149420705e-05
[10/09/2022 14:35:09 INFO]: Training accuracy at epoch 132: 100.0
[10/09/2022 14:35:09 INFO]: Val accuracy at epoch 132: 100.0
[10/09/2022 14:35:09 INFO]: Saving model to: model_.pth
[10/09/2022 14:35:41 INFO]: Training loss at epoch 133: 9.652231738073169e-05
[10/09/2022 14:35:41 INFO]: Training accuracy at epoch 133: 100.0
[10/09/2022 14:35:41 INFO]: Val accuracy at epoch 133: 100.0
[10/09/2022 14:35:41 INFO]: Saving model to: model_.pth
[10/09/2022 14:36:11 INFO]: Training loss at epoch 134: 9.708117049740394e-05
[10/09/2022 14:36:11 INFO]: Training accuracy at epoch 134: 100.0
[10/09/2022 14:36:11 INFO]: Val accuracy at epoch 134: 100.0
[10/09/2022 14:36:11 INFO]: Saving model to: model_.pth
[10/09/2022 14:36:42 INFO]: Training loss at epoch 135: 9.720297330204631e-05
[10/09/2022 14:36:42 INFO]: Training accuracy at epoch 135: 100.0
[10/09/2022 14:36:42 INFO]: Val accuracy at epoch 135: 100.0
[10/09/2022 14:36:42 INFO]: Saving model to: model_.pth
[10/09/2022 14:37:12 INFO]: Training loss at epoch 136: 9.770165788722807e-05
[10/09/2022 14:37:12 INFO]: Training accuracy at epoch 136: 100.0
[10/09/2022 14:37:12 INFO]: Val accuracy at epoch 136: 100.0
[10/09/2022 14:37:12 INFO]: Saving model to: model_.pth
[10/09/2022 14:37:42 INFO]: Training loss at epoch 137: 9.690235419839155e-05
[10/09/2022 14:37:42 INFO]: Training accuracy at epoch 137: 100.0
[10/09/2022 14:37:42 INFO]: Val accuracy at epoch 137: 100.0
[10/09/2022 14:37:42 INFO]: Saving model to: model_.pth
[10/09/2022 14:38:13 INFO]: Training loss at epoch 138: 0.00010005050235122326
[10/09/2022 14:38:13 INFO]: Training accuracy at epoch 138: 100.0
[10/09/2022 14:38:13 INFO]: Val accuracy at epoch 138: 100.0
[10/09/2022 14:38:13 INFO]: Saving model to: model_.pth
[10/09/2022 14:38:44 INFO]: Training loss at epoch 139: 9.875727373582776e-05
[10/09/2022 14:38:44 INFO]: Training accuracy at epoch 139: 100.0
[10/09/2022 14:38:44 INFO]: Val accuracy at epoch 139: 100.0
[10/09/2022 14:40:21 INFO]: Training accuracy: {30: 100.0}
[10/09/2022 14:40:21 INFO]: Val accuracy: {30: 100.0}
[10/09/2022 14:40:21 INFO]: Test accuracy (hard data): {30: 0.0}
[10/09/2022 14:40:21 INFO]: Saving model to: model_.pth
[10/09/2022 14:40:50 INFO]: Training loss at epoch 140: 9.744697999849449e-05
[10/09/2022 14:40:50 INFO]: Training accuracy at epoch 140: 100.0
[10/09/2022 14:40:50 INFO]: Val accuracy at epoch 140: 100.0
[10/09/2022 14:40:50 INFO]: Saving model to: model_.pth
[10/09/2022 14:41:18 INFO]: Training loss at epoch 141: 9.873716353467899e-05
[10/09/2022 14:41:18 INFO]: Training accuracy at epoch 141: 100.0
[10/09/2022 14:41:18 INFO]: Val accuracy at epoch 141: 100.0
[10/09/2022 14:41:18 INFO]: Saving model to: model_.pth
[10/09/2022 14:41:48 INFO]: Training loss at epoch 142: 9.734702598507283e-05
[10/09/2022 14:41:48 INFO]: Training accuracy at epoch 142: 100.0
[10/09/2022 14:41:48 INFO]: Val accuracy at epoch 142: 100.0
[10/09/2022 14:41:48 INFO]: Saving model to: model_.pth
[10/09/2022 14:42:20 INFO]: Training loss at epoch 143: 9.953992148439283e-05
[10/09/2022 14:42:20 INFO]: Training accuracy at epoch 143: 100.0
[10/09/2022 14:42:20 INFO]: Val accuracy at epoch 143: 100.0
[10/09/2022 14:42:20 INFO]: Saving model to: model_.pth
[10/09/2022 14:42:49 INFO]: Training loss at epoch 144: 0.000100032465888944
[10/09/2022 14:42:49 INFO]: Training accuracy at epoch 144: 100.0
[10/09/2022 14:42:49 INFO]: Val accuracy at epoch 144: 100.0
[10/09/2022 14:42:49 INFO]: Saving model to: model_.pth
[10/09/2022 14:43:19 INFO]: Training loss at epoch 145: 0.00012891398473584558
[10/09/2022 14:43:19 INFO]: Training accuracy at epoch 145: 100.0
[10/09/2022 14:43:19 INFO]: Val accuracy at epoch 145: 100.0
[10/09/2022 14:43:19 INFO]: Saving model to: model_.pth
[10/09/2022 14:43:49 INFO]: Training loss at epoch 146: 8.745458244447945e-05
[10/09/2022 14:43:49 INFO]: Training accuracy at epoch 146: 100.0
[10/09/2022 14:43:49 INFO]: Val accuracy at epoch 146: 100.0
[10/09/2022 14:43:49 INFO]: Saving model to: model_.pth
[10/09/2022 14:44:19 INFO]: Training loss at epoch 147: 9.507198419669293e-05
[10/09/2022 14:44:19 INFO]: Training accuracy at epoch 147: 100.0
[10/09/2022 14:44:19 INFO]: Val accuracy at epoch 147: 100.0
[10/09/2022 14:44:19 INFO]: Saving model to: model_.pth
[10/09/2022 14:44:49 INFO]: Training loss at epoch 148: 9.75197302068409e-05
[10/09/2022 14:44:49 INFO]: Training accuracy at epoch 148: 100.0
[10/09/2022 14:44:49 INFO]: Val accuracy at epoch 148: 100.0
[10/09/2022 14:44:49 INFO]: Saving model to: model_.pth
[10/09/2022 14:45:19 INFO]: Training loss at epoch 149: 9.836664175963961e-05
[10/09/2022 14:45:19 INFO]: Training accuracy at epoch 149: 100.0
[10/09/2022 14:45:19 INFO]: Val accuracy at epoch 149: 100.0
[10/09/2022 14:46:55 INFO]: Training accuracy: {30: 100.0}
[10/09/2022 14:46:55 INFO]: Val accuracy: {30: 100.0}
[10/09/2022 14:46:55 INFO]: Test accuracy (hard data): {30: 0.0}
[10/09/2022 14:46:55 INFO]: Saving model to: model_.pth
[10/09/2022 14:47:14 INFO]: OrderedDict([('max_iters', 30), ('run_id', 'noteless-Crystin'), ('test_acc', {30: 0.0}), ('test_data', 512), ('test_iters', [30]), ('test_mode', 'default'), ('train_data', 32), ('train_acc', {30: 100.0}), ('val_acc', {30: 100.0})])
