[10/10/2022 11:51:30 INFO]: 
_________________________________________________

[10/10/2022 11:51:30 INFO]: train_model.py main() running.
[10/10/2022 11:51:30 INFO]: problem:
  hyp:
    alpha: 0.01
    clip: null
    epochs: 50
    lr: 0.001
    lr_decay: step
    lr_factor: 0.1
    lr_schedule:
    - 100
    lr_throttle: true
    optimizer: adam
    save_period: -1
    test_batch_size: 25
    test_mode: default
    train_batch_size: 50
    train_mode: progressive
    val_period: 20
    warmup_period: 10
  model:
    model: dt_net_2d
    model_path: null
    width: 128
    max_iters: 30
    test_iterations:
      low: 30
      high: 40
  name: mazes
  test_data: 33
  train_data: 9
train_log: train_log
name: mazes_ablation
run_id: cany-Bedford

Files already downloaded and verified
Loading mazes of size 9 x 9.
Files already downloaded and verified
Loading mazes of size 33 x 33.
[10/10/2022 11:51:56 INFO]: This dt_net_2d has 0.633 million parameters.
[10/10/2022 11:51:56 INFO]: Training will start at epoch 0.
[10/10/2022 11:51:56 INFO]: ==> Starting training for 50 epochs...
[10/10/2022 11:56:33 INFO]: Training loss at epoch 0: 0.6660889507830143
[10/10/2022 11:56:33 INFO]: Training accuracy at epoch 0: 0.0
[10/10/2022 11:56:33 INFO]: Val accuracy at epoch 0: 0.0
[10/10/2022 11:56:33 INFO]: Saving model to: model_best.pth
[10/10/2022 12:01:12 INFO]: Training loss at epoch 1: 0.578802152723074
[10/10/2022 12:01:12 INFO]: Training accuracy at epoch 1: 0.0025
[10/10/2022 12:01:12 INFO]: Val accuracy at epoch 1: 0.0
[10/10/2022 12:01:12 INFO]: Saving model to: model_.pth
[10/10/2022 12:05:49 INFO]: Training loss at epoch 2: 0.47515852127224206
[10/10/2022 12:05:49 INFO]: Training accuracy at epoch 2: 0.0275
[10/10/2022 12:05:49 INFO]: Val accuracy at epoch 2: 0.07000000029802322
[10/10/2022 12:05:49 INFO]: Saving model to: model_best.pth
[10/10/2022 12:10:27 INFO]: Training loss at epoch 3: 0.41804210729897023
[10/10/2022 12:10:27 INFO]: Training accuracy at epoch 3: 0.135
[10/10/2022 12:10:27 INFO]: Val accuracy at epoch 3: 0.28999999165534973
[10/10/2022 12:10:27 INFO]: Saving model to: model_best.pth
[10/10/2022 12:15:05 INFO]: Training loss at epoch 4: 0.3707137959077954
[10/10/2022 12:15:05 INFO]: Training accuracy at epoch 4: 0.37
[10/10/2022 12:15:05 INFO]: Val accuracy at epoch 4: 0.6700000166893005
[10/10/2022 12:15:05 INFO]: Saving model to: model_best.pth
[10/10/2022 12:19:43 INFO]: Training loss at epoch 5: 0.3284089648723602
[10/10/2022 12:19:43 INFO]: Training accuracy at epoch 5: 1.1425
[10/10/2022 12:19:43 INFO]: Val accuracy at epoch 5: 1.6200000047683716
[10/10/2022 12:19:43 INFO]: Saving model to: model_best.pth
[10/10/2022 12:24:19 INFO]: Training loss at epoch 6: 0.28620238553732635
[10/10/2022 12:24:19 INFO]: Training accuracy at epoch 6: 3.125
[10/10/2022 12:24:19 INFO]: Val accuracy at epoch 6: 4.900000095367432
[10/10/2022 12:24:19 INFO]: Saving model to: model_best.pth
[10/10/2022 12:28:56 INFO]: Training loss at epoch 7: 0.241599194817245
[10/10/2022 12:28:56 INFO]: Training accuracy at epoch 7: 7.265
[10/10/2022 12:28:56 INFO]: Val accuracy at epoch 7: 12.960000038146973
[10/10/2022 12:28:56 INFO]: Saving model to: model_best.pth
[10/10/2022 12:33:32 INFO]: Training loss at epoch 8: 0.1879232324566692
[10/10/2022 12:33:32 INFO]: Training accuracy at epoch 8: 15.5925
[10/10/2022 12:33:32 INFO]: Val accuracy at epoch 8: 15.020000457763672
[10/10/2022 12:33:32 INFO]: Saving model to: model_best.pth
[10/10/2022 12:38:08 INFO]: Training loss at epoch 9: 0.6207924150209874
[10/10/2022 12:38:08 INFO]: Training accuracy at epoch 9: 2.5875
[10/10/2022 12:38:08 INFO]: Val accuracy at epoch 9: 0.0
[10/10/2022 12:38:08 INFO]: Saving model to: model_.pth
[10/10/2022 12:42:41 INFO]: Training loss at epoch 10: 0.6931471228599548
[10/10/2022 12:42:41 INFO]: Training accuracy at epoch 10: 0.0
[10/10/2022 12:42:41 INFO]: Val accuracy at epoch 10: 0.0
[10/10/2022 12:42:41 INFO]: Saving model to: model_.pth
[10/10/2022 12:47:16 INFO]: Training loss at epoch 11: 0.6931471228599548
[10/10/2022 12:47:16 INFO]: Training accuracy at epoch 11: 0.0
[10/10/2022 12:47:16 INFO]: Val accuracy at epoch 11: 0.0
[10/10/2022 12:47:16 INFO]: Saving model to: model_.pth
[10/10/2022 12:51:49 INFO]: Training loss at epoch 12: 0.6931471228599548
[10/10/2022 12:51:49 INFO]: Training accuracy at epoch 12: 0.0
[10/10/2022 12:51:49 INFO]: Val accuracy at epoch 12: 0.0
[10/10/2022 12:51:49 INFO]: Saving model to: model_.pth
[10/10/2022 12:56:23 INFO]: Training loss at epoch 13: 0.6931471228599548
[10/10/2022 12:56:23 INFO]: Training accuracy at epoch 13: 0.0
[10/10/2022 12:56:23 INFO]: Val accuracy at epoch 13: 0.0
[10/10/2022 12:56:23 INFO]: Saving model to: model_.pth
[10/10/2022 13:00:57 INFO]: Training loss at epoch 14: 0.6931471228599548
[10/10/2022 13:00:57 INFO]: Training accuracy at epoch 14: 0.0
[10/10/2022 13:00:57 INFO]: Val accuracy at epoch 14: 0.0
[10/10/2022 13:00:57 INFO]: Saving model to: model_.pth
[10/10/2022 13:05:29 INFO]: Training loss at epoch 15: 0.6931471228599548
[10/10/2022 13:05:29 INFO]: Training accuracy at epoch 15: 0.0
[10/10/2022 13:05:29 INFO]: Val accuracy at epoch 15: 0.0
[10/10/2022 13:05:29 INFO]: Saving model to: model_.pth
[10/10/2022 13:10:02 INFO]: Training loss at epoch 16: 0.6931471228599548
[10/10/2022 13:10:02 INFO]: Training accuracy at epoch 16: 0.0
[10/10/2022 13:10:02 INFO]: Val accuracy at epoch 16: 0.0
[10/10/2022 13:10:02 INFO]: Saving model to: model_.pth
[10/10/2022 13:14:38 INFO]: Training loss at epoch 17: 0.6931471228599548
[10/10/2022 13:14:38 INFO]: Training accuracy at epoch 17: 0.0
[10/10/2022 13:14:38 INFO]: Val accuracy at epoch 17: 0.0
[10/10/2022 13:14:38 INFO]: Saving model to: model_.pth
[10/10/2022 13:19:11 INFO]: Training loss at epoch 18: 0.6931471228599548
[10/10/2022 13:19:11 INFO]: Training accuracy at epoch 18: 0.0
[10/10/2022 13:19:11 INFO]: Val accuracy at epoch 18: 0.0
[10/10/2022 13:19:11 INFO]: Saving model to: model_.pth
[10/10/2022 13:23:45 INFO]: Training loss at epoch 19: 0.6931471228599548
[10/10/2022 13:23:45 INFO]: Training accuracy at epoch 19: 0.0
[10/10/2022 13:23:45 INFO]: Val accuracy at epoch 19: 0.0
[10/10/2022 13:28:50 INFO]: Training accuracy: {30: 0.0, 31: 0.0, 32: 0.0, 33: 0.0, 34: 0.0, 35: 0.0, 36: 0.0, 37: 0.0, 38: 0.0, 39: 0.0, 40: 0.0}
[10/10/2022 13:28:50 INFO]: Val accuracy: {30: 0.0, 31: 0.0, 32: 0.0, 33: 0.0, 34: 0.0, 35: 0.0, 36: 0.0, 37: 0.0, 38: 0.0, 39: 0.0, 40: 0.0}
[10/10/2022 13:28:50 INFO]: Test accuracy (hard data): {30: 0.0, 31: 0.0, 32: 0.0, 33: 0.0, 34: 0.0, 35: 0.0, 36: 0.0, 37: 0.0, 38: 0.0, 39: 0.0, 40: 0.0}
[10/10/2022 13:28:50 INFO]: Saving model to: model_.pth
[10/10/2022 13:33:24 INFO]: Training loss at epoch 20: 0.6931471228599548
[10/10/2022 13:33:24 INFO]: Training accuracy at epoch 20: 0.0
[10/10/2022 13:33:24 INFO]: Val accuracy at epoch 20: 0.0
[10/10/2022 13:33:24 INFO]: Saving model to: model_.pth
[10/10/2022 13:37:59 INFO]: Training loss at epoch 21: 0.6931471228599548
[10/10/2022 13:37:59 INFO]: Training accuracy at epoch 21: 0.0
[10/10/2022 13:37:59 INFO]: Val accuracy at epoch 21: 0.0
[10/10/2022 13:37:59 INFO]: Saving model to: model_.pth
[10/10/2022 13:42:34 INFO]: Training loss at epoch 22: 0.6924537049978972
[10/10/2022 13:42:34 INFO]: Training accuracy at epoch 22: 0.005
[10/10/2022 13:42:34 INFO]: Val accuracy at epoch 22: 0.0
[10/10/2022 13:42:34 INFO]: Saving model to: model_.pth
[10/10/2022 13:47:10 INFO]: Training loss at epoch 23: 0.4732131766527891
[10/10/2022 13:47:10 INFO]: Training accuracy at epoch 23: 0.06
[10/10/2022 13:47:10 INFO]: Val accuracy at epoch 23: 1.3200000524520874
[10/10/2022 13:47:10 INFO]: Saving model to: model_.pth
[10/10/2022 13:51:47 INFO]: Training loss at epoch 24: 0.11582094533645432
[10/10/2022 13:51:47 INFO]: Training accuracy at epoch 24: 43.995
[10/10/2022 13:51:47 INFO]: Val accuracy at epoch 24: 92.23999786376953
[10/10/2022 13:51:47 INFO]: Saving model to: model_best.pth
[10/10/2022 13:56:25 INFO]: Training loss at epoch 25: 0.012090838952790364
[10/10/2022 13:56:25 INFO]: Training accuracy at epoch 25: 89.3425
[10/10/2022 13:56:25 INFO]: Val accuracy at epoch 25: 95.5999984741211
[10/10/2022 13:56:25 INFO]: Saving model to: model_best.pth
[10/10/2022 14:01:01 INFO]: Training loss at epoch 26: 0.0036989512792160893
[10/10/2022 14:01:01 INFO]: Training accuracy at epoch 26: 97.11
[10/10/2022 14:01:01 INFO]: Val accuracy at epoch 26: 99.55000305175781
[10/10/2022 14:01:01 INFO]: Saving model to: model_best.pth
[10/10/2022 14:05:40 INFO]: Training loss at epoch 27: 0.008162257424046401
[10/10/2022 14:05:40 INFO]: Training accuracy at epoch 27: 94.475
[10/10/2022 14:05:40 INFO]: Val accuracy at epoch 27: 96.5
[10/10/2022 14:05:40 INFO]: Saving model to: model_.pth
[10/10/2022 14:10:17 INFO]: Training loss at epoch 28: 0.003546201858457607
[10/10/2022 14:10:17 INFO]: Training accuracy at epoch 28: 97.655
[10/10/2022 14:10:17 INFO]: Val accuracy at epoch 28: 99.68000030517578
[10/10/2022 14:10:17 INFO]: Saving model to: model_best.pth
[10/10/2022 14:14:52 INFO]: Training loss at epoch 29: 0.032710512157985365
[10/10/2022 14:14:52 INFO]: Training accuracy at epoch 29: 87.04
[10/10/2022 14:14:52 INFO]: Val accuracy at epoch 29: 94.0
[10/10/2022 14:14:52 INFO]: Saving model to: model_.pth
[10/10/2022 14:19:29 INFO]: Training loss at epoch 30: 0.0018129667794721627
[10/10/2022 14:19:29 INFO]: Training accuracy at epoch 30: 98.865
[10/10/2022 14:19:29 INFO]: Val accuracy at epoch 30: 99.69999694824219
[10/10/2022 14:19:29 INFO]: Saving model to: model_best.pth
[10/10/2022 14:24:04 INFO]: Training loss at epoch 31: 0.30063889511849695
[10/10/2022 14:24:04 INFO]: Training accuracy at epoch 31: 41.0375
[10/10/2022 14:24:04 INFO]: Val accuracy at epoch 31: 3.549999952316284
[10/10/2022 14:24:04 INFO]: Saving model to: model_.pth
[10/10/2022 14:28:37 INFO]: Training loss at epoch 32: 0.07516983297246042
[10/10/2022 14:28:37 INFO]: Training accuracy at epoch 32: 51.5675
[10/10/2022 14:28:37 INFO]: Val accuracy at epoch 32: 85.88999938964844
[10/10/2022 14:28:37 INFO]: Saving model to: model_.pth
[10/10/2022 14:33:15 INFO]: Training loss at epoch 33: 0.004286968366234305
[10/10/2022 14:33:15 INFO]: Training accuracy at epoch 33: 96.0775
[10/10/2022 14:33:15 INFO]: Val accuracy at epoch 33: 99.62000274658203
[10/10/2022 14:33:15 INFO]: Saving model to: model_.pth
[10/10/2022 14:37:51 INFO]: Training loss at epoch 34: 0.0018759068531733192
[10/10/2022 14:37:51 INFO]: Training accuracy at epoch 34: 98.6825
[10/10/2022 14:37:51 INFO]: Val accuracy at epoch 34: 99.7300033569336
[10/10/2022 14:37:51 INFO]: Saving model to: model_best.pth
[10/10/2022 14:42:28 INFO]: Training loss at epoch 35: 0.0017600096801047727
[10/10/2022 14:42:28 INFO]: Training accuracy at epoch 35: 98.8275
[10/10/2022 14:42:28 INFO]: Val accuracy at epoch 35: 99.87000274658203
[10/10/2022 14:42:28 INFO]: Saving model to: model_best.pth
[10/10/2022 14:47:06 INFO]: Training loss at epoch 36: 0.001824405229403645
[10/10/2022 14:47:06 INFO]: Training accuracy at epoch 36: 98.9275
[10/10/2022 14:47:06 INFO]: Val accuracy at epoch 36: 81.25
[10/10/2022 14:47:06 INFO]: Saving model to: model_.pth
[10/10/2022 14:51:42 INFO]: Training loss at epoch 37: 0.002542209742924797
[10/10/2022 14:51:42 INFO]: Training accuracy at epoch 37: 98.4325
[10/10/2022 14:51:42 INFO]: Val accuracy at epoch 37: 99.83999633789062
[10/10/2022 14:51:42 INFO]: Saving model to: model_.pth
[10/10/2022 14:56:17 INFO]: Training loss at epoch 38: 0.007487023305606213
[10/10/2022 14:56:17 INFO]: Training accuracy at epoch 38: 95.7575
[10/10/2022 14:56:17 INFO]: Val accuracy at epoch 38: 97.05999755859375
[10/10/2022 14:56:17 INFO]: Saving model to: model_.pth
[10/10/2022 15:00:54 INFO]: Training loss at epoch 39: 0.00127075604969491
[10/10/2022 15:00:54 INFO]: Training accuracy at epoch 39: 99.6125
[10/10/2022 15:00:54 INFO]: Val accuracy at epoch 39: 99.58999633789062
[10/10/2022 15:06:01 INFO]: Training accuracy: {30: 99.69999694824219, 31: 99.76000213623047, 32: 99.80000305175781, 33: 99.78250122070312, 34: 99.75499725341797, 35: 99.72750091552734, 36: 99.69999694824219, 37: 99.6624984741211, 38: 99.59249877929688, 39: 99.47000122070312, 40: 99.3125}
[10/10/2022 15:06:01 INFO]: Val accuracy: {30: 99.58999633789062, 31: 99.6500015258789, 32: 99.66999816894531, 33: 99.62999725341797, 34: 99.62999725341797, 35: 99.5999984741211, 36: 99.56999969482422, 37: 99.55000305175781, 38: 99.5199966430664, 39: 99.43000030517578, 40: 99.19000244140625}
[10/10/2022 15:06:01 INFO]: Test accuracy (hard data): {30: 3.380000114440918, 31: 4.300000190734863, 32: 5.110000133514404, 33: 5.699999809265137, 34: 6.150000095367432, 35: 6.369999885559082, 36: 6.53000020980835, 37: 6.789999961853027, 38: 6.949999809265137, 39: 6.949999809265137, 40: 6.940000057220459}
[10/10/2022 15:06:01 INFO]: Saving model to: model_.pth
[10/10/2022 15:10:38 INFO]: Training loss at epoch 40: 0.0021656270367950013
[10/10/2022 15:10:38 INFO]: Training accuracy at epoch 40: 99.0475
[10/10/2022 15:10:38 INFO]: Val accuracy at epoch 40: 99.75
[10/10/2022 15:10:38 INFO]: Saving model to: model_.pth
[10/10/2022 15:15:13 INFO]: Training loss at epoch 41: 0.006976031938477263
[10/10/2022 15:15:13 INFO]: Training accuracy at epoch 41: 96.845
[10/10/2022 15:15:13 INFO]: Val accuracy at epoch 41: 99.83999633789062
[10/10/2022 15:15:13 INFO]: Saving model to: model_.pth
[10/10/2022 15:19:49 INFO]: Training loss at epoch 42: 0.0009027794951067847
[10/10/2022 15:19:49 INFO]: Training accuracy at epoch 42: 99.8425
[10/10/2022 15:19:49 INFO]: Val accuracy at epoch 42: 99.93000030517578
[10/10/2022 15:19:49 INFO]: Saving model to: model_best.pth
[10/10/2022 15:24:25 INFO]: Training loss at epoch 43: 0.01057542683411917
[10/10/2022 15:24:25 INFO]: Training accuracy at epoch 43: 95.7
[10/10/2022 15:24:25 INFO]: Val accuracy at epoch 43: 99.83000183105469
[10/10/2022 15:24:25 INFO]: Saving model to: model_.pth
[10/10/2022 15:29:00 INFO]: Training loss at epoch 44: 0.0012260245020158322
[10/10/2022 15:29:00 INFO]: Training accuracy at epoch 44: 99.65
[10/10/2022 15:29:00 INFO]: Val accuracy at epoch 44: 95.29000091552734
[10/10/2022 15:29:00 INFO]: Saving model to: model_.pth
[10/10/2022 15:33:37 INFO]: Training loss at epoch 45: 0.006284296459660083
[10/10/2022 15:33:37 INFO]: Training accuracy at epoch 45: 96.1825
[10/10/2022 15:33:37 INFO]: Val accuracy at epoch 45: 99.83999633789062
[10/10/2022 15:33:37 INFO]: Saving model to: model_.pth
[10/10/2022 15:38:13 INFO]: Training loss at epoch 46: 0.0014440960136967362
[10/10/2022 15:38:13 INFO]: Training accuracy at epoch 46: 99.5875
[10/10/2022 15:38:13 INFO]: Val accuracy at epoch 46: 99.87000274658203
[10/10/2022 15:38:13 INFO]: Saving model to: model_.pth
[10/10/2022 15:42:47 INFO]: Training loss at epoch 47: 0.0021336049189789996
[10/10/2022 15:42:47 INFO]: Training accuracy at epoch 47: 98.9025
[10/10/2022 15:42:47 INFO]: Val accuracy at epoch 47: 90.55000305175781
[10/10/2022 15:42:47 INFO]: Saving model to: model_.pth
[10/10/2022 15:47:26 INFO]: Training loss at epoch 48: 0.001079637133818334
[10/10/2022 15:47:26 INFO]: Training accuracy at epoch 48: 99.54
[10/10/2022 15:47:26 INFO]: Val accuracy at epoch 48: 99.93000030517578
[10/10/2022 15:47:26 INFO]: Saving model to: model_.pth
[10/10/2022 15:52:01 INFO]: Training loss at epoch 49: 0.0030720229059332093
[10/10/2022 15:52:01 INFO]: Training accuracy at epoch 49: 98.3175
[10/10/2022 15:52:01 INFO]: Val accuracy at epoch 49: 99.86000061035156
[10/10/2022 15:57:03 INFO]: Training accuracy: {30: 99.9124984741211, 31: 99.9175033569336, 32: 99.91500091552734, 33: 99.90499877929688, 34: 99.88249969482422, 35: 99.85749816894531, 36: 99.82499694824219, 37: 99.80750274658203, 38: 99.7750015258789, 39: 99.72000122070312, 40: 99.66999816894531}
[10/10/2022 15:57:03 INFO]: Val accuracy: {30: 99.86000061035156, 31: 99.88999938964844, 32: 99.87000274658203, 33: 99.87999725341797, 34: 99.86000061035156, 35: 99.83999633789062, 36: 99.80000305175781, 37: 99.76000213623047, 38: 99.69999694824219, 39: 99.62999725341797, 40: 99.56999969482422}
[10/10/2022 15:57:03 INFO]: Test accuracy (hard data): {30: 0.10000000149011612, 31: 0.07999999821186066, 32: 0.05000000074505806, 33: 0.05000000074505806, 34: 0.05999999865889549, 35: 0.05000000074505806, 36: 0.03999999910593033, 37: 0.029999999329447746, 38: 0.019999999552965164, 39: 0.03999999910593033, 40: 0.029999999329447746}
[10/10/2022 15:57:03 INFO]: Saving model to: model_.pth
[10/10/2022 15:57:03 INFO]: OrderedDict([('max_iters', 30), ('run_id', 'cany-Bedford'), ('test_acc', {30: 0.10000000149011612, 31: 0.07999999821186066, 32: 0.05000000074505806, 33: 0.05000000074505806, 34: 0.05999999865889549, 35: 0.05000000074505806, 36: 0.03999999910593033, 37: 0.029999999329447746, 38: 0.019999999552965164, 39: 0.03999999910593033, 40: 0.029999999329447746}), ('test_data', 33), ('test_iters', [30, 31, 32, 33, 34, 35, 36, 37, 38, 39, 40]), ('test_mode', 'default'), ('train_data', 9), ('train_acc', {30: 99.9124984741211, 31: 99.9175033569336, 32: 99.91500091552734, 33: 99.90499877929688, 34: 99.88249969482422, 35: 99.85749816894531, 36: 99.82499694824219, 37: 99.80750274658203, 38: 99.7750015258789, 39: 99.72000122070312, 40: 99.66999816894531}), ('val_acc', {30: 99.86000061035156, 31: 99.88999938964844, 32: 99.87000274658203, 33: 99.87999725341797, 34: 99.86000061035156, 35: 99.83999633789062, 36: 99.80000305175781, 37: 99.76000213623047, 38: 99.69999694824219, 39: 99.62999725341797, 40: 99.56999969482422})])
