[10/10/2022 16:04:52 INFO]: 
_________________________________________________

[10/10/2022 16:04:52 INFO]: train_model.py main() running.
[10/10/2022 16:04:52 INFO]: problem:
  hyp:
    alpha: 0.0
    clip: null
    epochs: 50
    lr: 0.001
    lr_decay: step
    lr_factor: 0.1
    lr_schedule:
    - 100
    lr_throttle: true
    optimizer: adam
    save_period: -1
    test_batch_size: 25
    test_mode: default
    train_batch_size: 50
    train_mode: progressive
    val_period: 20
    warmup_period: 10
  model:
    model: dt_net_recall_2d
    model_path: null
    width: 128
    max_iters: 30
    test_iterations:
      low: 30
      high: 40
  name: mazes
  test_data: 33
  train_data: 9
train_log: train_log
name: mazes_ablation
run_id: algal-Collyn

Files already downloaded and verified
Loading mazes of size 9 x 9.
Files already downloaded and verified
Loading mazes of size 33 x 33.
[10/10/2022 16:04:57 INFO]: This dt_net_recall_2d has 0.784 million parameters.
[10/10/2022 16:04:57 INFO]: Training will start at epoch 0.
[10/10/2022 16:04:57 INFO]: ==> Starting training for 50 epochs...
[10/10/2022 16:09:09 INFO]: Training loss at epoch 0: 0.6462480321526527
[10/10/2022 16:09:09 INFO]: Training accuracy at epoch 0: 0.0
[10/10/2022 16:09:09 INFO]: Val accuracy at epoch 0: 0.0
[10/10/2022 16:09:09 INFO]: Saving model to: model_best.pth
[10/10/2022 16:13:21 INFO]: Training loss at epoch 1: 0.5874612641334533
[10/10/2022 16:13:21 INFO]: Training accuracy at epoch 1: 0.0125
[10/10/2022 16:13:21 INFO]: Val accuracy at epoch 1: 0.0
[10/10/2022 16:13:21 INFO]: Saving model to: model_.pth
[10/10/2022 16:17:31 INFO]: Training loss at epoch 2: 0.5684713058918714
[10/10/2022 16:17:31 INFO]: Training accuracy at epoch 2: 0.0275
[10/10/2022 16:17:31 INFO]: Val accuracy at epoch 2: 0.009999999776482582
[10/10/2022 16:17:31 INFO]: Saving model to: model_best.pth
[10/10/2022 16:21:42 INFO]: Training loss at epoch 3: 0.5348224105685949
[10/10/2022 16:21:42 INFO]: Training accuracy at epoch 3: 0.1175
[10/10/2022 16:21:42 INFO]: Val accuracy at epoch 3: 0.0
[10/10/2022 16:21:42 INFO]: Saving model to: model_.pth
[10/10/2022 16:25:52 INFO]: Training loss at epoch 4: 0.5787888989597559
[10/10/2022 16:25:52 INFO]: Training accuracy at epoch 4: 0.155
[10/10/2022 16:25:52 INFO]: Val accuracy at epoch 4: 0.0
[10/10/2022 16:25:52 INFO]: Saving model to: model_.pth
[10/10/2022 16:30:02 INFO]: Training loss at epoch 5: 0.6320086662471295
[10/10/2022 16:30:02 INFO]: Training accuracy at epoch 5: 0.0
[10/10/2022 16:30:02 INFO]: Val accuracy at epoch 5: 0.0
[10/10/2022 16:30:02 INFO]: Saving model to: model_.pth
[10/10/2022 16:34:12 INFO]: Training loss at epoch 6: 0.5226544179767371
[10/10/2022 16:34:12 INFO]: Training accuracy at epoch 6: 0.0275
[10/10/2022 16:34:12 INFO]: Val accuracy at epoch 6: 0.05000000074505806
[10/10/2022 16:34:12 INFO]: Saving model to: model_best.pth
[10/10/2022 16:38:22 INFO]: Training loss at epoch 7: 0.4580670442804694
[10/10/2022 16:38:22 INFO]: Training accuracy at epoch 7: 0.2675
[10/10/2022 16:38:22 INFO]: Val accuracy at epoch 7: 0.8700000047683716
[10/10/2022 16:38:22 INFO]: Saving model to: model_best.pth
[10/10/2022 16:42:32 INFO]: Training loss at epoch 8: 0.477061823438853
[10/10/2022 16:42:32 INFO]: Training accuracy at epoch 8: 1.1275
[10/10/2022 16:42:32 INFO]: Val accuracy at epoch 8: 0.0
[10/10/2022 16:42:32 INFO]: Saving model to: model_.pth
[10/10/2022 16:46:43 INFO]: Training loss at epoch 9: 0.557185715213418
[10/10/2022 16:46:43 INFO]: Training accuracy at epoch 9: 0.4875
[10/10/2022 16:46:43 INFO]: Val accuracy at epoch 9: 0.0
[10/10/2022 16:46:43 INFO]: Saving model to: model_.pth
[10/10/2022 16:50:53 INFO]: Training loss at epoch 10: 0.5570442955195903
[10/10/2022 16:50:53 INFO]: Training accuracy at epoch 10: 0.455
[10/10/2022 16:50:53 INFO]: Val accuracy at epoch 10: 0.009999999776482582
[10/10/2022 16:50:53 INFO]: Saving model to: model_.pth
[10/10/2022 16:55:03 INFO]: Training loss at epoch 11: 0.4426392004825175
[10/10/2022 16:55:03 INFO]: Training accuracy at epoch 11: 0.8175
[10/10/2022 16:55:03 INFO]: Val accuracy at epoch 11: 2.690000057220459
[10/10/2022 16:55:03 INFO]: Saving model to: model_best.pth
[10/10/2022 16:59:13 INFO]: Training loss at epoch 12: 0.5231990787014366
[10/10/2022 16:59:13 INFO]: Training accuracy at epoch 12: 0.705
[10/10/2022 16:59:13 INFO]: Val accuracy at epoch 12: 0.05999999865889549
[10/10/2022 16:59:13 INFO]: Saving model to: model_.pth
[10/10/2022 17:03:23 INFO]: Training loss at epoch 13: 0.5722619795426727
[10/10/2022 17:03:23 INFO]: Training accuracy at epoch 13: 0.0725
[10/10/2022 17:03:23 INFO]: Val accuracy at epoch 13: 0.0
[10/10/2022 17:03:23 INFO]: Saving model to: model_.pth
[10/10/2022 17:07:32 INFO]: Training loss at epoch 14: 0.5208528898656368
[10/10/2022 17:07:32 INFO]: Training accuracy at epoch 14: 0.05
[10/10/2022 17:07:32 INFO]: Val accuracy at epoch 14: 0.03999999910593033
[10/10/2022 17:07:32 INFO]: Saving model to: model_.pth
[10/10/2022 17:11:42 INFO]: Training loss at epoch 15: 0.3664331001974642
[10/10/2022 17:11:42 INFO]: Training accuracy at epoch 15: 2.1275
[10/10/2022 17:11:42 INFO]: Val accuracy at epoch 15: 13.960000038146973
[10/10/2022 17:11:42 INFO]: Saving model to: model_best.pth
[10/10/2022 17:15:52 INFO]: Training loss at epoch 16: 0.13307510541926604
[10/10/2022 17:15:52 INFO]: Training accuracy at epoch 16: 40.89
[10/10/2022 17:15:52 INFO]: Val accuracy at epoch 16: 40.310001373291016
[10/10/2022 17:15:52 INFO]: Saving model to: model_best.pth
[10/10/2022 17:20:02 INFO]: Training loss at epoch 17: 0.020793546868953853
[10/10/2022 17:20:02 INFO]: Training accuracy at epoch 17: 83.84
[10/10/2022 17:20:02 INFO]: Val accuracy at epoch 17: 96.16000366210938
[10/10/2022 17:20:02 INFO]: Saving model to: model_best.pth
[10/10/2022 17:24:13 INFO]: Training loss at epoch 18: 0.03135792943387059
[10/10/2022 17:24:13 INFO]: Training accuracy at epoch 18: 87.7025
[10/10/2022 17:24:13 INFO]: Val accuracy at epoch 18: 98.23999786376953
[10/10/2022 17:24:13 INFO]: Saving model to: model_best.pth
[10/10/2022 17:28:23 INFO]: Training loss at epoch 19: 0.050424467393313535
[10/10/2022 17:28:23 INFO]: Training accuracy at epoch 19: 91.525
[10/10/2022 17:28:23 INFO]: Val accuracy at epoch 19: 0.0
[10/10/2022 17:34:38 INFO]: Training accuracy: {30: 0.0, 31: 0.0, 32: 0.0, 33: 0.0, 34: 0.0, 35: 0.0, 36: 0.0, 37: 0.0, 38: 0.0, 39: 0.0, 40: 0.0}
[10/10/2022 17:34:38 INFO]: Val accuracy: {30: 0.0, 31: 0.0, 32: 0.0, 33: 0.0, 34: 0.0, 35: 0.0, 36: 0.0, 37: 0.0, 38: 0.0, 39: 0.0, 40: 0.0}
[10/10/2022 17:34:38 INFO]: Test accuracy (hard data): {30: 0.0, 31: 0.0, 32: 0.0, 33: 0.0, 34: 0.0, 35: 0.0, 36: 0.0, 37: 0.0, 38: 0.0, 39: 0.0, 40: 0.0}
[10/10/2022 17:34:38 INFO]: Saving model to: model_.pth
[10/10/2022 17:38:48 INFO]: Training loss at epoch 20: 0.1446348730585305
[10/10/2022 17:38:48 INFO]: Training accuracy at epoch 20: 63.56
[10/10/2022 17:38:48 INFO]: Val accuracy at epoch 20: 91.7699966430664
[10/10/2022 17:38:48 INFO]: Saving model to: model_.pth
[10/10/2022 17:42:58 INFO]: Training loss at epoch 21: 0.050815051527606556
[10/10/2022 17:42:58 INFO]: Training accuracy at epoch 21: 84.64
[10/10/2022 17:42:58 INFO]: Val accuracy at epoch 21: 93.80999755859375
[10/10/2022 17:42:58 INFO]: Saving model to: model_.pth
[10/10/2022 17:47:08 INFO]: Training loss at epoch 22: 0.002411355562544486
[10/10/2022 17:47:08 INFO]: Training accuracy at epoch 22: 98.325
[10/10/2022 17:47:08 INFO]: Val accuracy at epoch 22: 99.4000015258789
[10/10/2022 17:47:08 INFO]: Saving model to: model_best.pth
[10/10/2022 17:51:18 INFO]: Training loss at epoch 23: 0.0007189384761295514
[10/10/2022 17:51:18 INFO]: Training accuracy at epoch 23: 99.64
[10/10/2022 17:51:18 INFO]: Val accuracy at epoch 23: 99.55000305175781
[10/10/2022 17:51:18 INFO]: Saving model to: model_best.pth
[10/10/2022 17:55:28 INFO]: Training loss at epoch 24: 0.0012469199641782325
[10/10/2022 17:55:28 INFO]: Training accuracy at epoch 24: 99.3325
[10/10/2022 17:55:28 INFO]: Val accuracy at epoch 24: 99.80000305175781
[10/10/2022 17:55:28 INFO]: Saving model to: model_best.pth
[10/10/2022 17:59:39 INFO]: Training loss at epoch 25: 0.0005900922873115633
[10/10/2022 17:59:39 INFO]: Training accuracy at epoch 25: 99.7925
[10/10/2022 17:59:39 INFO]: Val accuracy at epoch 25: 99.97000122070312
[10/10/2022 17:59:39 INFO]: Saving model to: model_best.pth
[10/10/2022 18:03:49 INFO]: Training loss at epoch 26: 0.00027673832189975653
[10/10/2022 18:03:49 INFO]: Training accuracy at epoch 26: 99.915
[10/10/2022 18:03:49 INFO]: Val accuracy at epoch 26: 99.97000122070312
[10/10/2022 18:03:49 INFO]: Saving model to: model_.pth
[10/10/2022 18:07:59 INFO]: Training loss at epoch 27: 0.15731401854530305
[10/10/2022 18:07:59 INFO]: Training accuracy at epoch 27: 68.5425
[10/10/2022 18:07:59 INFO]: Val accuracy at epoch 27: 98.98999786376953
[10/10/2022 18:07:59 INFO]: Saving model to: model_.pth
[10/10/2022 18:12:09 INFO]: Training loss at epoch 28: 0.0013747998821781948
[10/10/2022 18:12:09 INFO]: Training accuracy at epoch 28: 99.575
[10/10/2022 18:12:09 INFO]: Val accuracy at epoch 28: 99.87000274658203
[10/10/2022 18:12:09 INFO]: Saving model to: model_.pth
[10/10/2022 18:16:19 INFO]: Training loss at epoch 29: 0.000533013372860296
[10/10/2022 18:16:19 INFO]: Training accuracy at epoch 29: 99.89
[10/10/2022 18:16:19 INFO]: Val accuracy at epoch 29: 99.94000244140625
[10/10/2022 18:16:19 INFO]: Saving model to: model_.pth
[10/10/2022 18:20:29 INFO]: Training loss at epoch 30: 0.06400046799350094
[10/10/2022 18:20:29 INFO]: Training accuracy at epoch 30: 87.5525
[10/10/2022 18:20:29 INFO]: Val accuracy at epoch 30: 96.63999938964844
[10/10/2022 18:20:29 INFO]: Saving model to: model_.pth
[10/10/2022 18:24:39 INFO]: Training loss at epoch 31: 0.004332531364962051
[10/10/2022 18:24:39 INFO]: Training accuracy at epoch 31: 98.07
[10/10/2022 18:24:39 INFO]: Val accuracy at epoch 31: 99.55000305175781
[10/10/2022 18:24:39 INFO]: Saving model to: model_.pth
[10/10/2022 18:28:49 INFO]: Training loss at epoch 32: 0.00040724417733144946
[10/10/2022 18:28:49 INFO]: Training accuracy at epoch 32: 99.9025
[10/10/2022 18:28:49 INFO]: Val accuracy at epoch 32: 99.95999908447266
[10/10/2022 18:28:49 INFO]: Saving model to: model_.pth
[10/10/2022 18:32:59 INFO]: Training loss at epoch 33: 0.0008440887379765627
[10/10/2022 18:32:59 INFO]: Training accuracy at epoch 33: 99.585
[10/10/2022 18:32:59 INFO]: Val accuracy at epoch 33: 99.86000061035156
[10/10/2022 18:32:59 INFO]: Saving model to: model_.pth
[10/10/2022 18:37:11 INFO]: Training loss at epoch 34: 0.00032995724186548616
[10/10/2022 18:37:11 INFO]: Training accuracy at epoch 34: 99.94
[10/10/2022 18:37:11 INFO]: Val accuracy at epoch 34: 99.98999786376953
[10/10/2022 18:37:11 INFO]: Saving model to: model_best.pth
[10/10/2022 18:41:21 INFO]: Training loss at epoch 35: 0.0245735052265627
[10/10/2022 18:41:21 INFO]: Training accuracy at epoch 35: 95.86
[10/10/2022 18:41:21 INFO]: Val accuracy at epoch 35: 98.51000213623047
[10/10/2022 18:41:21 INFO]: Saving model to: model_.pth
[10/10/2022 18:45:31 INFO]: Training loss at epoch 36: 0.0006970307351366501
[10/10/2022 18:45:31 INFO]: Training accuracy at epoch 36: 99.85
[10/10/2022 18:45:31 INFO]: Val accuracy at epoch 36: 99.9800033569336
[10/10/2022 18:45:31 INFO]: Saving model to: model_.pth
[10/10/2022 18:49:41 INFO]: Training loss at epoch 37: 0.0003135010537334892
[10/10/2022 18:49:41 INFO]: Training accuracy at epoch 37: 99.9725
[10/10/2022 18:49:41 INFO]: Val accuracy at epoch 37: 99.9800033569336
[10/10/2022 18:49:41 INFO]: Saving model to: model_.pth
[10/10/2022 18:53:50 INFO]: Training loss at epoch 38: 0.038398054480803696
[10/10/2022 18:53:50 INFO]: Training accuracy at epoch 38: 91.635
[10/10/2022 18:53:50 INFO]: Val accuracy at epoch 38: 99.8499984741211
[10/10/2022 18:53:50 INFO]: Saving model to: model_.pth
[10/10/2022 18:58:00 INFO]: Training loss at epoch 39: 0.0010380522542072868
[10/10/2022 18:58:00 INFO]: Training accuracy at epoch 39: 99.685
[10/10/2022 18:58:00 INFO]: Val accuracy at epoch 39: 99.97000122070312
[10/10/2022 19:04:14 INFO]: Training accuracy: {30: 99.95999908447266, 31: 99.99250030517578, 32: 99.99500274658203, 33: 99.99500274658203, 34: 99.99500274658203, 35: 99.99500274658203, 36: 99.99500274658203, 37: 99.99250030517578, 38: 99.99500274658203, 39: 99.99500274658203, 40: 99.99250030517578}
[10/10/2022 19:04:14 INFO]: Val accuracy: {30: 99.97000122070312, 31: 100.0, 32: 100.0, 33: 100.0, 34: 100.0, 35: 100.0, 36: 100.0, 37: 100.0, 38: 100.0, 39: 100.0, 40: 100.0}
[10/10/2022 19:04:14 INFO]: Test accuracy (hard data): {30: 4.539999961853027, 31: 5.110000133514404, 32: 5.730000019073486, 33: 6.369999885559082, 34: 7.059999942779541, 35: 7.809999942779541, 36: 8.529999732971191, 37: 9.25, 38: 9.890000343322754, 39: 10.90999984741211, 40: 11.5600004196167}
[10/10/2022 19:04:14 INFO]: Saving model to: model_.pth
[10/10/2022 19:08:24 INFO]: Training loss at epoch 40: 0.0002759196736042213
[10/10/2022 19:08:24 INFO]: Training accuracy at epoch 40: 99.9625
[10/10/2022 19:08:24 INFO]: Val accuracy at epoch 40: 99.9800033569336
[10/10/2022 19:08:24 INFO]: Saving model to: model_.pth
[10/10/2022 19:12:33 INFO]: Training loss at epoch 41: 0.00038457987770016186
[10/10/2022 19:12:33 INFO]: Training accuracy at epoch 41: 99.9275
[10/10/2022 19:12:33 INFO]: Val accuracy at epoch 41: 99.9800033569336
[10/10/2022 19:12:33 INFO]: Saving model to: model_.pth
[10/10/2022 19:16:43 INFO]: Training loss at epoch 42: 0.0001439313230366679
[10/10/2022 19:16:43 INFO]: Training accuracy at epoch 42: 99.99
[10/10/2022 19:16:43 INFO]: Val accuracy at epoch 42: 99.98999786376953
[10/10/2022 19:16:43 INFO]: Saving model to: model_.pth
[10/10/2022 19:20:53 INFO]: Training loss at epoch 43: 0.005315410129342126
[10/10/2022 19:20:53 INFO]: Training accuracy at epoch 43: 97.985
[10/10/2022 19:20:53 INFO]: Val accuracy at epoch 43: 99.27999877929688
[10/10/2022 19:20:53 INFO]: Saving model to: model_.pth
[10/10/2022 19:25:03 INFO]: Training loss at epoch 44: 0.00033730223587554066
[10/10/2022 19:25:03 INFO]: Training accuracy at epoch 44: 99.9325
[10/10/2022 19:25:03 INFO]: Val accuracy at epoch 44: 99.98999786376953
[10/10/2022 19:25:03 INFO]: Saving model to: model_.pth
[10/10/2022 19:29:12 INFO]: Training loss at epoch 45: 0.22709972265732176
[10/10/2022 19:29:12 INFO]: Training accuracy at epoch 45: 65.76
[10/10/2022 19:29:12 INFO]: Val accuracy at epoch 45: 0.009999999776482582
[10/10/2022 19:29:12 INFO]: Saving model to: model_.pth
[10/10/2022 19:33:22 INFO]: Training loss at epoch 46: 0.14356326244600495
[10/10/2022 19:33:22 INFO]: Training accuracy at epoch 46: 69.1275
[10/10/2022 19:33:22 INFO]: Val accuracy at epoch 46: 99.88999938964844
[10/10/2022 19:33:22 INFO]: Saving model to: model_.pth
[10/10/2022 19:37:32 INFO]: Training loss at epoch 47: 0.00022886854092575958
[10/10/2022 19:37:32 INFO]: Training accuracy at epoch 47: 99.965
[10/10/2022 19:37:32 INFO]: Val accuracy at epoch 47: 99.94999694824219
[10/10/2022 19:37:32 INFO]: Saving model to: model_.pth
[10/10/2022 19:41:41 INFO]: Training loss at epoch 48: 0.00019420108419581082
[10/10/2022 19:41:41 INFO]: Training accuracy at epoch 48: 99.98
[10/10/2022 19:41:41 INFO]: Val accuracy at epoch 48: 99.95999908447266
[10/10/2022 19:41:41 INFO]: Saving model to: model_.pth
[10/10/2022 19:45:51 INFO]: Training loss at epoch 49: 0.00025638158601395847
[10/10/2022 19:45:51 INFO]: Training accuracy at epoch 49: 99.9675
[10/10/2022 19:45:51 INFO]: Val accuracy at epoch 49: 99.9000015258789
[10/10/2022 19:52:04 INFO]: Training accuracy: {30: 99.90249633789062, 31: 99.9749984741211, 32: 99.99250030517578, 33: 99.99500274658203, 34: 100.0, 35: 99.99749755859375, 36: 100.0, 37: 100.0, 38: 100.0, 39: 100.0, 40: 100.0}
[10/10/2022 19:52:04 INFO]: Val accuracy: {30: 99.9000015258789, 31: 99.97000122070312, 32: 100.0, 33: 100.0, 34: 100.0, 35: 100.0, 36: 100.0, 37: 100.0, 38: 100.0, 39: 100.0, 40: 100.0}
[10/10/2022 19:52:04 INFO]: Test accuracy (hard data): {30: 3.759999990463257, 31: 4.099999904632568, 32: 4.929999828338623, 33: 5.5, 34: 6.179999828338623, 35: 6.809999942779541, 36: 7.460000038146973, 37: 8.0600004196167, 38: 8.75, 39: 9.329999923706055, 40: 10.1899995803833}
[10/10/2022 19:52:04 INFO]: Saving model to: model_.pth
[10/10/2022 19:52:05 INFO]: OrderedDict([('max_iters', 30), ('run_id', 'algal-Collyn'), ('test_acc', {30: 3.759999990463257, 31: 4.099999904632568, 32: 4.929999828338623, 33: 5.5, 34: 6.179999828338623, 35: 6.809999942779541, 36: 7.460000038146973, 37: 8.0600004196167, 38: 8.75, 39: 9.329999923706055, 40: 10.1899995803833}), ('test_data', 33), ('test_iters', [30, 31, 32, 33, 34, 35, 36, 37, 38, 39, 40]), ('test_mode', 'default'), ('train_data', 9), ('train_acc', {30: 99.90249633789062, 31: 99.9749984741211, 32: 99.99250030517578, 33: 99.99500274658203, 34: 100.0, 35: 99.99749755859375, 36: 100.0, 37: 100.0, 38: 100.0, 39: 100.0, 40: 100.0}), ('val_acc', {30: 99.9000015258789, 31: 99.97000122070312, 32: 100.0, 33: 100.0, 34: 100.0, 35: 100.0, 36: 100.0, 37: 100.0, 38: 100.0, 39: 100.0, 40: 100.0})])
