[10/09/2022 14:46:26 INFO]: 
_________________________________________________

[10/09/2022 14:46:26 INFO]: train_model.py main() running.
[10/09/2022 14:46:26 INFO]: problem:
  hyp:
    alpha: 0.0
    clip: null
    epochs: 50
    lr: 0.001
    lr_decay: step
    lr_factor: 0.1
    lr_schedule:
    - 100
    lr_throttle: true
    optimizer: adam
    save_period: -1
    test_batch_size: 25
    test_mode: default
    train_batch_size: 50
    train_mode: progressive
    val_period: 20
    warmup_period: 10
  model:
    model: dt_net_2d
    model_path: null
    width: 128
    max_iters: 30
    test_iterations:
      low: 30
      high: 40
  name: mazes
  test_data: 33
  train_data: 9
train_log: train_log
name: mazes_ablation
run_id: boughten-Lao

Downloading https://cs.umd.edu/~tomg/download/Easy_to_Hard_Datav2/maze_data_train_9.tar.gz
Loading mazes of size 9 x 9.
Downloading https://cs.umd.edu/~tomg/download/Easy_to_Hard_Datav2/maze_data_test_33.tar.gz
Loading mazes of size 33 x 33.
[10/09/2022 14:47:24 INFO]: This dt_net_2d has 0.633 million parameters.
[10/09/2022 14:47:24 INFO]: Training will start at epoch 0.
[10/09/2022 14:47:24 INFO]: ==> Starting training for 50 epochs...
[10/09/2022 14:50:40 INFO]: Training loss at epoch 0: 0.700328614488244
[10/09/2022 14:50:40 INFO]: Training accuracy at epoch 0: 0.0
[10/09/2022 14:50:40 INFO]: Val accuracy at epoch 0: 0.0
[10/09/2022 14:50:40 INFO]: Saving model to: model_best.pth
[10/09/2022 14:53:58 INFO]: Training loss at epoch 1: 0.5632384866476059
[10/09/2022 14:53:58 INFO]: Training accuracy at epoch 1: 0.0
[10/09/2022 14:53:58 INFO]: Val accuracy at epoch 1: 0.0
[10/09/2022 14:53:58 INFO]: Saving model to: model_.pth
[10/09/2022 14:57:14 INFO]: Training loss at epoch 2: 0.5051752551272511
[10/09/2022 14:57:14 INFO]: Training accuracy at epoch 2: 0.0
[10/09/2022 14:57:14 INFO]: Val accuracy at epoch 2: 0.0
[10/09/2022 14:57:14 INFO]: Saving model to: model_.pth
[10/09/2022 15:00:34 INFO]: Training loss at epoch 3: 0.45750013303011655
[10/09/2022 15:00:34 INFO]: Training accuracy at epoch 3: 0.0125
[10/09/2022 15:00:34 INFO]: Val accuracy at epoch 3: 0.0
[10/09/2022 15:00:34 INFO]: Saving model to: model_.pth
[10/09/2022 15:03:50 INFO]: Training loss at epoch 4: 0.4522724141180515
[10/09/2022 15:03:50 INFO]: Training accuracy at epoch 4: 0.0525
[10/09/2022 15:03:50 INFO]: Val accuracy at epoch 4: 0.0
[10/09/2022 15:03:50 INFO]: Saving model to: model_.pth
[10/09/2022 15:07:07 INFO]: Training loss at epoch 5: 0.4330477797612548
[10/09/2022 15:07:07 INFO]: Training accuracy at epoch 5: 0.12
[10/09/2022 15:07:07 INFO]: Val accuracy at epoch 5: 0.28999999165534973
[10/09/2022 15:07:07 INFO]: Saving model to: model_best.pth
[10/09/2022 15:10:23 INFO]: Training loss at epoch 6: 0.34902263440191744
[10/09/2022 15:10:23 INFO]: Training accuracy at epoch 6: 0.6275
[10/09/2022 15:10:23 INFO]: Val accuracy at epoch 6: 0.5
[10/09/2022 15:10:23 INFO]: Saving model to: model_best.pth
[10/09/2022 15:13:39 INFO]: Training loss at epoch 7: 0.2928170969709754
[10/09/2022 15:13:40 INFO]: Training accuracy at epoch 7: 2.425
[10/09/2022 15:13:40 INFO]: Val accuracy at epoch 7: 3.6600000858306885
[10/09/2022 15:13:40 INFO]: Saving model to: model_best.pth
[10/09/2022 15:16:56 INFO]: Training loss at epoch 8: 0.2459163744188845
[10/09/2022 15:16:56 INFO]: Training accuracy at epoch 8: 7.1825
[10/09/2022 15:16:56 INFO]: Val accuracy at epoch 8: 17.34000015258789
[10/09/2022 15:16:56 INFO]: Saving model to: model_best.pth
[10/09/2022 15:20:13 INFO]: Training loss at epoch 9: 0.20220296672545374
[10/09/2022 15:20:13 INFO]: Training accuracy at epoch 9: 15.1325
[10/09/2022 15:20:13 INFO]: Val accuracy at epoch 9: 25.719999313354492
[10/09/2022 15:20:13 INFO]: Saving model to: model_best.pth
[10/09/2022 15:23:29 INFO]: Training loss at epoch 10: 0.11624737784732134
[10/09/2022 15:23:29 INFO]: Training accuracy at epoch 10: 37.69
[10/09/2022 15:23:29 INFO]: Val accuracy at epoch 10: 48.0
[10/09/2022 15:23:29 INFO]: Saving model to: model_best.pth
[10/09/2022 15:26:46 INFO]: Training loss at epoch 11: 0.05973061539698392
[10/09/2022 15:26:46 INFO]: Training accuracy at epoch 11: 61.575
[10/09/2022 15:26:46 INFO]: Val accuracy at epoch 11: 75.41000366210938
[10/09/2022 15:26:46 INFO]: Saving model to: model_best.pth
[10/09/2022 15:30:02 INFO]: Training loss at epoch 12: 0.041421496014227156
[10/09/2022 15:30:02 INFO]: Training accuracy at epoch 12: 73.2425
[10/09/2022 15:30:02 INFO]: Val accuracy at epoch 12: 83.4800033569336
[10/09/2022 15:30:02 INFO]: Saving model to: model_best.pth
[10/09/2022 15:33:20 INFO]: Training loss at epoch 13: 0.02224259294634976
[10/09/2022 15:33:20 INFO]: Training accuracy at epoch 13: 83.665
[10/09/2022 15:33:20 INFO]: Val accuracy at epoch 13: 89.43000030517578
[10/09/2022 15:33:20 INFO]: Saving model to: model_best.pth
[10/09/2022 15:36:36 INFO]: Training loss at epoch 14: 0.02077782763510186
[10/09/2022 15:36:36 INFO]: Training accuracy at epoch 14: 85.8075
[10/09/2022 15:36:36 INFO]: Val accuracy at epoch 14: 86.05000305175781
[10/09/2022 15:36:36 INFO]: Saving model to: model_.pth
[10/09/2022 15:39:53 INFO]: Training loss at epoch 15: 0.012556056590892695
[10/09/2022 15:39:53 INFO]: Training accuracy at epoch 15: 90.955
[10/09/2022 15:39:53 INFO]: Val accuracy at epoch 15: 83.91999816894531
[10/09/2022 15:39:53 INFO]: Saving model to: model_.pth
[10/09/2022 15:43:10 INFO]: Training loss at epoch 16: 0.017696592949309888
[10/09/2022 15:43:10 INFO]: Training accuracy at epoch 16: 89.9175
[10/09/2022 15:43:10 INFO]: Val accuracy at epoch 16: 88.52999877929688
[10/09/2022 15:43:10 INFO]: Saving model to: model_.pth
[10/09/2022 15:46:26 INFO]: Training loss at epoch 17: 0.005571863866678086
[10/09/2022 15:46:26 INFO]: Training accuracy at epoch 17: 95.4625
[10/09/2022 15:46:26 INFO]: Val accuracy at epoch 17: 96.04000091552734
[10/09/2022 15:46:26 INFO]: Saving model to: model_best.pth
[10/09/2022 15:49:43 INFO]: Training loss at epoch 18: 0.009697958540543823
[10/09/2022 15:49:43 INFO]: Training accuracy at epoch 18: 93.815
[10/09/2022 15:49:43 INFO]: Val accuracy at epoch 18: 98.05000305175781
[10/09/2022 15:49:43 INFO]: Saving model to: model_best.pth
[10/09/2022 15:53:00 INFO]: Training loss at epoch 19: 0.007562590539674829
[10/09/2022 15:53:00 INFO]: Training accuracy at epoch 19: 95.2325
[10/09/2022 15:53:00 INFO]: Val accuracy at epoch 19: 99.41000366210938
[10/09/2022 15:58:02 INFO]: Training accuracy: {30: 99.53250122070312, 31: 99.62000274658203, 32: 99.66500091552734, 33: 99.65499877929688, 34: 99.59500122070312, 35: 99.42749786376953, 36: 99.16000366210938, 37: 98.76499938964844, 38: 97.98500061035156, 39: 96.8324966430664, 40: 95.45249938964844}
[10/09/2022 15:58:02 INFO]: Val accuracy: {30: 99.41000366210938, 31: 99.45999908447266, 32: 99.5199966430664, 33: 99.5999984741211, 34: 99.56999969482422, 35: 99.43000030517578, 36: 99.16000366210938, 37: 98.66000366210938, 38: 97.73999786376953, 39: 96.77999877929688, 40: 95.2699966430664}
[10/09/2022 15:58:02 INFO]: Test accuracy (hard data): {30: 0.0, 31: 0.0, 32: 0.0, 33: 0.0, 34: 0.009999999776482582, 35: 0.03999999910593033, 36: 0.05999999865889549, 37: 0.07999999821186066, 38: 0.10000000149011612, 39: 0.07000000029802322, 40: 0.07000000029802322}
[10/09/2022 15:58:02 INFO]: Saving model to: model_best.pth
[10/09/2022 16:01:19 INFO]: Training loss at epoch 20: 0.027846961479255583
[10/09/2022 16:01:19 INFO]: Training accuracy at epoch 20: 92.37
[10/09/2022 16:01:19 INFO]: Val accuracy at epoch 20: 3.549999952316284
[10/09/2022 16:01:19 INFO]: Saving model to: model_.pth
[10/09/2022 16:04:36 INFO]: Training loss at epoch 21: 0.012593009455520133
[10/09/2022 16:04:36 INFO]: Training accuracy at epoch 21: 92.6975
[10/09/2022 16:04:36 INFO]: Val accuracy at epoch 21: 99.26000213623047
[10/09/2022 16:04:36 INFO]: Saving model to: model_.pth
[10/09/2022 16:07:52 INFO]: Training loss at epoch 22: 0.0028299466705560407
[10/09/2022 16:07:52 INFO]: Training accuracy at epoch 22: 97.8675
[10/09/2022 16:07:52 INFO]: Val accuracy at epoch 22: 91.55000305175781
[10/09/2022 16:07:52 INFO]: Saving model to: model_.pth
[10/09/2022 16:11:09 INFO]: Training loss at epoch 23: 0.0024352752599921955
[10/09/2022 16:11:09 INFO]: Training accuracy at epoch 23: 97.95
[10/09/2022 16:11:09 INFO]: Val accuracy at epoch 23: 98.19999694824219
[10/09/2022 16:11:09 INFO]: Saving model to: model_.pth
[10/09/2022 16:14:25 INFO]: Training loss at epoch 24: 0.037275692862922656
[10/09/2022 16:14:25 INFO]: Training accuracy at epoch 24: 87.055
[10/09/2022 16:14:25 INFO]: Val accuracy at epoch 24: 98.73999786376953
[10/09/2022 16:14:25 INFO]: Saving model to: model_.pth
[10/09/2022 16:17:44 INFO]: Training loss at epoch 25: 0.013001317031731787
[10/09/2022 16:17:44 INFO]: Training accuracy at epoch 25: 94.0775
[10/09/2022 16:17:44 INFO]: Val accuracy at epoch 25: 99.04000091552734
[10/09/2022 16:17:44 INFO]: Saving model to: model_.pth
[10/09/2022 16:21:00 INFO]: Training loss at epoch 26: 0.0017627296441347085
[10/09/2022 16:21:00 INFO]: Training accuracy at epoch 26: 98.54
[10/09/2022 16:21:00 INFO]: Val accuracy at epoch 26: 99.44000244140625
[10/09/2022 16:21:00 INFO]: Saving model to: model_best.pth
[10/09/2022 16:24:17 INFO]: Training loss at epoch 27: 0.00013854187775269366
[10/09/2022 16:24:17 INFO]: Training accuracy at epoch 27: 99.81
[10/09/2022 16:24:17 INFO]: Val accuracy at epoch 27: 99.88999938964844
[10/09/2022 16:24:17 INFO]: Saving model to: model_best.pth
[10/09/2022 16:27:33 INFO]: Training loss at epoch 28: 0.010897298160144614
[10/09/2022 16:27:33 INFO]: Training accuracy at epoch 28: 95.6825
[10/09/2022 16:27:33 INFO]: Val accuracy at epoch 28: 95.88999938964844
[10/09/2022 16:27:33 INFO]: Saving model to: model_.pth
[10/09/2022 16:30:50 INFO]: Training loss at epoch 29: 0.001017908139736612
[10/09/2022 16:30:50 INFO]: Training accuracy at epoch 29: 99.145
[10/09/2022 16:30:50 INFO]: Val accuracy at epoch 29: 98.37000274658203
[10/09/2022 16:30:50 INFO]: Saving model to: model_.pth
[10/09/2022 16:34:07 INFO]: Training loss at epoch 30: 0.0020795058778462837
[10/09/2022 16:34:07 INFO]: Training accuracy at epoch 30: 98.3725
[10/09/2022 16:34:07 INFO]: Val accuracy at epoch 30: 98.98999786376953
[10/09/2022 16:34:07 INFO]: Saving model to: model_.pth
[10/09/2022 16:37:23 INFO]: Training loss at epoch 31: 0.0018860368462711463
[10/09/2022 16:37:23 INFO]: Training accuracy at epoch 31: 98.645
[10/09/2022 16:37:23 INFO]: Val accuracy at epoch 31: 97.05999755859375
[10/09/2022 16:37:23 INFO]: Saving model to: model_.pth
[10/09/2022 16:40:40 INFO]: Training loss at epoch 32: 0.0013214448849561311
[10/09/2022 16:40:40 INFO]: Training accuracy at epoch 32: 99.07
[10/09/2022 16:40:40 INFO]: Val accuracy at epoch 32: 99.0199966430664
[10/09/2022 16:40:40 INFO]: Saving model to: model_.pth
[10/09/2022 16:43:56 INFO]: Training loss at epoch 33: 0.0030607908441139743
[10/09/2022 16:43:56 INFO]: Training accuracy at epoch 33: 97.785
[10/09/2022 16:43:56 INFO]: Val accuracy at epoch 33: 99.7699966430664
[10/09/2022 16:43:56 INFO]: Saving model to: model_.pth
[10/09/2022 16:47:13 INFO]: Training loss at epoch 34: 2.5888343984412643e-05
[10/09/2022 16:47:13 INFO]: Training accuracy at epoch 34: 99.965
[10/09/2022 16:47:13 INFO]: Val accuracy at epoch 34: 99.97000122070312
[10/09/2022 16:47:13 INFO]: Saving model to: model_best.pth
[10/09/2022 16:50:29 INFO]: Training loss at epoch 35: 1.5733283735919201e-06
[10/09/2022 16:50:29 INFO]: Training accuracy at epoch 35: 100.0
[10/09/2022 16:50:29 INFO]: Val accuracy at epoch 35: 99.9800033569336
[10/09/2022 16:50:29 INFO]: Saving model to: model_best.pth
[10/09/2022 16:53:46 INFO]: Training loss at epoch 36: 0.13943950284115136
[10/09/2022 16:53:46 INFO]: Training accuracy at epoch 36: 64.96
[10/09/2022 16:53:46 INFO]: Val accuracy at epoch 36: 0.0
[10/09/2022 16:53:46 INFO]: Saving model to: model_.pth
[10/09/2022 16:57:02 INFO]: Training loss at epoch 37: 0.05843285244241827
[10/09/2022 16:57:02 INFO]: Training accuracy at epoch 37: 79.5225
[10/09/2022 16:57:02 INFO]: Val accuracy at epoch 37: 99.22000122070312
[10/09/2022 16:57:02 INFO]: Saving model to: model_.pth
[10/09/2022 17:00:19 INFO]: Training loss at epoch 38: 0.001669179613879379
[10/09/2022 17:00:19 INFO]: Training accuracy at epoch 38: 98.715
[10/09/2022 17:00:19 INFO]: Val accuracy at epoch 38: 99.87000274658203
[10/09/2022 17:00:19 INFO]: Saving model to: model_.pth
[10/09/2022 17:03:35 INFO]: Training loss at epoch 39: 0.003003294958216145
[10/09/2022 17:03:35 INFO]: Training accuracy at epoch 39: 98.0925
[10/09/2022 17:03:35 INFO]: Val accuracy at epoch 39: 99.86000061035156
[10/09/2022 17:08:39 INFO]: Training accuracy: {30: 99.88249969482422, 31: 99.88749694824219, 32: 99.83499908447266, 33: 99.80750274658203, 34: 99.73750305175781, 35: 99.60749816894531, 36: 99.43250274658203, 37: 99.19999694824219, 38: 98.83999633789062, 39: 98.33999633789062, 40: 97.69750213623047}
[10/09/2022 17:08:39 INFO]: Val accuracy: {30: 99.86000061035156, 31: 99.91999816894531, 32: 99.91000366210938, 33: 99.86000061035156, 34: 99.80000305175781, 35: 99.70999908447266, 36: 99.52999877929688, 37: 99.33999633789062, 38: 99.05999755859375, 39: 98.66999816894531, 40: 97.87999725341797}
[10/09/2022 17:08:39 INFO]: Test accuracy (hard data): {30: 0.1899999976158142, 31: 0.2800000011920929, 32: 0.3799999952316284, 33: 0.4000000059604645, 34: 0.44999998807907104, 35: 0.4300000071525574, 36: 0.4399999976158142, 37: 0.4699999988079071, 38: 0.46000000834465027, 39: 0.41999998688697815, 40: 0.3499999940395355}
[10/09/2022 17:08:39 INFO]: Saving model to: model_.pth
[10/09/2022 17:11:56 INFO]: Training loss at epoch 40: 9.226707137866442e-05
[10/09/2022 17:11:56 INFO]: Training accuracy at epoch 40: 99.8725
[10/09/2022 17:11:56 INFO]: Val accuracy at epoch 40: 99.95999908447266
[10/09/2022 17:11:56 INFO]: Saving model to: model_.pth
[10/09/2022 17:15:12 INFO]: Training loss at epoch 41: 2.228313934100612e-06
[10/09/2022 17:15:12 INFO]: Training accuracy at epoch 41: 99.9975
[10/09/2022 17:15:12 INFO]: Val accuracy at epoch 41: 99.9800033569336
[10/09/2022 17:15:12 INFO]: Saving model to: model_.pth
[10/09/2022 17:18:28 INFO]: Training loss at epoch 42: 2.5662160233430597e-06
[10/09/2022 17:18:28 INFO]: Training accuracy at epoch 42: 99.9975
[10/09/2022 17:18:28 INFO]: Val accuracy at epoch 42: 99.9800033569336
[10/09/2022 17:18:28 INFO]: Saving model to: model_.pth
[10/09/2022 17:21:45 INFO]: Training loss at epoch 43: 0.00558458600610404
[10/09/2022 17:21:45 INFO]: Training accuracy at epoch 43: 97.2
[10/09/2022 17:21:45 INFO]: Val accuracy at epoch 43: 99.29000091552734
[10/09/2022 17:21:45 INFO]: Saving model to: model_.pth
[10/09/2022 17:25:01 INFO]: Training loss at epoch 44: 0.00431755646841518
[10/09/2022 17:25:01 INFO]: Training accuracy at epoch 44: 98.245
[10/09/2022 17:25:01 INFO]: Val accuracy at epoch 44: 80.23999786376953
[10/09/2022 17:25:01 INFO]: Saving model to: model_.pth
[10/09/2022 17:28:18 INFO]: Training loss at epoch 45: 0.0009367891778783388
[10/09/2022 17:28:18 INFO]: Training accuracy at epoch 45: 99.1875
[10/09/2022 17:28:18 INFO]: Val accuracy at epoch 45: 99.94000244140625
[10/09/2022 17:28:18 INFO]: Saving model to: model_.pth
[10/09/2022 17:31:34 INFO]: Training loss at epoch 46: 2.5639508780477272e-05
[10/09/2022 17:31:34 INFO]: Training accuracy at epoch 46: 99.93
[10/09/2022 17:31:34 INFO]: Val accuracy at epoch 46: 99.66999816894531
[10/09/2022 17:31:34 INFO]: Saving model to: model_.pth
[10/09/2022 17:34:55 INFO]: Training loss at epoch 47: 0.0034225232068666143
[10/09/2022 17:34:55 INFO]: Training accuracy at epoch 47: 98.125
[10/09/2022 17:34:55 INFO]: Val accuracy at epoch 47: 99.94999694824219
[10/09/2022 17:34:55 INFO]: Saving model to: model_.pth
[10/09/2022 17:38:12 INFO]: Training loss at epoch 48: 1.7012090279138192e-05
[10/09/2022 17:38:12 INFO]: Training accuracy at epoch 48: 99.975
[10/09/2022 17:38:12 INFO]: Val accuracy at epoch 48: 99.80000305175781
[10/09/2022 17:38:12 INFO]: Saving model to: model_.pth
[10/09/2022 17:41:29 INFO]: Training loss at epoch 49: 0.001418453852779713
[10/09/2022 17:41:29 INFO]: Training accuracy at epoch 49: 99.0325
[10/09/2022 17:41:29 INFO]: Val accuracy at epoch 49: 99.95999908447266
[10/09/2022 17:46:33 INFO]: Training accuracy: {30: 99.9800033569336, 31: 99.98999786376953, 32: 99.99250030517578, 33: 99.98999786376953, 34: 99.98750305175781, 35: 99.97750091552734, 36: 99.96499633789062, 37: 99.94750213623047, 38: 99.92250061035156, 39: 99.88500213623047, 40: 99.82499694824219}
[10/09/2022 17:46:33 INFO]: Val accuracy: {30: 99.95999908447266, 31: 99.95999908447266, 32: 99.95999908447266, 33: 99.9800033569336, 34: 99.97000122070312, 35: 99.95999908447266, 36: 99.97000122070312, 37: 99.94999694824219, 38: 99.94999694824219, 39: 99.86000061035156, 40: 99.7699966430664}
[10/09/2022 17:46:33 INFO]: Test accuracy (hard data): {30: 0.029999999329447746, 31: 0.009999999776482582, 32: 0.05999999865889549, 33: 0.07999999821186066, 34: 0.07999999821186066, 35: 0.11999999731779099, 36: 0.15000000596046448, 37: 0.11999999731779099, 38: 0.12999999523162842, 39: 0.10000000149011612, 40: 0.11999999731779099}
[10/09/2022 17:46:33 INFO]: Saving model to: model_.pth
[10/09/2022 17:46:33 INFO]: OrderedDict([('max_iters', 30), ('run_id', 'boughten-Lao'), ('test_acc', {30: 0.029999999329447746, 31: 0.009999999776482582, 32: 0.05999999865889549, 33: 0.07999999821186066, 34: 0.07999999821186066, 35: 0.11999999731779099, 36: 0.15000000596046448, 37: 0.11999999731779099, 38: 0.12999999523162842, 39: 0.10000000149011612, 40: 0.11999999731779099}), ('test_data', 33), ('test_iters', [30, 31, 32, 33, 34, 35, 36, 37, 38, 39, 40]), ('test_mode', 'default'), ('train_data', 9), ('train_acc', {30: 99.9800033569336, 31: 99.98999786376953, 32: 99.99250030517578, 33: 99.98999786376953, 34: 99.98750305175781, 35: 99.97750091552734, 36: 99.96499633789062, 37: 99.94750213623047, 38: 99.92250061035156, 39: 99.88500213623047, 40: 99.82499694824219}), ('val_acc', {30: 99.95999908447266, 31: 99.95999908447266, 32: 99.95999908447266, 33: 99.9800033569336, 34: 99.97000122070312, 35: 99.95999908447266, 36: 99.97000122070312, 37: 99.94999694824219, 38: 99.94999694824219, 39: 99.86000061035156, 40: 99.7699966430664})])
